[1.247s] Invoking command in '/home/colby/srs_ws/src/picking_info': PYTHONPATH=/home/colby/srs_ws/build/picking_info/prefix_override:/usr/lib/python3/dist-packages/colcon_core/task/python/colcon_distutils_commands:/home/colby/srs_ws/install/picking_info/lib/python3.10/site-packages:${PYTHONPATH} /usr/bin/python3 -W ignore:setup.py install is deprecated -W ignore:easy_install command is deprecated setup.py egg_info --egg-base ../../build/picking_info build --build-base /home/colby/srs_ws/build/picking_info/build install --record /home/colby/srs_ws/build/picking_info/install.log --single-version-externally-managed install_data
[1.425s] running egg_info
[1.435s] writing ../../build/picking_info/picking_info.egg-info/PKG-INFO
[1.437s] writing dependency_links to ../../build/picking_info/picking_info.egg-info/dependency_links.txt
[1.437s] writing entry points to ../../build/picking_info/picking_info.egg-info/entry_points.txt
[1.437s] writing requirements to ../../build/picking_info/picking_info.egg-info/requires.txt
[1.437s] writing top-level names to ../../build/picking_info/picking_info.egg-info/top_level.txt
[1.459s] reading manifest file '../../build/picking_info/picking_info.egg-info/SOURCES.txt'
[1.460s] writing manifest file '../../build/picking_info/picking_info.egg-info/SOURCES.txt'
[1.460s] running build
[1.460s] running build_py
[1.460s] copying picking_info/gripper_orientation_farthest_centroid.py -> /home/colby/srs_ws/build/picking_info/build/lib/picking_info
[1.460s] copying picking_info/gripper_orientation_basic.py -> /home/colby/srs_ws/build/picking_info/build/lib/picking_info
[1.460s] copying picking_info/save_cluster_coords.py -> /home/colby/srs_ws/build/picking_info/build/lib/picking_info
[1.461s] copying picking_info/__init__.py -> /home/colby/srs_ws/build/picking_info/build/lib/picking_info
[1.461s] copying picking_info/gripper_orientation_z_order.py -> /home/colby/srs_ws/build/picking_info/build/lib/picking_info
[1.461s] running install
[1.464s] running install_lib
[1.474s] copying /home/colby/srs_ws/build/picking_info/build/lib/picking_info/save_cluster_coords.py -> /home/colby/srs_ws/install/picking_info/lib/python3.10/site-packages/picking_info
[1.475s] byte-compiling /home/colby/srs_ws/install/picking_info/lib/python3.10/site-packages/picking_info/save_cluster_coords.py to save_cluster_coords.cpython-310.pyc
[1.475s] running install_data
[1.476s] copying resource/picking_info -> /home/colby/srs_ws/install/picking_info/share/ament_index/resource_index/packages
[1.476s] copying package.xml -> /home/colby/srs_ws/install/picking_info/share/picking_info
[1.476s] running install_egg_info
[1.488s] removing '/home/colby/srs_ws/install/picking_info/lib/python3.10/site-packages/picking_info-0.0.0-py3.10.egg-info' (and everything under it)
[1.488s] Copying ../../build/picking_info/picking_info.egg-info to /home/colby/srs_ws/install/picking_info/lib/python3.10/site-packages/picking_info-0.0.0-py3.10.egg-info
[1.489s] running install_scripts
[1.569s] Installing gripper_orientation_basic script to /home/colby/srs_ws/install/picking_info/lib/picking_info
[1.569s] Installing gripper_orientation_farthest_centroid script to /home/colby/srs_ws/install/picking_info/lib/picking_info
[1.570s] Installing gripper_orientation_z_order script to /home/colby/srs_ws/install/picking_info/lib/picking_info
[1.570s] Installing save_cluster_coords script to /home/colby/srs_ws/install/picking_info/lib/picking_info
[1.570s] writing list of installed files to '/home/colby/srs_ws/build/picking_info/install.log'
[1.620s] Invoked command in '/home/colby/srs_ws/src/picking_info' returned '0': PYTHONPATH=/home/colby/srs_ws/build/picking_info/prefix_override:/usr/lib/python3/dist-packages/colcon_core/task/python/colcon_distutils_commands:/home/colby/srs_ws/install/picking_info/lib/python3.10/site-packages:${PYTHONPATH} /usr/bin/python3 -W ignore:setup.py install is deprecated -W ignore:easy_install command is deprecated setup.py egg_info --egg-base ../../build/picking_info build --build-base /home/colby/srs_ws/build/picking_info/build install --record /home/colby/srs_ws/build/picking_info/install.log --single-version-externally-managed install_data
