[0.017s] Invoking command in '/home/colby/srs_ws/build/realsense2_camera': CMAKE_PREFIX_PATH=/home/colby/srs_ws/install/realsense2_camera_msgs:/home/colby/srs_ws/install/realsense2_description:/home/colby/srs_ws/install/realsense2_camera:/home/colby/ros2_ws/install/tutorial_interfaces:/home/colby/ros2_ws/install/turtlesim:/home/colby/ros2_ws/install/examples_rclcpp_wait_set:/home/colby/ros2_ws/install/examples_rclcpp_multithreaded_executor:/home/colby/ros2_ws/install/examples_rclcpp_minimal_timer:/home/colby/ros2_ws/install/examples_rclcpp_minimal_subscriber:/home/colby/ros2_ws/install/examples_rclcpp_minimal_service:/home/colby/ros2_ws/install/examples_rclcpp_minimal_publisher:/home/colby/ros2_ws/install/examples_rclcpp_minimal_composition:/home/colby/ros2_ws/install/examples_rclcpp_minimal_client:/home/colby/ros2_ws/install/examples_rclcpp_minimal_action_server:/home/colby/ros2_ws/install/examples_rclcpp_minimal_action_client:/home/colby/ros2_ws/install/examples_rclcpp_cbg_executor:/home/colby/ros2_ws/install/examples_rclcpp_async_client:/home/colby/srs_ws/install/yolo_prediction:/home/colby/srs_ws/install/srs_realsense:/home/colby/srs_ws/install/srs_launch_files:/home/colby/srs_ws/install/srs_control:/home/colby/srs_ws/install/picking_info:/home/colby/ros2_ws/install/py_srvcli:/home/colby/ros2_ws/install/py_pubsub:/home/colby/ros2_ws/install/python_parameters:/home/colby/ros2_ws/install/my_package:/home/colby/ros2_ws/install/launch_testing_examples:/home/colby/ros2_ws/install/examples_rclpy_pointcloud_publisher:/home/colby/ros2_ws/install/examples_rclpy_minimal_subscriber:/home/colby/ros2_ws/install/examples_rclpy_minimal_service:/home/colby/ros2_ws/install/examples_rclpy_minimal_publisher:/home/colby/ros2_ws/install/examples_rclpy_minimal_client:/home/colby/ros2_ws/install/examples_rclpy_minimal_action_server:/home/colby/ros2_ws/install/examples_rclpy_minimal_action_client:/home/colby/ros2_ws/install/examples_rclpy_guard_conditions:/home/colby/ros2_ws/install/examples_rclpy_executors:/opt/ros/humble LD_LIBRARY_PATH=/home/colby/srs_ws/install/realsense2_camera_msgs/lib:/home/colby/srs_ws/install/realsense2_camera/lib:/home/colby/ros2_ws/install/tutorial_interfaces/lib:/home/colby/ros2_ws/install/turtlesim/lib:/home/colby/ros2_ws/install/examples_rclcpp_wait_set/lib:/home/colby/ros2_ws/install/examples_rclcpp_minimal_subscriber/lib:/home/colby/ros2_ws/install/examples_rclcpp_minimal_composition/lib:/opt/ros/humble/opt/rviz_ogre_vendor/lib:/opt/ros/humble/lib/x86_64-linux-gnu:/opt/ros/humble/lib /usr/bin/cmake --build /home/colby/srs_ws/build/realsense2_camera -- -j12 -l12
[0.038s] -- Create Release Build.
[0.038s] -- Found ament_cmake: 1.3.11 (/opt/ros/humble/share/ament_cmake/cmake)
[0.160s] -- Found builtin_interfaces: 1.2.1 (/opt/ros/humble/share/builtin_interfaces/cmake)
[0.174s] -- Found rosidl_generator_c: 3.1.6 (/opt/ros/humble/share/rosidl_generator_c/cmake)
[0.175s] -- Found rosidl_adapter: 3.1.6 (/opt/ros/humble/share/rosidl_adapter/cmake)
[0.178s] -- Found rosidl_generator_cpp: 3.1.6 (/opt/ros/humble/share/rosidl_generator_cpp/cmake)
[0.183s] -- Using all available rosidl_typesupport_c: rosidl_typesupport_fastrtps_c;rosidl_typesupport_introspection_c
[0.190s] -- Using all available rosidl_typesupport_cpp: rosidl_typesupport_fastrtps_cpp;rosidl_typesupport_introspection_cpp
[0.197s] -- Found cv_bridge: 3.2.1 (/opt/ros/humble/share/cv_bridge/cmake)
[0.226s] -- Found image_transport: 3.1.10 (/opt/ros/humble/share/image_transport/cmake)
[0.251s] -- Found rmw_implementation_cmake: 6.1.2 (/opt/ros/humble/share/rmw_implementation_cmake/cmake)
[0.253s] -- Found rmw_cyclonedds_cpp: 1.3.4 (/opt/ros/humble/share/rmw_cyclonedds_cpp/cmake)
[0.267s] -- Using RMW implementation 'rmw_cyclonedds_cpp' as default
[0.304s] -- Found rclcpp_components: 16.0.11 (/opt/ros/humble/share/rclcpp_components/cmake)
[0.315s] -- Found realsense2_camera_msgs: 4.55.1 (/home/colby/srs_ws/install/realsense2_camera_msgs/share/realsense2_camera_msgs/cmake)
[0.325s] -- Found nav_msgs: 4.2.4 (/opt/ros/humble/share/nav_msgs/cmake)
[0.336s] -- Found tf2_ros: 0.25.9 (/opt/ros/humble/share/tf2_ros/cmake)
[0.376s] -- Found diagnostic_updater: 4.0.0 (/opt/ros/humble/share/diagnostic_updater/cmake)
[0.388s] -- Build for ROS2 Humble
[0.395s] -- Found ament_cmake_gtest: 1.3.11 (/opt/ros/humble/share/ament_cmake_gtest/cmake)
[0.396s] -- Found gtest sources under '/opt/ros/humble/src/gtest_vendor': C++ tests using 'Google Test' will be built
[0.398s] -- Found ament_cmake_pytest: 1.3.11 (/opt/ros/humble/share/ament_cmake_pytest/cmake)
[2.777s] -- rs_device_info:
[2.777s] -- No device detected. Is it plugged in?
[2.777s] 
[2.835s] -- Configuring done
[2.862s] -- Generating done
[2.869s] -- Build files have been written to: /home/colby/srs_ws/build/realsense2_camera
[2.890s] [35m[1mConsolidate compiler generated dependencies of target gtest_main[0m
[2.890s] [35m[1mConsolidate compiler generated dependencies of target gtest[0m
[2.890s] [35m[1mConsolidate compiler generated dependencies of target realsense2_camera_node[0m
[2.896s] [35m[1mConsolidate compiler generated dependencies of target realsense2_camera[0m
[2.898s] [ 18%] Built target gtest
[2.898s] [ 18%] Built target gtest_main
[2.899s] [ 22%] [32mBuilding CXX object CMakeFiles/realsense2_camera_node.dir/rclcpp_components/node_main_realsense2_camera_node.cpp.o[0m
[2.903s] [35m[1mConsolidate compiler generated dependencies of target gtest_template[0m
[2.910s] [ 31%] Built target gtest_template
[2.925s] [ 45%] [32mBuilding CXX object CMakeFiles/realsense2_camera.dir/src/realsense_node_factory.cpp.o[0m
[2.925s] [ 45%] [32mBuilding CXX object CMakeFiles/realsense2_camera.dir/src/parameters.cpp.o[0m
[2.925s] [ 45%] [32mBuilding CXX object CMakeFiles/realsense2_camera.dir/src/base_realsense_node.cpp.o[0m
[2.925s] [ 50%] [32mBuilding CXX object CMakeFiles/realsense2_camera.dir/src/rs_node_setup.cpp.o[0m
[2.926s] [ 54%] [32mBuilding CXX object CMakeFiles/realsense2_camera.dir/src/tfs.cpp.o[0m
[5.698s] [ 59%] [32m[1mLinking CXX executable realsense2_camera_node[0m
[5.802s] [ 59%] Built target realsense2_camera_node
[12.820s] [ 63%] [32m[1mLinking CXX shared library librealsense2_camera.so[0m
[13.102s] [100%] Built target realsense2_camera
[13.108s] Invoked command in '/home/colby/srs_ws/build/realsense2_camera' returned '0': CMAKE_PREFIX_PATH=/home/colby/srs_ws/install/realsense2_camera_msgs:/home/colby/srs_ws/install/realsense2_description:/home/colby/srs_ws/install/realsense2_camera:/home/colby/ros2_ws/install/tutorial_interfaces:/home/colby/ros2_ws/install/turtlesim:/home/colby/ros2_ws/install/examples_rclcpp_wait_set:/home/colby/ros2_ws/install/examples_rclcpp_multithreaded_executor:/home/colby/ros2_ws/install/examples_rclcpp_minimal_timer:/home/colby/ros2_ws/install/examples_rclcpp_minimal_subscriber:/home/colby/ros2_ws/install/examples_rclcpp_minimal_service:/home/colby/ros2_ws/install/examples_rclcpp_minimal_publisher:/home/colby/ros2_ws/install/examples_rclcpp_minimal_composition:/home/colby/ros2_ws/install/examples_rclcpp_minimal_client:/home/colby/ros2_ws/install/examples_rclcpp_minimal_action_server:/home/colby/ros2_ws/install/examples_rclcpp_minimal_action_client:/home/colby/ros2_ws/install/examples_rclcpp_cbg_executor:/home/colby/ros2_ws/install/examples_rclcpp_async_client:/home/colby/srs_ws/install/yolo_prediction:/home/colby/srs_ws/install/srs_realsense:/home/colby/srs_ws/install/srs_launch_files:/home/colby/srs_ws/install/srs_control:/home/colby/srs_ws/install/picking_info:/home/colby/ros2_ws/install/py_srvcli:/home/colby/ros2_ws/install/py_pubsub:/home/colby/ros2_ws/install/python_parameters:/home/colby/ros2_ws/install/my_package:/home/colby/ros2_ws/install/launch_testing_examples:/home/colby/ros2_ws/install/examples_rclpy_pointcloud_publisher:/home/colby/ros2_ws/install/examples_rclpy_minimal_subscriber:/home/colby/ros2_ws/install/examples_rclpy_minimal_service:/home/colby/ros2_ws/install/examples_rclpy_minimal_publisher:/home/colby/ros2_ws/install/examples_rclpy_minimal_client:/home/colby/ros2_ws/install/examples_rclpy_minimal_action_server:/home/colby/ros2_ws/install/examples_rclpy_minimal_action_client:/home/colby/ros2_ws/install/examples_rclpy_guard_conditions:/home/colby/ros2_ws/install/examples_rclpy_executors:/opt/ros/humble LD_LIBRARY_PATH=/home/colby/srs_ws/install/realsense2_camera_msgs/lib:/home/colby/srs_ws/install/realsense2_camera/lib:/home/colby/ros2_ws/install/tutorial_interfaces/lib:/home/colby/ros2_ws/install/turtlesim/lib:/home/colby/ros2_ws/install/examples_rclcpp_wait_set/lib:/home/colby/ros2_ws/install/examples_rclcpp_minimal_subscriber/lib:/home/colby/ros2_ws/install/examples_rclcpp_minimal_composition/lib:/opt/ros/humble/opt/rviz_ogre_vendor/lib:/opt/ros/humble/lib/x86_64-linux-gnu:/opt/ros/humble/lib /usr/bin/cmake --build /home/colby/srs_ws/build/realsense2_camera -- -j12 -l12
[13.109s] Invoking command in '/home/colby/srs_ws/build/realsense2_camera': CMAKE_PREFIX_PATH=/home/colby/srs_ws/install/realsense2_camera_msgs:/home/colby/srs_ws/install/realsense2_description:/home/colby/srs_ws/install/realsense2_camera:/home/colby/ros2_ws/install/tutorial_interfaces:/home/colby/ros2_ws/install/turtlesim:/home/colby/ros2_ws/install/examples_rclcpp_wait_set:/home/colby/ros2_ws/install/examples_rclcpp_multithreaded_executor:/home/colby/ros2_ws/install/examples_rclcpp_minimal_timer:/home/colby/ros2_ws/install/examples_rclcpp_minimal_subscriber:/home/colby/ros2_ws/install/examples_rclcpp_minimal_service:/home/colby/ros2_ws/install/examples_rclcpp_minimal_publisher:/home/colby/ros2_ws/install/examples_rclcpp_minimal_composition:/home/colby/ros2_ws/install/examples_rclcpp_minimal_client:/home/colby/ros2_ws/install/examples_rclcpp_minimal_action_server:/home/colby/ros2_ws/install/examples_rclcpp_minimal_action_client:/home/colby/ros2_ws/install/examples_rclcpp_cbg_executor:/home/colby/ros2_ws/install/examples_rclcpp_async_client:/home/colby/srs_ws/install/yolo_prediction:/home/colby/srs_ws/install/srs_realsense:/home/colby/srs_ws/install/srs_launch_files:/home/colby/srs_ws/install/srs_control:/home/colby/srs_ws/install/picking_info:/home/colby/ros2_ws/install/py_srvcli:/home/colby/ros2_ws/install/py_pubsub:/home/colby/ros2_ws/install/python_parameters:/home/colby/ros2_ws/install/my_package:/home/colby/ros2_ws/install/launch_testing_examples:/home/colby/ros2_ws/install/examples_rclpy_pointcloud_publisher:/home/colby/ros2_ws/install/examples_rclpy_minimal_subscriber:/home/colby/ros2_ws/install/examples_rclpy_minimal_service:/home/colby/ros2_ws/install/examples_rclpy_minimal_publisher:/home/colby/ros2_ws/install/examples_rclpy_minimal_client:/home/colby/ros2_ws/install/examples_rclpy_minimal_action_server:/home/colby/ros2_ws/install/examples_rclpy_minimal_action_client:/home/colby/ros2_ws/install/examples_rclpy_guard_conditions:/home/colby/ros2_ws/install/examples_rclpy_executors:/opt/ros/humble LD_LIBRARY_PATH=/home/colby/srs_ws/install/realsense2_camera_msgs/lib:/home/colby/srs_ws/install/realsense2_camera/lib:/home/colby/ros2_ws/install/tutorial_interfaces/lib:/home/colby/ros2_ws/install/turtlesim/lib:/home/colby/ros2_ws/install/examples_rclcpp_wait_set/lib:/home/colby/ros2_ws/install/examples_rclcpp_minimal_subscriber/lib:/home/colby/ros2_ws/install/examples_rclcpp_minimal_composition/lib:/opt/ros/humble/opt/rviz_ogre_vendor/lib:/opt/ros/humble/lib/x86_64-linux-gnu:/opt/ros/humble/lib /usr/bin/cmake --install /home/colby/srs_ws/build/realsense2_camera
[13.114s] -- Install configuration: "Release"
[13.114s] -- Installing: /home/colby/srs_ws/install/realsense2_camera/lib/realsense2_camera/realsense2_camera_node
[13.115s] -- Set runtime path of "/home/colby/srs_ws/install/realsense2_camera/lib/realsense2_camera/realsense2_camera_node" to ""
[13.115s] -- Installing: /home/colby/srs_ws/install/realsense2_camera/lib/librealsense2_camera.so
[13.117s] -- Set runtime path of "/home/colby/srs_ws/install/realsense2_camera/lib/librealsense2_camera.so" to ""
[13.117s] -- Up-to-date: /home/colby/srs_ws/install/realsense2_camera/include
[13.117s] -- Installing: /home/colby/srs_ws/install/realsense2_camera/include/gl_window.h
[13.117s] -- Installing: /home/colby/srs_ws/install/realsense2_camera/include/image_publisher.h
[13.117s] -- Installing: /home/colby/srs_ws/install/realsense2_camera/include/profile_manager.h
[13.117s] -- Installing: /home/colby/srs_ws/install/realsense2_camera/include/dynamic_params.h
[13.117s] -- Installing: /home/colby/srs_ws/install/realsense2_camera/include/ros_utils.h
[13.117s] -- Installing: /home/colby/srs_ws/install/realsense2_camera/include/realsense_node_factory.h
[13.117s] -- Installing: /home/colby/srs_ws/install/realsense2_camera/include/constants.h
[13.117s] -- Installing: /home/colby/srs_ws/install/realsense2_camera/include/sensor_params.h
[13.117s] -- Installing: /home/colby/srs_ws/install/realsense2_camera/include/named_filter.h
[13.117s] -- Installing: /home/colby/srs_ws/install/realsense2_camera/include/ros_sensor.h
[13.117s] -- Installing: /home/colby/srs_ws/install/realsense2_camera/include/ros_param_backend.h
[13.117s] -- Installing: /home/colby/srs_ws/install/realsense2_camera/include/base_realsense_node.h
[13.118s] -- Up-to-date: /home/colby/srs_ws/install/realsense2_camera/share/realsense2_camera/launch
[13.118s] -- Installing: /home/colby/srs_ws/install/realsense2_camera/share/realsense2_camera/launch/rs_launch.py
[13.118s] -- Installing: /home/colby/srs_ws/install/realsense2_camera/share/realsense2_camera/launch/rs_multi_camera_launch.py
[13.118s] -- Installing: /home/colby/srs_ws/install/realsense2_camera/share/realsense2_camera/launch/rs_intra_process_demo_launch.py
[13.118s] -- Installing: /home/colby/srs_ws/install/realsense2_camera/share/realsense2_camera/launch/default.rviz
[13.118s] -- Up-to-date: /home/colby/srs_ws/install/realsense2_camera/share/realsense2_camera/examples
[13.118s] -- Up-to-date: /home/colby/srs_ws/install/realsense2_camera/share/realsense2_camera/examples/pointcloud
[13.118s] -- Installing: /home/colby/srs_ws/install/realsense2_camera/share/realsense2_camera/examples/pointcloud/README.md
[13.118s] -- Installing: /home/colby/srs_ws/install/realsense2_camera/share/realsense2_camera/examples/pointcloud/rs_d455_pointcloud_launch.py
[13.118s] -- Installing: /home/colby/srs_ws/install/realsense2_camera/share/realsense2_camera/examples/pointcloud/rs_d405_pointcloud_launch.py
[13.118s] -- Up-to-date: /home/colby/srs_ws/install/realsense2_camera/share/realsense2_camera/examples/pointcloud/rviz
[13.118s] -- Installing: /home/colby/srs_ws/install/realsense2_camera/share/realsense2_camera/examples/pointcloud/rviz/pointcloud.rviz
[13.118s] -- Installing: /home/colby/srs_ws/install/realsense2_camera/share/realsense2_camera/examples/pointcloud/rviz/urdf_pointcloud.rviz
[13.118s] -- Installing: /home/colby/srs_ws/install/realsense2_camera/share/realsense2_camera/examples/pointcloud/rs_pointcloud_launch.py
[13.118s] -- Up-to-date: /home/colby/srs_ws/install/realsense2_camera/share/realsense2_camera/examples/launch_from_rosbag
[13.118s] -- Installing: /home/colby/srs_ws/install/realsense2_camera/share/realsense2_camera/examples/launch_from_rosbag/rs_launch_from_rosbag.py
[13.118s] -- Installing: /home/colby/srs_ws/install/realsense2_camera/share/realsense2_camera/examples/launch_from_rosbag/README.md
[13.118s] -- Up-to-date: /home/colby/srs_ws/install/realsense2_camera/share/realsense2_camera/examples/align_depth
[13.118s] -- Installing: /home/colby/srs_ws/install/realsense2_camera/share/realsense2_camera/examples/align_depth/rs_align_depth_launch.py
[13.118s] -- Installing: /home/colby/srs_ws/install/realsense2_camera/share/realsense2_camera/examples/align_depth/README.md
[13.118s] -- Up-to-date: /home/colby/srs_ws/install/realsense2_camera/share/realsense2_camera/examples/dual_camera
[13.118s] -- Installing: /home/colby/srs_ws/install/realsense2_camera/share/realsense2_camera/examples/dual_camera/README.md
[13.118s] -- Up-to-date: /home/colby/srs_ws/install/realsense2_camera/share/realsense2_camera/examples/dual_camera/rviz
[13.118s] -- Installing: /home/colby/srs_ws/install/realsense2_camera/share/realsense2_camera/examples/dual_camera/rviz/dual_camera_pointcloud.rviz
[13.118s] -- Installing: /home/colby/srs_ws/install/realsense2_camera/share/realsense2_camera/examples/dual_camera/rs_dual_camera_launch.py
[13.118s] -- Up-to-date: /home/colby/srs_ws/install/realsense2_camera/share/realsense2_camera/examples/launch_params_from_file
[13.119s] -- Installing: /home/colby/srs_ws/install/realsense2_camera/share/realsense2_camera/examples/launch_params_from_file/README.md
[13.119s] -- Installing: /home/colby/srs_ws/install/realsense2_camera/share/realsense2_camera/examples/launch_params_from_file/rs_launch_get_params_from_yaml.py
[13.119s] -- Up-to-date: /home/colby/srs_ws/install/realsense2_camera/share/realsense2_camera/examples/launch_params_from_file/config
[13.119s] -- Installing: /home/colby/srs_ws/install/realsense2_camera/share/realsense2_camera/examples/launch_params_from_file/config/config.yaml
[13.119s] -- Installing: /home/colby/srs_ws/install/realsense2_camera/share/realsense2_camera/environment/library_path.sh
[13.119s] -- Installing: /home/colby/srs_ws/install/realsense2_camera/share/realsense2_camera/environment/library_path.dsv
[13.119s] -- Up-to-date: /home/colby/srs_ws/install/realsense2_camera/share/ament_index/resource_index/package_run_dependencies/realsense2_camera
[13.119s] -- Installing: /home/colby/srs_ws/install/realsense2_camera/share/ament_index/resource_index/parent_prefix_path/realsense2_camera
[13.119s] -- Installing: /home/colby/srs_ws/install/realsense2_camera/share/realsense2_camera/environment/ament_prefix_path.sh
[13.119s] -- Installing: /home/colby/srs_ws/install/realsense2_camera/share/realsense2_camera/environment/ament_prefix_path.dsv
[13.119s] -- Installing: /home/colby/srs_ws/install/realsense2_camera/share/realsense2_camera/environment/path.sh
[13.119s] -- Installing: /home/colby/srs_ws/install/realsense2_camera/share/realsense2_camera/environment/path.dsv
[13.119s] -- Up-to-date: /home/colby/srs_ws/install/realsense2_camera/share/realsense2_camera/local_setup.bash
[13.119s] -- Up-to-date: /home/colby/srs_ws/install/realsense2_camera/share/realsense2_camera/local_setup.sh
[13.119s] -- Up-to-date: /home/colby/srs_ws/install/realsense2_camera/share/realsense2_camera/local_setup.zsh
[13.119s] -- Installing: /home/colby/srs_ws/install/realsense2_camera/share/realsense2_camera/local_setup.dsv
[13.119s] -- Installing: /home/colby/srs_ws/install/realsense2_camera/share/realsense2_camera/package.dsv
[13.119s] -- Up-to-date: /home/colby/srs_ws/install/realsense2_camera/share/ament_index/resource_index/packages/realsense2_camera
[13.119s] -- Up-to-date: /home/colby/srs_ws/install/realsense2_camera/share/ament_index/resource_index/rclcpp_components/realsense2_camera
[13.119s] -- Up-to-date: /home/colby/srs_ws/install/realsense2_camera/share/realsense2_camera/cmake/ament_cmake_export_include_directories-extras.cmake
[13.119s] -- Up-to-date: /home/colby/srs_ws/install/realsense2_camera/share/realsense2_camera/cmake/ament_cmake_export_libraries-extras.cmake
[13.119s] -- Up-to-date: /home/colby/srs_ws/install/realsense2_camera/share/realsense2_camera/cmake/ament_cmake_export_dependencies-extras.cmake
[13.119s] -- Up-to-date: /home/colby/srs_ws/install/realsense2_camera/share/realsense2_camera/cmake/realsense2_cameraConfig.cmake
[13.119s] -- Up-to-date: /home/colby/srs_ws/install/realsense2_camera/share/realsense2_camera/cmake/realsense2_cameraConfig-version.cmake
[13.119s] -- Installing: /home/colby/srs_ws/install/realsense2_camera/share/realsense2_camera/package.xml
[13.121s] Invoked command in '/home/colby/srs_ws/build/realsense2_camera' returned '0': CMAKE_PREFIX_PATH=/home/colby/srs_ws/install/realsense2_camera_msgs:/home/colby/srs_ws/install/realsense2_description:/home/colby/srs_ws/install/realsense2_camera:/home/colby/ros2_ws/install/tutorial_interfaces:/home/colby/ros2_ws/install/turtlesim:/home/colby/ros2_ws/install/examples_rclcpp_wait_set:/home/colby/ros2_ws/install/examples_rclcpp_multithreaded_executor:/home/colby/ros2_ws/install/examples_rclcpp_minimal_timer:/home/colby/ros2_ws/install/examples_rclcpp_minimal_subscriber:/home/colby/ros2_ws/install/examples_rclcpp_minimal_service:/home/colby/ros2_ws/install/examples_rclcpp_minimal_publisher:/home/colby/ros2_ws/install/examples_rclcpp_minimal_composition:/home/colby/ros2_ws/install/examples_rclcpp_minimal_client:/home/colby/ros2_ws/install/examples_rclcpp_minimal_action_server:/home/colby/ros2_ws/install/examples_rclcpp_minimal_action_client:/home/colby/ros2_ws/install/examples_rclcpp_cbg_executor:/home/colby/ros2_ws/install/examples_rclcpp_async_client:/home/colby/srs_ws/install/yolo_prediction:/home/colby/srs_ws/install/srs_realsense:/home/colby/srs_ws/install/srs_launch_files:/home/colby/srs_ws/install/srs_control:/home/colby/srs_ws/install/picking_info:/home/colby/ros2_ws/install/py_srvcli:/home/colby/ros2_ws/install/py_pubsub:/home/colby/ros2_ws/install/python_parameters:/home/colby/ros2_ws/install/my_package:/home/colby/ros2_ws/install/launch_testing_examples:/home/colby/ros2_ws/install/examples_rclpy_pointcloud_publisher:/home/colby/ros2_ws/install/examples_rclpy_minimal_subscriber:/home/colby/ros2_ws/install/examples_rclpy_minimal_service:/home/colby/ros2_ws/install/examples_rclpy_minimal_publisher:/home/colby/ros2_ws/install/examples_rclpy_minimal_client:/home/colby/ros2_ws/install/examples_rclpy_minimal_action_server:/home/colby/ros2_ws/install/examples_rclpy_minimal_action_client:/home/colby/ros2_ws/install/examples_rclpy_guard_conditions:/home/colby/ros2_ws/install/examples_rclpy_executors:/opt/ros/humble LD_LIBRARY_PATH=/home/colby/srs_ws/install/realsense2_camera_msgs/lib:/home/colby/srs_ws/install/realsense2_camera/lib:/home/colby/ros2_ws/install/tutorial_interfaces/lib:/home/colby/ros2_ws/install/turtlesim/lib:/home/colby/ros2_ws/install/examples_rclcpp_wait_set/lib:/home/colby/ros2_ws/install/examples_rclcpp_minimal_subscriber/lib:/home/colby/ros2_ws/install/examples_rclcpp_minimal_composition/lib:/opt/ros/humble/opt/rviz_ogre_vendor/lib:/opt/ros/humble/lib/x86_64-linux-gnu:/opt/ros/humble/lib /usr/bin/cmake --install /home/colby/srs_ws/build/realsense2_camera
