running egg_info
writing ../../build/srs_realsense/srs_realsense.egg-info/PKG-INFO
writing dependency_links to ../../build/srs_realsense/srs_realsense.egg-info/dependency_links.txt
writing entry points to ../../build/srs_realsense/srs_realsense.egg-info/entry_points.txt
writing requirements to ../../build/srs_realsense/srs_realsense.egg-info/requires.txt
writing top-level names to ../../build/srs_realsense/srs_realsense.egg-info/top_level.txt
reading manifest file '../../build/srs_realsense/srs_realsense.egg-info/SOURCES.txt'
writing manifest file '../../build/srs_realsense/srs_realsense.egg-info/SOURCES.txt'
running build
running build_py
copying srs_realsense/pixel_to_point.py -> /home/colby/srs_ws/build/srs_realsense/build/lib/srs_realsense
copying srs_realsense/__init__.py -> /home/colby/srs_ws/build/srs_realsense/build/lib/srs_realsense
copying srs_realsense/synced_image_publisher_node.py -> /home/colby/srs_ws/build/srs_realsense/build/lib/srs_realsense
running install
running install_lib
running install_data
copying resource/srs_realsense -> /home/colby/srs_ws/install/srs_realsense/share/ament_index/resource_index/packages
copying package.xml -> /home/colby/srs_ws/install/srs_realsense/share/srs_realsense
running install_egg_info
removing '/home/colby/srs_ws/install/srs_realsense/lib/python3.10/site-packages/srs_realsense-0.0.0-py3.10.egg-info' (and everything under it)
Copying ../../build/srs_realsense/srs_realsense.egg-info to /home/colby/srs_ws/install/srs_realsense/lib/python3.10/site-packages/srs_realsense-0.0.0-py3.10.egg-info
running install_scripts
Installing pixel_to_point script to /home/colby/srs_ws/install/srs_realsense/lib/srs_realsense
Installing synced_image_publisher_node script to /home/colby/srs_ws/install/srs_realsense/lib/srs_realsense
writing list of installed files to '/home/colby/srs_ws/build/srs_realsense/install.log'
