[1.138s] Invoking command in '/home/colby/srs_ws/src/picking_info': PYTHONPATH=/home/colby/srs_ws/build/picking_info/prefix_override:/usr/lib/python3/dist-packages/colcon_core/task/python/colcon_distutils_commands:/home/colby/srs_ws/install/picking_info/lib/python3.10/site-packages:${PYTHONPATH} /usr/bin/python3 -W ignore:setup.py install is deprecated -W ignore:easy_install command is deprecated setup.py egg_info --egg-base ../../build/picking_info build --build-base /home/colby/srs_ws/build/picking_info/build install --record /home/colby/srs_ws/build/picking_info/install.log --single-version-externally-managed install_data
[1.313s] running egg_info
[1.323s] writing ../../build/picking_info/picking_info.egg-info/PKG-INFO
[1.323s] writing dependency_links to ../../build/picking_info/picking_info.egg-info/dependency_links.txt
[1.323s] writing entry points to ../../build/picking_info/picking_info.egg-info/entry_points.txt
[1.323s] writing requirements to ../../build/picking_info/picking_info.egg-info/requires.txt
[1.324s] writing top-level names to ../../build/picking_info/picking_info.egg-info/top_level.txt
[1.346s] reading manifest file '../../build/picking_info/picking_info.egg-info/SOURCES.txt'
[1.347s] writing manifest file '../../build/picking_info/picking_info.egg-info/SOURCES.txt'
[1.347s] running build
[1.347s] running build_py
[1.347s] copying picking_info/__init__.py -> /home/colby/srs_ws/build/picking_info/build/lib/picking_info
[1.347s] copying picking_info/gripper_orientation_node.py -> /home/colby/srs_ws/build/picking_info/build/lib/picking_info
[1.347s] running install
[1.351s] running install_lib
[1.362s] running install_data
[1.362s] copying resource/picking_info -> /home/colby/srs_ws/install/picking_info/share/ament_index/resource_index/packages
[1.362s] copying package.xml -> /home/colby/srs_ws/install/picking_info/share/picking_info
[1.362s] running install_egg_info
[1.373s] removing '/home/colby/srs_ws/install/picking_info/lib/python3.10/site-packages/picking_info-0.0.0-py3.10.egg-info' (and everything under it)
[1.373s] Copying ../../build/picking_info/picking_info.egg-info to /home/colby/srs_ws/install/picking_info/lib/python3.10/site-packages/picking_info-0.0.0-py3.10.egg-info
[1.374s] running install_scripts
[1.456s] Installing gripper_orientation script to /home/colby/srs_ws/install/picking_info/lib/picking_info
[1.456s] writing list of installed files to '/home/colby/srs_ws/build/picking_info/install.log'
[1.500s] Invoked command in '/home/colby/srs_ws/src/picking_info' returned '0': PYTHONPATH=/home/colby/srs_ws/build/picking_info/prefix_override:/usr/lib/python3/dist-packages/colcon_core/task/python/colcon_distutils_commands:/home/colby/srs_ws/install/picking_info/lib/python3.10/site-packages:${PYTHONPATH} /usr/bin/python3 -W ignore:setup.py install is deprecated -W ignore:easy_install command is deprecated setup.py egg_info --egg-base ../../build/picking_info build --build-base /home/colby/srs_ws/build/picking_info/build install --record /home/colby/srs_ws/build/picking_info/install.log --single-version-externally-managed install_data
