[1.245s] Invoking command in '/home/colby/srs_ws/src/srs_control': PYTHONPATH=/home/colby/srs_ws/build/srs_control/prefix_override:/usr/lib/python3/dist-packages/colcon_core/task/python/colcon_distutils_commands:/home/colby/srs_ws/install/srs_control/lib/python3.10/site-packages:${PYTHONPATH} /usr/bin/python3 -W ignore:setup.py install is deprecated -W ignore:easy_install command is deprecated setup.py egg_info --egg-base ../../build/srs_control build --build-base /home/colby/srs_ws/build/srs_control/build install --record /home/colby/srs_ws/build/srs_control/install.log --single-version-externally-managed install_data
[1.827s] running egg_info
[1.856s] writing ../../build/srs_control/srs_control.egg-info/PKG-INFO
[1.856s] writing dependency_links to ../../build/srs_control/srs_control.egg-info/dependency_links.txt
[1.857s] writing entry points to ../../build/srs_control/srs_control.egg-info/entry_points.txt
[1.857s] writing requirements to ../../build/srs_control/srs_control.egg-info/requires.txt
[1.858s] writing top-level names to ../../build/srs_control/srs_control.egg-info/top_level.txt
[1.910s] reading manifest file '../../build/srs_control/srs_control.egg-info/SOURCES.txt'
[1.912s] writing manifest file '../../build/srs_control/srs_control.egg-info/SOURCES.txt'
[1.912s] running build
[1.912s] running build_py
[1.912s] copying srs_control/fruit_pick_all.py -> /home/colby/srs_ws/build/srs_control/build/lib/srs_control
[1.913s] copying srs_control/__init__.py -> /home/colby/srs_ws/build/srs_control/build/lib/srs_control
[1.913s] copying srs_control/fruit_pick_individual.py -> /home/colby/srs_ws/build/srs_control/build/lib/srs_control
[1.913s] copying srs_control/coord_transform.py -> /home/colby/srs_ws/build/srs_control/build/lib/srs_control
[1.915s] running install
[1.925s] running install_lib
[1.977s] copying /home/colby/srs_ws/build/srs_control/build/lib/srs_control/fruit_pick_all.py -> /home/colby/srs_ws/install/srs_control/lib/python3.10/site-packages/srs_control
[1.978s] copying /home/colby/srs_ws/build/srs_control/build/lib/srs_control/fruit_pick_individual.py -> /home/colby/srs_ws/install/srs_control/lib/python3.10/site-packages/srs_control
[1.978s] byte-compiling /home/colby/srs_ws/install/srs_control/lib/python3.10/site-packages/srs_control/fruit_pick_all.py to fruit_pick_all.cpython-310.pyc
[2.000s] byte-compiling /home/colby/srs_ws/install/srs_control/lib/python3.10/site-packages/srs_control/fruit_pick_individual.py to fruit_pick_individual.cpython-310.pyc
[2.000s] running install_data
[2.000s] copying resource/srs_control -> /home/colby/srs_ws/install/srs_control/share/ament_index/resource_index/packages
[2.000s] copying package.xml -> /home/colby/srs_ws/install/srs_control/share/srs_control
[2.000s] running install_egg_info
[2.024s] removing '/home/colby/srs_ws/install/srs_control/lib/python3.10/site-packages/srs_control-0.0.0-py3.10.egg-info' (and everything under it)
[2.036s] Copying ../../build/srs_control/srs_control.egg-info to /home/colby/srs_ws/install/srs_control/lib/python3.10/site-packages/srs_control-0.0.0-py3.10.egg-info
[2.043s] running install_scripts
[2.181s] Installing coord_transform script to /home/colby/srs_ws/install/srs_control/lib/srs_control
[2.181s] Installing fruit_pick_all script to /home/colby/srs_ws/install/srs_control/lib/srs_control
[2.181s] Installing fruit_pick_individual script to /home/colby/srs_ws/install/srs_control/lib/srs_control
[2.181s] writing list of installed files to '/home/colby/srs_ws/build/srs_control/install.log'
[2.220s] Invoked command in '/home/colby/srs_ws/src/srs_control' returned '0': PYTHONPATH=/home/colby/srs_ws/build/srs_control/prefix_override:/usr/lib/python3/dist-packages/colcon_core/task/python/colcon_distutils_commands:/home/colby/srs_ws/install/srs_control/lib/python3.10/site-packages:${PYTHONPATH} /usr/bin/python3 -W ignore:setup.py install is deprecated -W ignore:easy_install command is deprecated setup.py egg_info --egg-base ../../build/srs_control build --build-base /home/colby/srs_ws/build/srs_control/build install --record /home/colby/srs_ws/build/srs_control/install.log --single-version-externally-managed install_data
