[3.153s] Invoking command in '/home/colby/srs_ws/src/yolo_prediction': PYTHONPATH=/home/colby/srs_ws/build/yolo_prediction/prefix_override:/usr/lib/python3/dist-packages/colcon_core/task/python/colcon_distutils_commands:/home/colby/srs_ws/install/yolo_prediction/lib/python3.10/site-packages:${PYTHONPATH} /usr/bin/python3 -W ignore:setup.py install is deprecated -W ignore:easy_install command is deprecated setup.py egg_info --egg-base ../../build/yolo_prediction build --build-base /home/colby/srs_ws/build/yolo_prediction/build install --record /home/colby/srs_ws/build/yolo_prediction/install.log --single-version-externally-managed install_data
[3.786s] running egg_info
[3.806s] writing ../../build/yolo_prediction/yolo_prediction.egg-info/PKG-INFO
[3.808s] writing dependency_links to ../../build/yolo_prediction/yolo_prediction.egg-info/dependency_links.txt
[3.808s] writing entry points to ../../build/yolo_prediction/yolo_prediction.egg-info/entry_points.txt
[3.809s] writing requirements to ../../build/yolo_prediction/yolo_prediction.egg-info/requires.txt
[3.809s] writing top-level names to ../../build/yolo_prediction/yolo_prediction.egg-info/top_level.txt
[3.855s] reading manifest file '../../build/yolo_prediction/yolo_prediction.egg-info/SOURCES.txt'
[3.871s] writing manifest file '../../build/yolo_prediction/yolo_prediction.egg-info/SOURCES.txt'
[3.871s] running build
[3.871s] running build_py
[3.871s] copying yolo_prediction/yolo_node.py -> /home/colby/srs_ws/build/yolo_prediction/build/lib/yolo_prediction
[3.871s] copying yolo_prediction/__init__.py -> /home/colby/srs_ws/build/yolo_prediction/build/lib/yolo_prediction
[3.872s] running install
[3.892s] running install_lib
[3.925s] running install_data
[3.925s] copying resource/yolo_prediction -> /home/colby/srs_ws/install/yolo_prediction/share/ament_index/resource_index/packages
[3.926s] copying package.xml -> /home/colby/srs_ws/install/yolo_prediction/share/yolo_prediction
[3.926s] copying weights/YOLOv11_8.pt -> /home/colby/srs_ws/install/yolo_prediction/share/yolo_prediction/weights
[3.994s] running install_egg_info
[4.043s] removing '/home/colby/srs_ws/install/yolo_prediction/lib/python3.10/site-packages/yolo_prediction-0.0.0-py3.10.egg-info' (and everything under it)
[4.058s] Copying ../../build/yolo_prediction/yolo_prediction.egg-info to /home/colby/srs_ws/install/yolo_prediction/lib/python3.10/site-packages/yolo_prediction-0.0.0-py3.10.egg-info
[4.062s] running install_scripts
[4.270s] Installing yolo_prediction_node script to /home/colby/srs_ws/install/yolo_prediction/lib/yolo_prediction
[4.271s] writing list of installed files to '/home/colby/srs_ws/build/yolo_prediction/install.log'
[4.364s] Invoked command in '/home/colby/srs_ws/src/yolo_prediction' returned '0': PYTHONPATH=/home/colby/srs_ws/build/yolo_prediction/prefix_override:/usr/lib/python3/dist-packages/colcon_core/task/python/colcon_distutils_commands:/home/colby/srs_ws/install/yolo_prediction/lib/python3.10/site-packages:${PYTHONPATH} /usr/bin/python3 -W ignore:setup.py install is deprecated -W ignore:easy_install command is deprecated setup.py egg_info --egg-base ../../build/yolo_prediction build --build-base /home/colby/srs_ws/build/yolo_prediction/build install --record /home/colby/srs_ws/build/yolo_prediction/install.log --single-version-externally-managed install_data
