/home/colby/srs_ws/install/srs_control/lib/python3.10/site-packages/srs_control/save_cluster_coords.py
/home/colby/srs_ws/install/srs_control/lib/python3.10/site-packages/srs_control/fruit_pick_all.py
/home/colby/srs_ws/install/srs_control/lib/python3.10/site-packages/srs_control/__init__.py
/home/colby/srs_ws/install/srs_control/lib/python3.10/site-packages/srs_control/fruit_pick_individual.py
/home/colby/srs_ws/install/srs_control/lib/python3.10/site-packages/srs_control/coord_transform.py
/home/colby/srs_ws/install/srs_control/lib/python3.10/site-packages/srs_control/__pycache__/save_cluster_coords.cpython-310.pyc
/home/colby/srs_ws/install/srs_control/lib/python3.10/site-packages/srs_control/__pycache__/fruit_pick_all.cpython-310.pyc
/home/colby/srs_ws/install/srs_control/lib/python3.10/site-packages/srs_control/__pycache__/__init__.cpython-310.pyc
/home/colby/srs_ws/install/srs_control/lib/python3.10/site-packages/srs_control/__pycache__/fruit_pick_individual.cpython-310.pyc
/home/colby/srs_ws/install/srs_control/lib/python3.10/site-packages/srs_control/__pycache__/coord_transform.cpython-310.pyc
/home/colby/srs_ws/install/srs_control/share/ament_index/resource_index/packages/srs_control
/home/colby/srs_ws/install/srs_control/share/srs_control/package.xml
/home/colby/srs_ws/install/srs_control/lib/python3.10/site-packages/srs_control-0.0.0-py3.10.egg-info/PKG-INFO
/home/colby/srs_ws/install/srs_control/lib/python3.10/site-packages/srs_control-0.0.0-py3.10.egg-info/top_level.txt
/home/colby/srs_ws/install/srs_control/lib/python3.10/site-packages/srs_control-0.0.0-py3.10.egg-info/requires.txt
/home/colby/srs_ws/install/srs_control/lib/python3.10/site-packages/srs_control-0.0.0-py3.10.egg-info/dependency_links.txt
/home/colby/srs_ws/install/srs_control/lib/python3.10/site-packages/srs_control-0.0.0-py3.10.egg-info/zip-safe
/home/colby/srs_ws/install/srs_control/lib/python3.10/site-packages/srs_control-0.0.0-py3.10.egg-info/entry_points.txt
/home/colby/srs_ws/install/srs_control/lib/python3.10/site-packages/srs_control-0.0.0-py3.10.egg-info/SOURCES.txt
/home/colby/srs_ws/install/srs_control/lib/srs_control/coord_transform
/home/colby/srs_ws/install/srs_control/lib/srs_control/fruit_pick_all
/home/colby/srs_ws/install/srs_control/lib/srs_control/fruit_pick_individual
/home/colby/srs_ws/install/srs_control/lib/srs_control/save_cluster_coords
