running egg_info
creating ../../build/yolo_prediction/yolo_prediction.egg-info
writing ../../build/yolo_prediction/yolo_prediction.egg-info/PKG-INFO
writing dependency_links to ../../build/yolo_prediction/yolo_prediction.egg-info/dependency_links.txt
writing entry points to ../../build/yolo_prediction/yolo_prediction.egg-info/entry_points.txt
writing requirements to ../../build/yolo_prediction/yolo_prediction.egg-info/requires.txt
writing top-level names to ../../build/yolo_prediction/yolo_prediction.egg-info/top_level.txt
writing manifest file '../../build/yolo_prediction/yolo_prediction.egg-info/SOURCES.txt'
reading manifest file '../../build/yolo_prediction/yolo_prediction.egg-info/SOURCES.txt'
writing manifest file '../../build/yolo_prediction/yolo_prediction.egg-info/SOURCES.txt'
running build
running build_py
creating /home/colby/srs_ws/build/yolo_prediction/build/lib/yolo_prediction
copying yolo_prediction/yolo_node.py -> /home/colby/srs_ws/build/yolo_prediction/build/lib/yolo_prediction
copying yolo_prediction/__init__.py -> /home/colby/srs_ws/build/yolo_prediction/build/lib/yolo_prediction
running install
running install_lib
creating /home/colby/srs_ws/install/yolo_prediction/lib/python3.10/site-packages/yolo_prediction
copying /home/colby/srs_ws/build/yolo_prediction/build/lib/yolo_prediction/yolo_node.py -> /home/colby/srs_ws/install/yolo_prediction/lib/python3.10/site-packages/yolo_prediction
copying /home/colby/srs_ws/build/yolo_prediction/build/lib/yolo_prediction/__init__.py -> /home/colby/srs_ws/install/yolo_prediction/lib/python3.10/site-packages/yolo_prediction
byte-compiling /home/colby/srs_ws/install/yolo_prediction/lib/python3.10/site-packages/yolo_prediction/yolo_node.py to yolo_node.cpython-310.pyc
byte-compiling /home/colby/srs_ws/install/yolo_prediction/lib/python3.10/site-packages/yolo_prediction/__init__.py to __init__.cpython-310.pyc
running install_data
creating /home/colby/srs_ws/install/yolo_prediction/share/ament_index/resource_index/packages
copying resource/yolo_prediction -> /home/colby/srs_ws/install/yolo_prediction/share/ament_index/resource_index/packages
copying package.xml -> /home/colby/srs_ws/install/yolo_prediction/share/yolo_prediction
creating /home/colby/srs_ws/install/yolo_prediction/share/yolo_prediction/weights
copying weights/YOLOv11_8.pt -> /home/colby/srs_ws/install/yolo_prediction/share/yolo_prediction/weights
running install_egg_info
Copying ../../build/yolo_prediction/yolo_prediction.egg-info to /home/colby/srs_ws/install/yolo_prediction/lib/python3.10/site-packages/yolo_prediction-0.0.0-py3.10.egg-info
running install_scripts
Installing yolo_prediction_node script to /home/colby/srs_ws/install/yolo_prediction/lib/yolo_prediction
writing list of installed files to '/home/colby/srs_ws/build/yolo_prediction/install.log'
