running egg_info
writing ../../build/picking_info/picking_info.egg-info/PKG-INFO
writing dependency_links to ../../build/picking_info/picking_info.egg-info/dependency_links.txt
writing entry points to ../../build/picking_info/picking_info.egg-info/entry_points.txt
writing requirements to ../../build/picking_info/picking_info.egg-info/requires.txt
writing top-level names to ../../build/picking_info/picking_info.egg-info/top_level.txt
reading manifest file '../../build/picking_info/picking_info.egg-info/SOURCES.txt'
writing manifest file '../../build/picking_info/picking_info.egg-info/SOURCES.txt'
running build
running build_py
copying picking_info/gripper_orientation_farthest_centroid.py -> /home/colby/srs_ws/build/picking_info/build/lib/picking_info
copying picking_info/gripper_orientation_basic.py -> /home/colby/srs_ws/build/picking_info/build/lib/picking_info
copying picking_info/save_cluster_coords.py -> /home/colby/srs_ws/build/picking_info/build/lib/picking_info
copying picking_info/__init__.py -> /home/colby/srs_ws/build/picking_info/build/lib/picking_info
copying picking_info/gripper_orientation_z_order.py -> /home/colby/srs_ws/build/picking_info/build/lib/picking_info
running install
running install_lib
copying /home/colby/srs_ws/build/picking_info/build/lib/picking_info/save_cluster_coords.py -> /home/colby/srs_ws/install/picking_info/lib/python3.10/site-packages/picking_info
byte-compiling /home/colby/srs_ws/install/picking_info/lib/python3.10/site-packages/picking_info/save_cluster_coords.py to save_cluster_coords.cpython-310.pyc
running install_data
copying resource/picking_info -> /home/colby/srs_ws/install/picking_info/share/ament_index/resource_index/packages
copying package.xml -> /home/colby/srs_ws/install/picking_info/share/picking_info
running install_egg_info
removing '/home/colby/srs_ws/install/picking_info/lib/python3.10/site-packages/picking_info-0.0.0-py3.10.egg-info' (and everything under it)
Copying ../../build/picking_info/picking_info.egg-info to /home/colby/srs_ws/install/picking_info/lib/python3.10/site-packages/picking_info-0.0.0-py3.10.egg-info
running install_scripts
Installing gripper_orientation_basic script to /home/colby/srs_ws/install/picking_info/lib/picking_info
Installing gripper_orientation_farthest_centroid script to /home/colby/srs_ws/install/picking_info/lib/picking_info
Installing gripper_orientation_z_order script to /home/colby/srs_ws/install/picking_info/lib/picking_info
Installing save_cluster_coords script to /home/colby/srs_ws/install/picking_info/lib/picking_info
writing list of installed files to '/home/colby/srs_ws/build/picking_info/install.log'
