[0.017s] Invoking command in '/home/colby/srs_ws/build/realsense2_camera': CMAKE_PREFIX_PATH=/home/colby/srs_ws/install/realsense2_camera_msgs:/home/colby/srs_ws/install/realsense2_description:/home/colby/srs_ws/install/realsense2_camera:/home/colby/ros2_ws/install/tutorial_interfaces:/home/colby/ros2_ws/install/turtlesim:/home/colby/ros2_ws/install/examples_rclcpp_wait_set:/home/colby/ros2_ws/install/examples_rclcpp_multithreaded_executor:/home/colby/ros2_ws/install/examples_rclcpp_minimal_timer:/home/colby/ros2_ws/install/examples_rclcpp_minimal_subscriber:/home/colby/ros2_ws/install/examples_rclcpp_minimal_service:/home/colby/ros2_ws/install/examples_rclcpp_minimal_publisher:/home/colby/ros2_ws/install/examples_rclcpp_minimal_composition:/home/colby/ros2_ws/install/examples_rclcpp_minimal_client:/home/colby/ros2_ws/install/examples_rclcpp_minimal_action_server:/home/colby/ros2_ws/install/examples_rclcpp_minimal_action_client:/home/colby/ros2_ws/install/examples_rclcpp_cbg_executor:/home/colby/ros2_ws/install/examples_rclcpp_async_client:/home/colby/srs_ws/install/yolo_prediction:/home/colby/srs_ws/install/srs_realsense:/home/colby/srs_ws/install/srs_launch_files:/home/colby/srs_ws/install/srs_control:/home/colby/srs_ws/install/picking_info:/home/colby/ros2_ws/install/py_srvcli:/home/colby/ros2_ws/install/py_pubsub:/home/colby/ros2_ws/install/python_parameters:/home/colby/ros2_ws/install/my_package:/home/colby/ros2_ws/install/launch_testing_examples:/home/colby/ros2_ws/install/examples_rclpy_pointcloud_publisher:/home/colby/ros2_ws/install/examples_rclpy_minimal_subscriber:/home/colby/ros2_ws/install/examples_rclpy_minimal_service:/home/colby/ros2_ws/install/examples_rclpy_minimal_publisher:/home/colby/ros2_ws/install/examples_rclpy_minimal_client:/home/colby/ros2_ws/install/examples_rclpy_minimal_action_server:/home/colby/ros2_ws/install/examples_rclpy_minimal_action_client:/home/colby/ros2_ws/install/examples_rclpy_guard_conditions:/home/colby/ros2_ws/install/examples_rclpy_executors:/opt/ros/humble LD_LIBRARY_PATH=/home/colby/srs_ws/install/realsense2_camera_msgs/lib:/home/colby/srs_ws/install/realsense2_camera/lib:/home/colby/ros2_ws/install/tutorial_interfaces/lib:/home/colby/ros2_ws/install/turtlesim/lib:/home/colby/ros2_ws/install/examples_rclcpp_wait_set/lib:/home/colby/ros2_ws/install/examples_rclcpp_minimal_subscriber/lib:/home/colby/ros2_ws/install/examples_rclcpp_minimal_composition/lib:/opt/ros/humble/opt/rviz_ogre_vendor/lib:/opt/ros/humble/lib/x86_64-linux-gnu:/opt/ros/humble/lib /usr/bin/cmake --build /home/colby/srs_ws/build/realsense2_camera -- -j12 -l12
[0.074s] [  9%] Built target gtest
[0.075s] [ 13%] [32m[1mLinking CXX executable realsense2_camera_node[0m
[0.081s] [ 22%] Built target gtest_main
[0.097s] [ 27%] [32m[1mLinking CXX executable gtest_template[0m
[0.102s] [ 31%] [32m[1mLinking CXX shared library librealsense2_camera.so[0m
[0.189s] [ 36%] Built target realsense2_camera_node
[0.194s] [ 40%] Built target gtest_template
[0.429s] [100%] Built target realsense2_camera
[0.438s] Invoked command in '/home/colby/srs_ws/build/realsense2_camera' returned '0': CMAKE_PREFIX_PATH=/home/colby/srs_ws/install/realsense2_camera_msgs:/home/colby/srs_ws/install/realsense2_description:/home/colby/srs_ws/install/realsense2_camera:/home/colby/ros2_ws/install/tutorial_interfaces:/home/colby/ros2_ws/install/turtlesim:/home/colby/ros2_ws/install/examples_rclcpp_wait_set:/home/colby/ros2_ws/install/examples_rclcpp_multithreaded_executor:/home/colby/ros2_ws/install/examples_rclcpp_minimal_timer:/home/colby/ros2_ws/install/examples_rclcpp_minimal_subscriber:/home/colby/ros2_ws/install/examples_rclcpp_minimal_service:/home/colby/ros2_ws/install/examples_rclcpp_minimal_publisher:/home/colby/ros2_ws/install/examples_rclcpp_minimal_composition:/home/colby/ros2_ws/install/examples_rclcpp_minimal_client:/home/colby/ros2_ws/install/examples_rclcpp_minimal_action_server:/home/colby/ros2_ws/install/examples_rclcpp_minimal_action_client:/home/colby/ros2_ws/install/examples_rclcpp_cbg_executor:/home/colby/ros2_ws/install/examples_rclcpp_async_client:/home/colby/srs_ws/install/yolo_prediction:/home/colby/srs_ws/install/srs_realsense:/home/colby/srs_ws/install/srs_launch_files:/home/colby/srs_ws/install/srs_control:/home/colby/srs_ws/install/picking_info:/home/colby/ros2_ws/install/py_srvcli:/home/colby/ros2_ws/install/py_pubsub:/home/colby/ros2_ws/install/python_parameters:/home/colby/ros2_ws/install/my_package:/home/colby/ros2_ws/install/launch_testing_examples:/home/colby/ros2_ws/install/examples_rclpy_pointcloud_publisher:/home/colby/ros2_ws/install/examples_rclpy_minimal_subscriber:/home/colby/ros2_ws/install/examples_rclpy_minimal_service:/home/colby/ros2_ws/install/examples_rclpy_minimal_publisher:/home/colby/ros2_ws/install/examples_rclpy_minimal_client:/home/colby/ros2_ws/install/examples_rclpy_minimal_action_server:/home/colby/ros2_ws/install/examples_rclpy_minimal_action_client:/home/colby/ros2_ws/install/examples_rclpy_guard_conditions:/home/colby/ros2_ws/install/examples_rclpy_executors:/opt/ros/humble LD_LIBRARY_PATH=/home/colby/srs_ws/install/realsense2_camera_msgs/lib:/home/colby/srs_ws/install/realsense2_camera/lib:/home/colby/ros2_ws/install/tutorial_interfaces/lib:/home/colby/ros2_ws/install/turtlesim/lib:/home/colby/ros2_ws/install/examples_rclcpp_wait_set/lib:/home/colby/ros2_ws/install/examples_rclcpp_minimal_subscriber/lib:/home/colby/ros2_ws/install/examples_rclcpp_minimal_composition/lib:/opt/ros/humble/opt/rviz_ogre_vendor/lib:/opt/ros/humble/lib/x86_64-linux-gnu:/opt/ros/humble/lib /usr/bin/cmake --build /home/colby/srs_ws/build/realsense2_camera -- -j12 -l12
[0.439s] Invoking command in '/home/colby/srs_ws/build/realsense2_camera': CMAKE_PREFIX_PATH=/home/colby/srs_ws/install/realsense2_camera_msgs:/home/colby/srs_ws/install/realsense2_description:/home/colby/srs_ws/install/realsense2_camera:/home/colby/ros2_ws/install/tutorial_interfaces:/home/colby/ros2_ws/install/turtlesim:/home/colby/ros2_ws/install/examples_rclcpp_wait_set:/home/colby/ros2_ws/install/examples_rclcpp_multithreaded_executor:/home/colby/ros2_ws/install/examples_rclcpp_minimal_timer:/home/colby/ros2_ws/install/examples_rclcpp_minimal_subscriber:/home/colby/ros2_ws/install/examples_rclcpp_minimal_service:/home/colby/ros2_ws/install/examples_rclcpp_minimal_publisher:/home/colby/ros2_ws/install/examples_rclcpp_minimal_composition:/home/colby/ros2_ws/install/examples_rclcpp_minimal_client:/home/colby/ros2_ws/install/examples_rclcpp_minimal_action_server:/home/colby/ros2_ws/install/examples_rclcpp_minimal_action_client:/home/colby/ros2_ws/install/examples_rclcpp_cbg_executor:/home/colby/ros2_ws/install/examples_rclcpp_async_client:/home/colby/srs_ws/install/yolo_prediction:/home/colby/srs_ws/install/srs_realsense:/home/colby/srs_ws/install/srs_launch_files:/home/colby/srs_ws/install/srs_control:/home/colby/srs_ws/install/picking_info:/home/colby/ros2_ws/install/py_srvcli:/home/colby/ros2_ws/install/py_pubsub:/home/colby/ros2_ws/install/python_parameters:/home/colby/ros2_ws/install/my_package:/home/colby/ros2_ws/install/launch_testing_examples:/home/colby/ros2_ws/install/examples_rclpy_pointcloud_publisher:/home/colby/ros2_ws/install/examples_rclpy_minimal_subscriber:/home/colby/ros2_ws/install/examples_rclpy_minimal_service:/home/colby/ros2_ws/install/examples_rclpy_minimal_publisher:/home/colby/ros2_ws/install/examples_rclpy_minimal_client:/home/colby/ros2_ws/install/examples_rclpy_minimal_action_server:/home/colby/ros2_ws/install/examples_rclpy_minimal_action_client:/home/colby/ros2_ws/install/examples_rclpy_guard_conditions:/home/colby/ros2_ws/install/examples_rclpy_executors:/opt/ros/humble LD_LIBRARY_PATH=/home/colby/srs_ws/install/realsense2_camera_msgs/lib:/home/colby/srs_ws/install/realsense2_camera/lib:/home/colby/ros2_ws/install/tutorial_interfaces/lib:/home/colby/ros2_ws/install/turtlesim/lib:/home/colby/ros2_ws/install/examples_rclcpp_wait_set/lib:/home/colby/ros2_ws/install/examples_rclcpp_minimal_subscriber/lib:/home/colby/ros2_ws/install/examples_rclcpp_minimal_composition/lib:/opt/ros/humble/opt/rviz_ogre_vendor/lib:/opt/ros/humble/lib/x86_64-linux-gnu:/opt/ros/humble/lib /usr/bin/cmake --install /home/colby/srs_ws/build/realsense2_camera
[0.445s] -- Install configuration: "Release"
[0.445s] -- Installing: /home/colby/srs_ws/install/realsense2_camera/lib/realsense2_camera/realsense2_camera_node
[0.445s] -- Set runtime path of "/home/colby/srs_ws/install/realsense2_camera/lib/realsense2_camera/realsense2_camera_node" to ""
[0.445s] -- Installing: /home/colby/srs_ws/install/realsense2_camera/lib/librealsense2_camera.so
[0.447s] -- Set runtime path of "/home/colby/srs_ws/install/realsense2_camera/lib/librealsense2_camera.so" to ""
[0.447s] -- Up-to-date: /home/colby/srs_ws/install/realsense2_camera/include
[0.447s] -- Up-to-date: /home/colby/srs_ws/install/realsense2_camera/include/gl_window.h
[0.447s] -- Up-to-date: /home/colby/srs_ws/install/realsense2_camera/include/image_publisher.h
[0.447s] -- Up-to-date: /home/colby/srs_ws/install/realsense2_camera/include/profile_manager.h
[0.447s] -- Up-to-date: /home/colby/srs_ws/install/realsense2_camera/include/dynamic_params.h
[0.447s] -- Up-to-date: /home/colby/srs_ws/install/realsense2_camera/include/ros_utils.h
[0.447s] -- Up-to-date: /home/colby/srs_ws/install/realsense2_camera/include/realsense_node_factory.h
[0.447s] -- Up-to-date: /home/colby/srs_ws/install/realsense2_camera/include/constants.h
[0.447s] -- Up-to-date: /home/colby/srs_ws/install/realsense2_camera/include/sensor_params.h
[0.447s] -- Up-to-date: /home/colby/srs_ws/install/realsense2_camera/include/named_filter.h
[0.447s] -- Up-to-date: /home/colby/srs_ws/install/realsense2_camera/include/ros_sensor.h
[0.447s] -- Up-to-date: /home/colby/srs_ws/install/realsense2_camera/include/ros_param_backend.h
[0.448s] -- Up-to-date: /home/colby/srs_ws/install/realsense2_camera/include/base_realsense_node.h
[0.448s] -- Up-to-date: /home/colby/srs_ws/install/realsense2_camera/share/realsense2_camera/launch
[0.448s] -- Up-to-date: /home/colby/srs_ws/install/realsense2_camera/share/realsense2_camera/launch/rs_launch.py
[0.448s] -- Up-to-date: /home/colby/srs_ws/install/realsense2_camera/share/realsense2_camera/launch/rs_multi_camera_launch.py
[0.448s] -- Up-to-date: /home/colby/srs_ws/install/realsense2_camera/share/realsense2_camera/launch/rs_intra_process_demo_launch.py
[0.448s] -- Up-to-date: /home/colby/srs_ws/install/realsense2_camera/share/realsense2_camera/launch/default.rviz
[0.448s] -- Up-to-date: /home/colby/srs_ws/install/realsense2_camera/share/realsense2_camera/examples
[0.448s] -- Up-to-date: /home/colby/srs_ws/install/realsense2_camera/share/realsense2_camera/examples/pointcloud
[0.448s] -- Up-to-date: /home/colby/srs_ws/install/realsense2_camera/share/realsense2_camera/examples/pointcloud/README.md
[0.448s] -- Up-to-date: /home/colby/srs_ws/install/realsense2_camera/share/realsense2_camera/examples/pointcloud/rs_d455_pointcloud_launch.py
[0.448s] -- Up-to-date: /home/colby/srs_ws/install/realsense2_camera/share/realsense2_camera/examples/pointcloud/rs_d405_pointcloud_launch.py
[0.448s] -- Up-to-date: /home/colby/srs_ws/install/realsense2_camera/share/realsense2_camera/examples/pointcloud/rviz
[0.448s] -- Up-to-date: /home/colby/srs_ws/install/realsense2_camera/share/realsense2_camera/examples/pointcloud/rviz/pointcloud.rviz
[0.448s] -- Up-to-date: /home/colby/srs_ws/install/realsense2_camera/share/realsense2_camera/examples/pointcloud/rviz/urdf_pointcloud.rviz
[0.448s] -- Up-to-date: /home/colby/srs_ws/install/realsense2_camera/share/realsense2_camera/examples/pointcloud/rs_pointcloud_launch.py
[0.448s] -- Up-to-date: /home/colby/srs_ws/install/realsense2_camera/share/realsense2_camera/examples/launch_from_rosbag
[0.448s] -- Up-to-date: /home/colby/srs_ws/install/realsense2_camera/share/realsense2_camera/examples/launch_from_rosbag/rs_launch_from_rosbag.py
[0.448s] -- Up-to-date: /home/colby/srs_ws/install/realsense2_camera/share/realsense2_camera/examples/launch_from_rosbag/README.md
[0.448s] -- Up-to-date: /home/colby/srs_ws/install/realsense2_camera/share/realsense2_camera/examples/align_depth
[0.448s] -- Up-to-date: /home/colby/srs_ws/install/realsense2_camera/share/realsense2_camera/examples/align_depth/rs_align_depth_launch.py
[0.449s] -- Up-to-date: /home/colby/srs_ws/install/realsense2_camera/share/realsense2_camera/examples/align_depth/README.md
[0.449s] -- Up-to-date: /home/colby/srs_ws/install/realsense2_camera/share/realsense2_camera/examples/dual_camera
[0.449s] -- Up-to-date: /home/colby/srs_ws/install/realsense2_camera/share/realsense2_camera/examples/dual_camera/README.md
[0.449s] -- Up-to-date: /home/colby/srs_ws/install/realsense2_camera/share/realsense2_camera/examples/dual_camera/rviz
[0.449s] -- Up-to-date: /home/colby/srs_ws/install/realsense2_camera/share/realsense2_camera/examples/dual_camera/rviz/dual_camera_pointcloud.rviz
[0.449s] -- Up-to-date: /home/colby/srs_ws/install/realsense2_camera/share/realsense2_camera/examples/dual_camera/rs_dual_camera_launch.py
[0.449s] -- Up-to-date: /home/colby/srs_ws/install/realsense2_camera/share/realsense2_camera/examples/launch_params_from_file
[0.449s] -- Up-to-date: /home/colby/srs_ws/install/realsense2_camera/share/realsense2_camera/examples/launch_params_from_file/README.md
[0.449s] -- Up-to-date: /home/colby/srs_ws/install/realsense2_camera/share/realsense2_camera/examples/launch_params_from_file/rs_launch_get_params_from_yaml.py
[0.449s] -- Up-to-date: /home/colby/srs_ws/install/realsense2_camera/share/realsense2_camera/examples/launch_params_from_file/config
[0.449s] -- Up-to-date: /home/colby/srs_ws/install/realsense2_camera/share/realsense2_camera/examples/launch_params_from_file/config/config.yaml
[0.449s] -- Up-to-date: /home/colby/srs_ws/install/realsense2_camera/share/realsense2_camera/environment/library_path.sh
[0.449s] -- Up-to-date: /home/colby/srs_ws/install/realsense2_camera/share/realsense2_camera/environment/library_path.dsv
[0.449s] -- Up-to-date: /home/colby/srs_ws/install/realsense2_camera/share/ament_index/resource_index/package_run_dependencies/realsense2_camera
[0.449s] -- Up-to-date: /home/colby/srs_ws/install/realsense2_camera/share/ament_index/resource_index/parent_prefix_path/realsense2_camera
[0.449s] -- Up-to-date: /home/colby/srs_ws/install/realsense2_camera/share/realsense2_camera/environment/ament_prefix_path.sh
[0.449s] -- Up-to-date: /home/colby/srs_ws/install/realsense2_camera/share/realsense2_camera/environment/ament_prefix_path.dsv
[0.449s] -- Up-to-date: /home/colby/srs_ws/install/realsense2_camera/share/realsense2_camera/environment/path.sh
[0.449s] -- Up-to-date: /home/colby/srs_ws/install/realsense2_camera/share/realsense2_camera/environment/path.dsv
[0.449s] -- Up-to-date: /home/colby/srs_ws/install/realsense2_camera/share/realsense2_camera/local_setup.bash
[0.449s] -- Up-to-date: /home/colby/srs_ws/install/realsense2_camera/share/realsense2_camera/local_setup.sh
[0.449s] -- Up-to-date: /home/colby/srs_ws/install/realsense2_camera/share/realsense2_camera/local_setup.zsh
[0.449s] -- Up-to-date: /home/colby/srs_ws/install/realsense2_camera/share/realsense2_camera/local_setup.dsv
[0.450s] -- Installing: /home/colby/srs_ws/install/realsense2_camera/share/realsense2_camera/package.dsv
[0.450s] -- Up-to-date: /home/colby/srs_ws/install/realsense2_camera/share/ament_index/resource_index/packages/realsense2_camera
[0.450s] -- Up-to-date: /home/colby/srs_ws/install/realsense2_camera/share/ament_index/resource_index/rclcpp_components/realsense2_camera
[0.450s] -- Up-to-date: /home/colby/srs_ws/install/realsense2_camera/share/realsense2_camera/cmake/ament_cmake_export_include_directories-extras.cmake
[0.450s] -- Up-to-date: /home/colby/srs_ws/install/realsense2_camera/share/realsense2_camera/cmake/ament_cmake_export_libraries-extras.cmake
[0.450s] -- Up-to-date: /home/colby/srs_ws/install/realsense2_camera/share/realsense2_camera/cmake/ament_cmake_export_dependencies-extras.cmake
[0.450s] -- Up-to-date: /home/colby/srs_ws/install/realsense2_camera/share/realsense2_camera/cmake/realsense2_cameraConfig.cmake
[0.450s] -- Up-to-date: /home/colby/srs_ws/install/realsense2_camera/share/realsense2_camera/cmake/realsense2_cameraConfig-version.cmake
[0.450s] -- Up-to-date: /home/colby/srs_ws/install/realsense2_camera/share/realsense2_camera/package.xml
[0.452s] Invoked command in '/home/colby/srs_ws/build/realsense2_camera' returned '0': CMAKE_PREFIX_PATH=/home/colby/srs_ws/install/realsense2_camera_msgs:/home/colby/srs_ws/install/realsense2_description:/home/colby/srs_ws/install/realsense2_camera:/home/colby/ros2_ws/install/tutorial_interfaces:/home/colby/ros2_ws/install/turtlesim:/home/colby/ros2_ws/install/examples_rclcpp_wait_set:/home/colby/ros2_ws/install/examples_rclcpp_multithreaded_executor:/home/colby/ros2_ws/install/examples_rclcpp_minimal_timer:/home/colby/ros2_ws/install/examples_rclcpp_minimal_subscriber:/home/colby/ros2_ws/install/examples_rclcpp_minimal_service:/home/colby/ros2_ws/install/examples_rclcpp_minimal_publisher:/home/colby/ros2_ws/install/examples_rclcpp_minimal_composition:/home/colby/ros2_ws/install/examples_rclcpp_minimal_client:/home/colby/ros2_ws/install/examples_rclcpp_minimal_action_server:/home/colby/ros2_ws/install/examples_rclcpp_minimal_action_client:/home/colby/ros2_ws/install/examples_rclcpp_cbg_executor:/home/colby/ros2_ws/install/examples_rclcpp_async_client:/home/colby/srs_ws/install/yolo_prediction:/home/colby/srs_ws/install/srs_realsense:/home/colby/srs_ws/install/srs_launch_files:/home/colby/srs_ws/install/srs_control:/home/colby/srs_ws/install/picking_info:/home/colby/ros2_ws/install/py_srvcli:/home/colby/ros2_ws/install/py_pubsub:/home/colby/ros2_ws/install/python_parameters:/home/colby/ros2_ws/install/my_package:/home/colby/ros2_ws/install/launch_testing_examples:/home/colby/ros2_ws/install/examples_rclpy_pointcloud_publisher:/home/colby/ros2_ws/install/examples_rclpy_minimal_subscriber:/home/colby/ros2_ws/install/examples_rclpy_minimal_service:/home/colby/ros2_ws/install/examples_rclpy_minimal_publisher:/home/colby/ros2_ws/install/examples_rclpy_minimal_client:/home/colby/ros2_ws/install/examples_rclpy_minimal_action_server:/home/colby/ros2_ws/install/examples_rclpy_minimal_action_client:/home/colby/ros2_ws/install/examples_rclpy_guard_conditions:/home/colby/ros2_ws/install/examples_rclpy_executors:/opt/ros/humble LD_LIBRARY_PATH=/home/colby/srs_ws/install/realsense2_camera_msgs/lib:/home/colby/srs_ws/install/realsense2_camera/lib:/home/colby/ros2_ws/install/tutorial_interfaces/lib:/home/colby/ros2_ws/install/turtlesim/lib:/home/colby/ros2_ws/install/examples_rclcpp_wait_set/lib:/home/colby/ros2_ws/install/examples_rclcpp_minimal_subscriber/lib:/home/colby/ros2_ws/install/examples_rclcpp_minimal_composition/lib:/opt/ros/humble/opt/rviz_ogre_vendor/lib:/opt/ros/humble/lib/x86_64-linux-gnu:/opt/ros/humble/lib /usr/bin/cmake --install /home/colby/srs_ws/build/realsense2_camera
