[0.016s] Invoking command in '/home/colby/srs_ws/build/realsense2_camera': CMAKE_PREFIX_PATH=/home/colby/srs_ws/install/realsense2_camera_msgs:/home/colby/srs_ws/install/realsense2_description:/home/colby/srs_ws/install/realsense2_camera:/home/colby/ros2_ws/install/tutorial_interfaces:/home/colby/ros2_ws/install/turtlesim:/home/colby/ros2_ws/install/examples_rclcpp_wait_set:/home/colby/ros2_ws/install/examples_rclcpp_multithreaded_executor:/home/colby/ros2_ws/install/examples_rclcpp_minimal_timer:/home/colby/ros2_ws/install/examples_rclcpp_minimal_subscriber:/home/colby/ros2_ws/install/examples_rclcpp_minimal_service:/home/colby/ros2_ws/install/examples_rclcpp_minimal_publisher:/home/colby/ros2_ws/install/examples_rclcpp_minimal_composition:/home/colby/ros2_ws/install/examples_rclcpp_minimal_client:/home/colby/ros2_ws/install/examples_rclcpp_minimal_action_server:/home/colby/ros2_ws/install/examples_rclcpp_minimal_action_client:/home/colby/ros2_ws/install/examples_rclcpp_cbg_executor:/home/colby/ros2_ws/install/examples_rclcpp_async_client:/home/colby/srs_ws/install/yolo_prediction:/home/colby/srs_ws/install/srs_realsense:/home/colby/srs_ws/install/srs_launch_files:/home/colby/srs_ws/install/srs_control:/home/colby/srs_ws/install/picking_info:/home/colby/ros2_ws/install/py_srvcli:/home/colby/ros2_ws/install/py_pubsub:/home/colby/ros2_ws/install/python_parameters:/home/colby/ros2_ws/install/my_package:/home/colby/ros2_ws/install/launch_testing_examples:/home/colby/ros2_ws/install/examples_rclpy_pointcloud_publisher:/home/colby/ros2_ws/install/examples_rclpy_minimal_subscriber:/home/colby/ros2_ws/install/examples_rclpy_minimal_service:/home/colby/ros2_ws/install/examples_rclpy_minimal_publisher:/home/colby/ros2_ws/install/examples_rclpy_minimal_client:/home/colby/ros2_ws/install/examples_rclpy_minimal_action_server:/home/colby/ros2_ws/install/examples_rclpy_minimal_action_client:/home/colby/ros2_ws/install/examples_rclpy_guard_conditions:/home/colby/ros2_ws/install/examples_rclpy_executors:/opt/ros/humble LD_LIBRARY_PATH=/home/colby/srs_ws/install/realsense2_camera_msgs/lib:/home/colby/srs_ws/install/realsense2_camera/lib:/home/colby/ros2_ws/install/tutorial_interfaces/lib:/home/colby/ros2_ws/install/turtlesim/lib:/home/colby/ros2_ws/install/examples_rclcpp_wait_set/lib:/home/colby/ros2_ws/install/examples_rclcpp_minimal_subscriber/lib:/home/colby/ros2_ws/install/examples_rclcpp_minimal_composition/lib:/opt/ros/humble/opt/rviz_ogre_vendor/lib:/opt/ros/humble/lib/x86_64-linux-gnu:/opt/ros/humble/lib /usr/bin/cmake --build /home/colby/srs_ws/build/realsense2_camera -- -j12 -l12
[0.071s] [  4%] [32mBuilding CXX object CMakeFiles/realsense2_camera_node.dir/rclcpp_components/node_main_realsense2_camera_node.cpp.o[0m
[0.071s] [ 13%] [32mBuilding CXX object gtest/CMakeFiles/gtest.dir/src/gtest-all.cc.o[0m
[0.071s] [ 13%] [32mBuilding CXX object gtest/CMakeFiles/gtest_main.dir/src/gtest_main.cc.o[0m
[0.109s] [ 18%] [32mBuilding CXX object CMakeFiles/realsense2_camera.dir/src/realsense_node_factory.cpp.o[0m
[0.115s] [ 22%] [32mBuilding CXX object CMakeFiles/realsense2_camera.dir/src/base_realsense_node.cpp.o[0m
[0.124s] [ 27%] [32mBuilding CXX object CMakeFiles/realsense2_camera.dir/src/parameters.cpp.o[0m
[0.133s] [ 31%] [32mBuilding CXX object CMakeFiles/realsense2_camera.dir/src/ros_sensor.cpp.o[0m
[0.149s] [ 36%] [32mBuilding CXX object CMakeFiles/realsense2_camera.dir/src/rs_node_setup.cpp.o[0m
[0.163s] [ 40%] [32mBuilding CXX object CMakeFiles/realsense2_camera.dir/src/ros_utils.cpp.o[0m
[0.176s] [ 45%] [32mBuilding CXX object CMakeFiles/realsense2_camera.dir/src/dynamic_params.cpp.o[0m
[0.219s] [ 50%] [32mBuilding CXX object CMakeFiles/realsense2_camera.dir/src/sensor_params.cpp.o[0m
[0.220s] [ 54%] [32mBuilding CXX object CMakeFiles/realsense2_camera.dir/src/named_filter.cpp.o[0m
[1.318s] [ 59%] [32m[1mLinking CXX static library libgtest_main.a[0m
[1.552s] [ 59%] Built target gtest_main
[1.606s] [ 63%] [32mBuilding CXX object CMakeFiles/realsense2_camera.dir/src/profile_manager.cpp.o[0m
[5.687s] [ 68%] [32mBuilding CXX object CMakeFiles/realsense2_camera.dir/src/image_publisher.cpp.o[0m
[5.813s] [ 72%] [32m[1mLinking CXX executable realsense2_camera_node[0m
[6.015s] [ 72%] Built target realsense2_camera_node
[6.026s] [ 77%] [32mBuilding CXX object CMakeFiles/realsense2_camera.dir/src/tfs.cpp.o[0m
[7.500s] [ 81%] [32mBuilding CXX object CMakeFiles/realsense2_camera.dir/src/ros_param_backend.cpp.o[0m
[10.872s] [ 86%] [32m[1mLinking CXX static library libgtest.a[0m
[10.993s] [ 86%] Built target gtest
[11.087s] [ 90%] [32mBuilding CXX object CMakeFiles/gtest_template.dir/test/gtest_template.cpp.o[0m
[12.136s] [ 95%] [32m[1mLinking CXX executable gtest_template[0m
[12.281s] [ 95%] Built target gtest_template
[16.478s] [100%] [32m[1mLinking CXX shared library librealsense2_camera.so[0m
[16.735s] [100%] Built target realsense2_camera
[16.756s] Invoked command in '/home/colby/srs_ws/build/realsense2_camera' returned '0': CMAKE_PREFIX_PATH=/home/colby/srs_ws/install/realsense2_camera_msgs:/home/colby/srs_ws/install/realsense2_description:/home/colby/srs_ws/install/realsense2_camera:/home/colby/ros2_ws/install/tutorial_interfaces:/home/colby/ros2_ws/install/turtlesim:/home/colby/ros2_ws/install/examples_rclcpp_wait_set:/home/colby/ros2_ws/install/examples_rclcpp_multithreaded_executor:/home/colby/ros2_ws/install/examples_rclcpp_minimal_timer:/home/colby/ros2_ws/install/examples_rclcpp_minimal_subscriber:/home/colby/ros2_ws/install/examples_rclcpp_minimal_service:/home/colby/ros2_ws/install/examples_rclcpp_minimal_publisher:/home/colby/ros2_ws/install/examples_rclcpp_minimal_composition:/home/colby/ros2_ws/install/examples_rclcpp_minimal_client:/home/colby/ros2_ws/install/examples_rclcpp_minimal_action_server:/home/colby/ros2_ws/install/examples_rclcpp_minimal_action_client:/home/colby/ros2_ws/install/examples_rclcpp_cbg_executor:/home/colby/ros2_ws/install/examples_rclcpp_async_client:/home/colby/srs_ws/install/yolo_prediction:/home/colby/srs_ws/install/srs_realsense:/home/colby/srs_ws/install/srs_launch_files:/home/colby/srs_ws/install/srs_control:/home/colby/srs_ws/install/picking_info:/home/colby/ros2_ws/install/py_srvcli:/home/colby/ros2_ws/install/py_pubsub:/home/colby/ros2_ws/install/python_parameters:/home/colby/ros2_ws/install/my_package:/home/colby/ros2_ws/install/launch_testing_examples:/home/colby/ros2_ws/install/examples_rclpy_pointcloud_publisher:/home/colby/ros2_ws/install/examples_rclpy_minimal_subscriber:/home/colby/ros2_ws/install/examples_rclpy_minimal_service:/home/colby/ros2_ws/install/examples_rclpy_minimal_publisher:/home/colby/ros2_ws/install/examples_rclpy_minimal_client:/home/colby/ros2_ws/install/examples_rclpy_minimal_action_server:/home/colby/ros2_ws/install/examples_rclpy_minimal_action_client:/home/colby/ros2_ws/install/examples_rclpy_guard_conditions:/home/colby/ros2_ws/install/examples_rclpy_executors:/opt/ros/humble LD_LIBRARY_PATH=/home/colby/srs_ws/install/realsense2_camera_msgs/lib:/home/colby/srs_ws/install/realsense2_camera/lib:/home/colby/ros2_ws/install/tutorial_interfaces/lib:/home/colby/ros2_ws/install/turtlesim/lib:/home/colby/ros2_ws/install/examples_rclcpp_wait_set/lib:/home/colby/ros2_ws/install/examples_rclcpp_minimal_subscriber/lib:/home/colby/ros2_ws/install/examples_rclcpp_minimal_composition/lib:/opt/ros/humble/opt/rviz_ogre_vendor/lib:/opt/ros/humble/lib/x86_64-linux-gnu:/opt/ros/humble/lib /usr/bin/cmake --build /home/colby/srs_ws/build/realsense2_camera -- -j12 -l12
[16.761s] Invoking command in '/home/colby/srs_ws/build/realsense2_camera': CMAKE_PREFIX_PATH=/home/colby/srs_ws/install/realsense2_camera_msgs:/home/colby/srs_ws/install/realsense2_description:/home/colby/srs_ws/install/realsense2_camera:/home/colby/ros2_ws/install/tutorial_interfaces:/home/colby/ros2_ws/install/turtlesim:/home/colby/ros2_ws/install/examples_rclcpp_wait_set:/home/colby/ros2_ws/install/examples_rclcpp_multithreaded_executor:/home/colby/ros2_ws/install/examples_rclcpp_minimal_timer:/home/colby/ros2_ws/install/examples_rclcpp_minimal_subscriber:/home/colby/ros2_ws/install/examples_rclcpp_minimal_service:/home/colby/ros2_ws/install/examples_rclcpp_minimal_publisher:/home/colby/ros2_ws/install/examples_rclcpp_minimal_composition:/home/colby/ros2_ws/install/examples_rclcpp_minimal_client:/home/colby/ros2_ws/install/examples_rclcpp_minimal_action_server:/home/colby/ros2_ws/install/examples_rclcpp_minimal_action_client:/home/colby/ros2_ws/install/examples_rclcpp_cbg_executor:/home/colby/ros2_ws/install/examples_rclcpp_async_client:/home/colby/srs_ws/install/yolo_prediction:/home/colby/srs_ws/install/srs_realsense:/home/colby/srs_ws/install/srs_launch_files:/home/colby/srs_ws/install/srs_control:/home/colby/srs_ws/install/picking_info:/home/colby/ros2_ws/install/py_srvcli:/home/colby/ros2_ws/install/py_pubsub:/home/colby/ros2_ws/install/python_parameters:/home/colby/ros2_ws/install/my_package:/home/colby/ros2_ws/install/launch_testing_examples:/home/colby/ros2_ws/install/examples_rclpy_pointcloud_publisher:/home/colby/ros2_ws/install/examples_rclpy_minimal_subscriber:/home/colby/ros2_ws/install/examples_rclpy_minimal_service:/home/colby/ros2_ws/install/examples_rclpy_minimal_publisher:/home/colby/ros2_ws/install/examples_rclpy_minimal_client:/home/colby/ros2_ws/install/examples_rclpy_minimal_action_server:/home/colby/ros2_ws/install/examples_rclpy_minimal_action_client:/home/colby/ros2_ws/install/examples_rclpy_guard_conditions:/home/colby/ros2_ws/install/examples_rclpy_executors:/opt/ros/humble LD_LIBRARY_PATH=/home/colby/srs_ws/install/realsense2_camera_msgs/lib:/home/colby/srs_ws/install/realsense2_camera/lib:/home/colby/ros2_ws/install/tutorial_interfaces/lib:/home/colby/ros2_ws/install/turtlesim/lib:/home/colby/ros2_ws/install/examples_rclcpp_wait_set/lib:/home/colby/ros2_ws/install/examples_rclcpp_minimal_subscriber/lib:/home/colby/ros2_ws/install/examples_rclcpp_minimal_composition/lib:/opt/ros/humble/opt/rviz_ogre_vendor/lib:/opt/ros/humble/lib/x86_64-linux-gnu:/opt/ros/humble/lib /usr/bin/cmake --install /home/colby/srs_ws/build/realsense2_camera
[16.765s] -- Install configuration: "Release"
[16.766s] -- Installing: /home/colby/srs_ws/install/realsense2_camera/lib/realsense2_camera/realsense2_camera_node
[16.766s] -- Set runtime path of "/home/colby/srs_ws/install/realsense2_camera/lib/realsense2_camera/realsense2_camera_node" to ""
[16.767s] -- Installing: /home/colby/srs_ws/install/realsense2_camera/lib/librealsense2_camera.so
[16.769s] -- Set runtime path of "/home/colby/srs_ws/install/realsense2_camera/lib/librealsense2_camera.so" to ""
[16.769s] -- Up-to-date: /home/colby/srs_ws/install/realsense2_camera/include
[16.769s] -- Up-to-date: /home/colby/srs_ws/install/realsense2_camera/include/gl_window.h
[16.769s] -- Up-to-date: /home/colby/srs_ws/install/realsense2_camera/include/image_publisher.h
[16.769s] -- Up-to-date: /home/colby/srs_ws/install/realsense2_camera/include/profile_manager.h
[16.769s] -- Up-to-date: /home/colby/srs_ws/install/realsense2_camera/include/dynamic_params.h
[16.769s] -- Up-to-date: /home/colby/srs_ws/install/realsense2_camera/include/ros_utils.h
[16.769s] -- Up-to-date: /home/colby/srs_ws/install/realsense2_camera/include/realsense_node_factory.h
[16.769s] -- Up-to-date: /home/colby/srs_ws/install/realsense2_camera/include/constants.h
[16.769s] -- Up-to-date: /home/colby/srs_ws/install/realsense2_camera/include/sensor_params.h
[16.769s] -- Up-to-date: /home/colby/srs_ws/install/realsense2_camera/include/named_filter.h
[16.769s] -- Up-to-date: /home/colby/srs_ws/install/realsense2_camera/include/ros_sensor.h
[16.769s] -- Up-to-date: /home/colby/srs_ws/install/realsense2_camera/include/ros_param_backend.h
[16.769s] -- Up-to-date: /home/colby/srs_ws/install/realsense2_camera/include/base_realsense_node.h
[16.769s] -- Up-to-date: /home/colby/srs_ws/install/realsense2_camera/share/realsense2_camera/launch
[16.770s] -- Up-to-date: /home/colby/srs_ws/install/realsense2_camera/share/realsense2_camera/launch/rs_launch.py
[16.770s] -- Up-to-date: /home/colby/srs_ws/install/realsense2_camera/share/realsense2_camera/launch/rs_multi_camera_launch.py
[16.770s] -- Up-to-date: /home/colby/srs_ws/install/realsense2_camera/share/realsense2_camera/launch/rs_intra_process_demo_launch.py
[16.770s] -- Up-to-date: /home/colby/srs_ws/install/realsense2_camera/share/realsense2_camera/launch/default.rviz
[16.770s] -- Up-to-date: /home/colby/srs_ws/install/realsense2_camera/share/realsense2_camera/examples
[16.770s] -- Up-to-date: /home/colby/srs_ws/install/realsense2_camera/share/realsense2_camera/examples/pointcloud
[16.770s] -- Up-to-date: /home/colby/srs_ws/install/realsense2_camera/share/realsense2_camera/examples/pointcloud/README.md
[16.770s] -- Up-to-date: /home/colby/srs_ws/install/realsense2_camera/share/realsense2_camera/examples/pointcloud/rs_d455_pointcloud_launch.py
[16.770s] -- Up-to-date: /home/colby/srs_ws/install/realsense2_camera/share/realsense2_camera/examples/pointcloud/rs_d405_pointcloud_launch.py
[16.770s] -- Up-to-date: /home/colby/srs_ws/install/realsense2_camera/share/realsense2_camera/examples/pointcloud/rviz
[16.770s] -- Up-to-date: /home/colby/srs_ws/install/realsense2_camera/share/realsense2_camera/examples/pointcloud/rviz/pointcloud.rviz
[16.770s] -- Up-to-date: /home/colby/srs_ws/install/realsense2_camera/share/realsense2_camera/examples/pointcloud/rviz/urdf_pointcloud.rviz
[16.770s] -- Up-to-date: /home/colby/srs_ws/install/realsense2_camera/share/realsense2_camera/examples/pointcloud/rs_pointcloud_launch.py
[16.770s] -- Up-to-date: /home/colby/srs_ws/install/realsense2_camera/share/realsense2_camera/examples/launch_from_rosbag
[16.770s] -- Up-to-date: /home/colby/srs_ws/install/realsense2_camera/share/realsense2_camera/examples/launch_from_rosbag/rs_launch_from_rosbag.py
[16.770s] -- Up-to-date: /home/colby/srs_ws/install/realsense2_camera/share/realsense2_camera/examples/launch_from_rosbag/README.md
[16.770s] -- Up-to-date: /home/colby/srs_ws/install/realsense2_camera/share/realsense2_camera/examples/align_depth
[16.771s] -- Up-to-date: /home/colby/srs_ws/install/realsense2_camera/share/realsense2_camera/examples/align_depth/rs_align_depth_launch.py
[16.771s] -- Up-to-date: /home/colby/srs_ws/install/realsense2_camera/share/realsense2_camera/examples/align_depth/README.md
[16.771s] -- Up-to-date: /home/colby/srs_ws/install/realsense2_camera/share/realsense2_camera/examples/dual_camera
[16.771s] -- Up-to-date: /home/colby/srs_ws/install/realsense2_camera/share/realsense2_camera/examples/dual_camera/README.md
[16.771s] -- Up-to-date: /home/colby/srs_ws/install/realsense2_camera/share/realsense2_camera/examples/dual_camera/rviz
[16.771s] -- Up-to-date: /home/colby/srs_ws/install/realsense2_camera/share/realsense2_camera/examples/dual_camera/rviz/dual_camera_pointcloud.rviz
[16.771s] -- Up-to-date: /home/colby/srs_ws/install/realsense2_camera/share/realsense2_camera/examples/dual_camera/rs_dual_camera_launch.py
[16.771s] -- Up-to-date: /home/colby/srs_ws/install/realsense2_camera/share/realsense2_camera/examples/launch_params_from_file
[16.772s] -- Up-to-date: /home/colby/srs_ws/install/realsense2_camera/share/realsense2_camera/examples/launch_params_from_file/README.md
[16.772s] -- Up-to-date: /home/colby/srs_ws/install/realsense2_camera/share/realsense2_camera/examples/launch_params_from_file/rs_launch_get_params_from_yaml.py
[16.772s] -- Up-to-date: /home/colby/srs_ws/install/realsense2_camera/share/realsense2_camera/examples/launch_params_from_file/config
[16.772s] -- Up-to-date: /home/colby/srs_ws/install/realsense2_camera/share/realsense2_camera/examples/launch_params_from_file/config/config.yaml
[16.772s] -- Up-to-date: /home/colby/srs_ws/install/realsense2_camera/share/realsense2_camera/environment/library_path.sh
[16.773s] -- Up-to-date: /home/colby/srs_ws/install/realsense2_camera/share/realsense2_camera/environment/library_path.dsv
[16.773s] -- Up-to-date: /home/colby/srs_ws/install/realsense2_camera/share/ament_index/resource_index/package_run_dependencies/realsense2_camera
[16.774s] -- Up-to-date: /home/colby/srs_ws/install/realsense2_camera/share/ament_index/resource_index/parent_prefix_path/realsense2_camera
[16.775s] -- Up-to-date: /home/colby/srs_ws/install/realsense2_camera/share/realsense2_camera/environment/ament_prefix_path.sh
[16.775s] -- Up-to-date: /home/colby/srs_ws/install/realsense2_camera/share/realsense2_camera/environment/ament_prefix_path.dsv
[16.775s] -- Up-to-date: /home/colby/srs_ws/install/realsense2_camera/share/realsense2_camera/environment/path.sh
[16.775s] -- Up-to-date: /home/colby/srs_ws/install/realsense2_camera/share/realsense2_camera/environment/path.dsv
[16.775s] -- Up-to-date: /home/colby/srs_ws/install/realsense2_camera/share/realsense2_camera/local_setup.bash
[16.775s] -- Up-to-date: /home/colby/srs_ws/install/realsense2_camera/share/realsense2_camera/local_setup.sh
[16.775s] -- Up-to-date: /home/colby/srs_ws/install/realsense2_camera/share/realsense2_camera/local_setup.zsh
[16.776s] -- Up-to-date: /home/colby/srs_ws/install/realsense2_camera/share/realsense2_camera/local_setup.dsv
[16.776s] -- Installing: /home/colby/srs_ws/install/realsense2_camera/share/realsense2_camera/package.dsv
[16.776s] -- Up-to-date: /home/colby/srs_ws/install/realsense2_camera/share/ament_index/resource_index/packages/realsense2_camera
[16.776s] -- Up-to-date: /home/colby/srs_ws/install/realsense2_camera/share/ament_index/resource_index/rclcpp_components/realsense2_camera
[16.776s] -- Up-to-date: /home/colby/srs_ws/install/realsense2_camera/share/realsense2_camera/cmake/ament_cmake_export_include_directories-extras.cmake
[16.777s] -- Up-to-date: /home/colby/srs_ws/install/realsense2_camera/share/realsense2_camera/cmake/ament_cmake_export_libraries-extras.cmake
[16.777s] -- Up-to-date: /home/colby/srs_ws/install/realsense2_camera/share/realsense2_camera/cmake/ament_cmake_export_dependencies-extras.cmake
[16.777s] -- Up-to-date: /home/colby/srs_ws/install/realsense2_camera/share/realsense2_camera/cmake/realsense2_cameraConfig.cmake
[16.777s] -- Up-to-date: /home/colby/srs_ws/install/realsense2_camera/share/realsense2_camera/cmake/realsense2_cameraConfig-version.cmake
[16.777s] -- Up-to-date: /home/colby/srs_ws/install/realsense2_camera/share/realsense2_camera/package.xml
[16.779s] Invoked command in '/home/colby/srs_ws/build/realsense2_camera' returned '0': CMAKE_PREFIX_PATH=/home/colby/srs_ws/install/realsense2_camera_msgs:/home/colby/srs_ws/install/realsense2_description:/home/colby/srs_ws/install/realsense2_camera:/home/colby/ros2_ws/install/tutorial_interfaces:/home/colby/ros2_ws/install/turtlesim:/home/colby/ros2_ws/install/examples_rclcpp_wait_set:/home/colby/ros2_ws/install/examples_rclcpp_multithreaded_executor:/home/colby/ros2_ws/install/examples_rclcpp_minimal_timer:/home/colby/ros2_ws/install/examples_rclcpp_minimal_subscriber:/home/colby/ros2_ws/install/examples_rclcpp_minimal_service:/home/colby/ros2_ws/install/examples_rclcpp_minimal_publisher:/home/colby/ros2_ws/install/examples_rclcpp_minimal_composition:/home/colby/ros2_ws/install/examples_rclcpp_minimal_client:/home/colby/ros2_ws/install/examples_rclcpp_minimal_action_server:/home/colby/ros2_ws/install/examples_rclcpp_minimal_action_client:/home/colby/ros2_ws/install/examples_rclcpp_cbg_executor:/home/colby/ros2_ws/install/examples_rclcpp_async_client:/home/colby/srs_ws/install/yolo_prediction:/home/colby/srs_ws/install/srs_realsense:/home/colby/srs_ws/install/srs_launch_files:/home/colby/srs_ws/install/srs_control:/home/colby/srs_ws/install/picking_info:/home/colby/ros2_ws/install/py_srvcli:/home/colby/ros2_ws/install/py_pubsub:/home/colby/ros2_ws/install/python_parameters:/home/colby/ros2_ws/install/my_package:/home/colby/ros2_ws/install/launch_testing_examples:/home/colby/ros2_ws/install/examples_rclpy_pointcloud_publisher:/home/colby/ros2_ws/install/examples_rclpy_minimal_subscriber:/home/colby/ros2_ws/install/examples_rclpy_minimal_service:/home/colby/ros2_ws/install/examples_rclpy_minimal_publisher:/home/colby/ros2_ws/install/examples_rclpy_minimal_client:/home/colby/ros2_ws/install/examples_rclpy_minimal_action_server:/home/colby/ros2_ws/install/examples_rclpy_minimal_action_client:/home/colby/ros2_ws/install/examples_rclpy_guard_conditions:/home/colby/ros2_ws/install/examples_rclpy_executors:/opt/ros/humble LD_LIBRARY_PATH=/home/colby/srs_ws/install/realsense2_camera_msgs/lib:/home/colby/srs_ws/install/realsense2_camera/lib:/home/colby/ros2_ws/install/tutorial_interfaces/lib:/home/colby/ros2_ws/install/turtlesim/lib:/home/colby/ros2_ws/install/examples_rclcpp_wait_set/lib:/home/colby/ros2_ws/install/examples_rclcpp_minimal_subscriber/lib:/home/colby/ros2_ws/install/examples_rclcpp_minimal_composition/lib:/opt/ros/humble/opt/rviz_ogre_vendor/lib:/opt/ros/humble/lib/x86_64-linux-gnu:/opt/ros/humble/lib /usr/bin/cmake --install /home/colby/srs_ws/build/realsense2_camera
