[0.032s] Invoking command in '/home/colby/srs_ws/build/realsense2_camera_msgs': CMAKE_PREFIX_PATH=${CMAKE_PREFIX_PATH}:/home/colby/srs_ws/install/yolo_prediction:/home/colby/srs_ws/install/ur5_arm_movement:/home/colby/srs_ws/install/synced_image_publisher:/home/colby/srs_ws/install/srs_realsense:/home/colby/srs_ws/install/srs_launch_files:/home/colby/srs_ws/install/srs_control:/home/colby/srs_ws/install/realsense_subscriber:/home/colby/srs_ws/install/picking_info:/home/colby/srs_ws/install/gripper_orientation:/home/colby/ros2_ws/install/py_srvcli:/home/colby/ros2_ws/install/py_pubsub:/home/colby/ros2_ws/install/python_parameters:/home/colby/ros2_ws/install/my_package:/home/colby/ros2_ws/install/launch_testing_examples:/home/colby/ros2_ws/install/examples_rclpy_pointcloud_publisher:/home/colby/ros2_ws/install/examples_rclpy_minimal_subscriber:/home/colby/ros2_ws/install/examples_rclpy_minimal_service:/home/colby/ros2_ws/install/examples_rclpy_minimal_publisher:/home/colby/ros2_ws/install/examples_rclpy_minimal_client:/home/colby/ros2_ws/install/examples_rclpy_minimal_action_server:/home/colby/ros2_ws/install/examples_rclpy_minimal_action_client:/home/colby/ros2_ws/install/examples_rclpy_guard_conditions:/home/colby/ros2_ws/install/examples_rclpy_executors:/opt/ros/humble /usr/bin/cmake /home/colby/srs_ws/src/realsense-ros/realsense2_camera_msgs -DCMAKE_INSTALL_PREFIX=/home/colby/srs_ws/install/realsense2_camera_msgs
[0.570s] -- The C compiler identification is GNU 11.4.0
[0.570s] -- The CXX compiler identification is GNU 11.4.0
[0.570s] -- Detecting C compiler ABI info
[0.571s] -- Detecting C compiler ABI info - done
[0.571s] -- Check for working C compiler: /usr/bin/cc - skipped
[0.571s] -- Detecting C compile features
[0.571s] -- Detecting C compile features - done
[0.571s] -- Detecting CXX compiler ABI info
[0.571s] -- Detecting CXX compiler ABI info - done
[0.571s] -- Check for working CXX compiler: /usr/bin/c++ - skipped
[0.571s] -- Detecting CXX compile features
[0.571s] -- Detecting CXX compile features - done
[0.571s] -- Found ament_cmake: 1.3.11 (/opt/ros/humble/share/ament_cmake/cmake)
[0.571s] -- Found Python3: /usr/bin/python3 (found version "3.10.12") found components: Interpreter 
[0.593s] -- Found rosidl_default_generators: 1.2.0 (/opt/ros/humble/share/rosidl_default_generators/cmake)
[0.599s] -- Using all available rosidl_typesupport_c: rosidl_typesupport_fastrtps_c;rosidl_typesupport_introspection_c
[0.609s] -- Found rosidl_adapter: 3.1.6 (/opt/ros/humble/share/rosidl_adapter/cmake)
[0.649s] -- Using all available rosidl_typesupport_cpp: rosidl_typesupport_fastrtps_cpp;rosidl_typesupport_introspection_cpp
[0.677s] -- Found builtin_interfaces: 1.2.1 (/opt/ros/humble/share/builtin_interfaces/cmake)
[0.689s] -- Found std_msgs: 4.2.4 (/opt/ros/humble/share/std_msgs/cmake)
[0.699s] -- Found sensor_msgs: 4.2.4 (/opt/ros/humble/share/sensor_msgs/cmake)
[0.984s] -- Found ament_cmake_cppcheck: 0.12.11 (/opt/ros/humble/share/ament_cmake_cppcheck/cmake)
[0.988s] -- Found ament_cmake_cpplint: 0.12.11 (/opt/ros/humble/share/ament_cmake_cpplint/cmake)
[0.991s] -- Found ament_cmake_uncrustify: 0.12.11 (/opt/ros/humble/share/ament_cmake_uncrustify/cmake)
[0.995s] -- Found ament_cmake_ros: 0.10.0 (/opt/ros/humble/share/ament_cmake_ros/cmake)
[1.220s] -- Using all available rosidl_typesupport_c: rosidl_typesupport_fastrtps_c;rosidl_typesupport_introspection_c
[1.506s] -- Using all available rosidl_typesupport_cpp: rosidl_typesupport_fastrtps_cpp;rosidl_typesupport_introspection_cpp
[1.525s] -- Found PythonInterp: /usr/bin/python3 (found suitable version "3.10.12", minimum required is "3.6") 
[1.527s] -- Found python_cmake_module: 0.10.0 (/opt/ros/humble/share/python_cmake_module/cmake)
[1.548s] -- Found PythonLibs: /usr/lib/x86_64-linux-gnu/libpython3.10.so (found suitable version "3.10.12", minimum required is "3.5") 
[1.548s] -- Using PYTHON_EXECUTABLE: /usr/bin/python3
[1.548s] -- Using PYTHON_INCLUDE_DIRS: /usr/include/python3.10
[1.548s] -- Using PYTHON_LIBRARIES: /usr/lib/x86_64-linux-gnu/libpython3.10.so
[1.564s] -- Found PythonExtra: .so  
[1.621s] -- Found ament_cmake_flake8: 0.12.11 (/opt/ros/humble/share/ament_cmake_flake8/cmake)
[1.623s] -- Found ament_cmake_pep257: 0.12.11 (/opt/ros/humble/share/ament_cmake_pep257/cmake)
[1.630s] -- Configuring done
[1.657s] -- Generating done
[1.663s] -- Build files have been written to: /home/colby/srs_ws/build/realsense2_camera_msgs
[1.674s] Invoked command in '/home/colby/srs_ws/build/realsense2_camera_msgs' returned '0': CMAKE_PREFIX_PATH=${CMAKE_PREFIX_PATH}:/home/colby/srs_ws/install/yolo_prediction:/home/colby/srs_ws/install/ur5_arm_movement:/home/colby/srs_ws/install/synced_image_publisher:/home/colby/srs_ws/install/srs_realsense:/home/colby/srs_ws/install/srs_launch_files:/home/colby/srs_ws/install/srs_control:/home/colby/srs_ws/install/realsense_subscriber:/home/colby/srs_ws/install/picking_info:/home/colby/srs_ws/install/gripper_orientation:/home/colby/ros2_ws/install/py_srvcli:/home/colby/ros2_ws/install/py_pubsub:/home/colby/ros2_ws/install/python_parameters:/home/colby/ros2_ws/install/my_package:/home/colby/ros2_ws/install/launch_testing_examples:/home/colby/ros2_ws/install/examples_rclpy_pointcloud_publisher:/home/colby/ros2_ws/install/examples_rclpy_minimal_subscriber:/home/colby/ros2_ws/install/examples_rclpy_minimal_service:/home/colby/ros2_ws/install/examples_rclpy_minimal_publisher:/home/colby/ros2_ws/install/examples_rclpy_minimal_client:/home/colby/ros2_ws/install/examples_rclpy_minimal_action_server:/home/colby/ros2_ws/install/examples_rclpy_minimal_action_client:/home/colby/ros2_ws/install/examples_rclpy_guard_conditions:/home/colby/ros2_ws/install/examples_rclpy_executors:/opt/ros/humble /usr/bin/cmake /home/colby/srs_ws/src/realsense-ros/realsense2_camera_msgs -DCMAKE_INSTALL_PREFIX=/home/colby/srs_ws/install/realsense2_camera_msgs
[1.675s] Invoking command in '/home/colby/srs_ws/build/realsense2_camera_msgs': CMAKE_PREFIX_PATH=${CMAKE_PREFIX_PATH}:/home/colby/srs_ws/install/yolo_prediction:/home/colby/srs_ws/install/ur5_arm_movement:/home/colby/srs_ws/install/synced_image_publisher:/home/colby/srs_ws/install/srs_realsense:/home/colby/srs_ws/install/srs_launch_files:/home/colby/srs_ws/install/srs_control:/home/colby/srs_ws/install/realsense_subscriber:/home/colby/srs_ws/install/picking_info:/home/colby/srs_ws/install/gripper_orientation:/home/colby/ros2_ws/install/py_srvcli:/home/colby/ros2_ws/install/py_pubsub:/home/colby/ros2_ws/install/python_parameters:/home/colby/ros2_ws/install/my_package:/home/colby/ros2_ws/install/launch_testing_examples:/home/colby/ros2_ws/install/examples_rclpy_pointcloud_publisher:/home/colby/ros2_ws/install/examples_rclpy_minimal_subscriber:/home/colby/ros2_ws/install/examples_rclpy_minimal_service:/home/colby/ros2_ws/install/examples_rclpy_minimal_publisher:/home/colby/ros2_ws/install/examples_rclpy_minimal_client:/home/colby/ros2_ws/install/examples_rclpy_minimal_action_server:/home/colby/ros2_ws/install/examples_rclpy_minimal_action_client:/home/colby/ros2_ws/install/examples_rclpy_guard_conditions:/home/colby/ros2_ws/install/examples_rclpy_executors:/opt/ros/humble /usr/bin/cmake --build /home/colby/srs_ws/build/realsense2_camera_msgs -- -j12 -l12
[1.701s] [  1%] [34m[1mGenerating C code for ROS interfaces[0m
[1.705s] [  3%] [34m[1mGenerating C++ code for ROS interfaces[0m
[1.707s] [  3%] Built target ament_cmake_python_copy_realsense2_camera_msgs
[1.829s] running egg_info
[1.841s] creating realsense2_camera_msgs.egg-info
[1.841s] writing realsense2_camera_msgs.egg-info/PKG-INFO
[1.841s] writing dependency_links to realsense2_camera_msgs.egg-info/dependency_links.txt
[1.841s] writing top-level names to realsense2_camera_msgs.egg-info/top_level.txt
[1.841s] writing manifest file 'realsense2_camera_msgs.egg-info/SOURCES.txt'
[1.868s] reading manifest file 'realsense2_camera_msgs.egg-info/SOURCES.txt'
[1.868s] writing manifest file 'realsense2_camera_msgs.egg-info/SOURCES.txt'
[1.886s] [  3%] Built target ament_cmake_python_build_realsense2_camera_msgs_egg
[2.008s] [  4%] [32mBuilding C object CMakeFiles/realsense2_camera_msgs__rosidl_generator_c.dir/rosidl_generator_c/realsense2_camera_msgs/msg/detail/imu_info__functions.c.o[0m
[2.009s] [  6%] [32mBuilding C object CMakeFiles/realsense2_camera_msgs__rosidl_generator_c.dir/rosidl_generator_c/realsense2_camera_msgs/msg/detail/rgbd__functions.c.o[0m
[2.009s] [  9%] [32mBuilding C object CMakeFiles/realsense2_camera_msgs__rosidl_generator_c.dir/rosidl_generator_c/realsense2_camera_msgs/msg/detail/metadata__functions.c.o[0m
[2.009s] [  9%] [32mBuilding C object CMakeFiles/realsense2_camera_msgs__rosidl_generator_c.dir/rosidl_generator_c/realsense2_camera_msgs/srv/detail/device_info__functions.c.o[0m
[2.009s] [ 11%] [32mBuilding C object CMakeFiles/realsense2_camera_msgs__rosidl_generator_c.dir/rosidl_generator_c/realsense2_camera_msgs/msg/detail/extrinsics__functions.c.o[0m
[2.023s] [ 11%] Built target realsense2_camera_msgs__cpp
[2.030s] [ 15%] [34m[1mGenerating C++ type support dispatch for ROS interfaces[0m
[2.030s] [ 15%] [34m[1mGenerating C++ type support for eProsima Fast-RTPS[0m
[2.030s] [ 15%] [34m[1mGenerating C++ introspection for ROS interfaces[0m
[2.064s] [ 17%] [32m[1mLinking C shared library librealsense2_camera_msgs__rosidl_generator_c.so[0m
[2.087s] [ 17%] Built target realsense2_camera_msgs__rosidl_generator_c
[2.094s] [ 22%] [34m[1mGenerating C type support dispatch for ROS interfaces[0m
[2.094s] [ 22%] [34m[1mGenerating C type support for eProsima Fast-RTPS[0m
[2.094s] [ 22%] [34m[1mGenerating C introspection for ROS interfaces[0m
[2.294s] [ 30%] [32mBuilding CXX object CMakeFiles/realsense2_camera_msgs__rosidl_typesupport_cpp.dir/rosidl_typesupport_cpp/realsense2_camera_msgs/srv/device_info__type_support.cpp.o[0m
[2.295s] [ 30%] [32mBuilding CXX object CMakeFiles/realsense2_camera_msgs__rosidl_typesupport_cpp.dir/rosidl_typesupport_cpp/realsense2_camera_msgs/msg/imu_info__type_support.cpp.o[0m
[2.295s] [ 30%] [32mBuilding CXX object CMakeFiles/realsense2_camera_msgs__rosidl_typesupport_cpp.dir/rosidl_typesupport_cpp/realsense2_camera_msgs/msg/extrinsics__type_support.cpp.o[0m
[2.295s] [ 30%] [32mBuilding CXX object CMakeFiles/realsense2_camera_msgs__rosidl_typesupport_cpp.dir/rosidl_typesupport_cpp/realsense2_camera_msgs/msg/metadata__type_support.cpp.o[0m
[2.295s] [ 30%] [32mBuilding CXX object CMakeFiles/realsense2_camera_msgs__rosidl_typesupport_cpp.dir/rosidl_typesupport_cpp/realsense2_camera_msgs/msg/rgbd__type_support.cpp.o[0m
[2.349s] [ 33%] [32mBuilding CXX object CMakeFiles/realsense2_camera_msgs__rosidl_typesupport_introspection_cpp.dir/rosidl_typesupport_introspection_cpp/realsense2_camera_msgs/msg/detail/imu_info__type_support.cpp.o[0m
[2.349s] [ 34%] [32mBuilding CXX object CMakeFiles/realsense2_camera_msgs__rosidl_typesupport_introspection_cpp.dir/rosidl_typesupport_introspection_cpp/realsense2_camera_msgs/msg/detail/extrinsics__type_support.cpp.o[0m
[2.349s] [ 34%] [32mBuilding CXX object CMakeFiles/realsense2_camera_msgs__rosidl_typesupport_introspection_cpp.dir/rosidl_typesupport_introspection_cpp/realsense2_camera_msgs/msg/detail/metadata__type_support.cpp.o[0m
[2.415s] [ 36%] [32mBuilding CXX object CMakeFiles/realsense2_camera_msgs__rosidl_typesupport_c.dir/rosidl_typesupport_c/realsense2_camera_msgs/msg/imu_info__type_support.cpp.o[0m
[2.443s] [ 38%] [32mBuilding CXX object CMakeFiles/realsense2_camera_msgs__rosidl_typesupport_fastrtps_cpp.dir/rosidl_typesupport_fastrtps_cpp/realsense2_camera_msgs/msg/detail/dds_fastrtps/imu_info__type_support.cpp.o[0m
[2.460s] [ 39%] [32mBuilding CXX object CMakeFiles/realsense2_camera_msgs__rosidl_typesupport_c.dir/rosidl_typesupport_c/realsense2_camera_msgs/msg/extrinsics__type_support.cpp.o[0m
[2.501s] [ 41%] [32mBuilding CXX object CMakeFiles/realsense2_camera_msgs__rosidl_typesupport_c.dir/rosidl_typesupport_c/realsense2_camera_msgs/msg/metadata__type_support.cpp.o[0m
[2.530s] [ 42%] [32mBuilding CXX object CMakeFiles/realsense2_camera_msgs__rosidl_typesupport_c.dir/rosidl_typesupport_c/realsense2_camera_msgs/msg/rgbd__type_support.cpp.o[0m
[2.547s] [ 44%] [32mBuilding C object CMakeFiles/realsense2_camera_msgs__rosidl_typesupport_introspection_c.dir/rosidl_typesupport_introspection_c/realsense2_camera_msgs/msg/detail/imu_info__type_support.c.o[0m
[2.563s] [ 47%] [32mBuilding CXX object CMakeFiles/realsense2_camera_msgs__rosidl_typesupport_c.dir/rosidl_typesupport_c/realsense2_camera_msgs/srv/device_info__type_support.cpp.o[0m
[2.563s] [ 47%] [32mBuilding CXX object CMakeFiles/realsense2_camera_msgs__rosidl_typesupport_fastrtps_cpp.dir/rosidl_typesupport_fastrtps_cpp/realsense2_camera_msgs/msg/detail/dds_fastrtps/extrinsics__type_support.cpp.o[0m
[2.567s] [ 50%] [32mBuilding CXX object CMakeFiles/realsense2_camera_msgs__rosidl_typesupport_fastrtps_c.dir/rosidl_typesupport_fastrtps_c/realsense2_camera_msgs/msg/detail/imu_info__type_support_c.cpp.o[0m
[2.567s] [ 50%] [32mBuilding CXX object CMakeFiles/realsense2_camera_msgs__rosidl_typesupport_fastrtps_cpp.dir/rosidl_typesupport_fastrtps_cpp/realsense2_camera_msgs/msg/detail/dds_fastrtps/metadata__type_support.cpp.o[0m
[2.568s] [ 52%] [32mBuilding CXX object CMakeFiles/realsense2_camera_msgs__rosidl_typesupport_introspection_cpp.dir/rosidl_typesupport_introspection_cpp/realsense2_camera_msgs/msg/detail/rgbd__type_support.cpp.o[0m
[2.574s] [ 55%] [32mBuilding CXX object CMakeFiles/realsense2_camera_msgs__rosidl_typesupport_fastrtps_c.dir/rosidl_typesupport_fastrtps_c/realsense2_camera_msgs/msg/detail/extrinsics__type_support_c.cpp.o[0m
[2.574s] [ 55%] [32m[1mLinking CXX shared library librealsense2_camera_msgs__rosidl_typesupport_cpp.so[0m
[2.587s] [ 57%] [32mBuilding C object CMakeFiles/realsense2_camera_msgs__rosidl_typesupport_introspection_c.dir/rosidl_typesupport_introspection_c/realsense2_camera_msgs/msg/detail/extrinsics__type_support.c.o[0m
[2.595s] [ 58%] [32m[1mLinking CXX shared library librealsense2_camera_msgs__rosidl_typesupport_c.so[0m
[2.615s] [ 58%] Built target realsense2_camera_msgs__rosidl_typesupport_cpp
[2.622s] [ 61%] [32mBuilding C object CMakeFiles/realsense2_camera_msgs__rosidl_typesupport_introspection_c.dir/rosidl_typesupport_introspection_c/realsense2_camera_msgs/msg/detail/metadata__type_support.c.o[0m
[2.623s] [ 61%] [32mBuilding C object CMakeFiles/realsense2_camera_msgs__rosidl_typesupport_introspection_c.dir/rosidl_typesupport_introspection_c/realsense2_camera_msgs/msg/detail/rgbd__type_support.c.o[0m
[2.640s] [ 61%] Built target realsense2_camera_msgs__rosidl_typesupport_c
[2.648s] [ 63%] [32mBuilding C object CMakeFiles/realsense2_camera_msgs__rosidl_typesupport_introspection_c.dir/rosidl_typesupport_introspection_c/realsense2_camera_msgs/srv/detail/device_info__type_support.c.o[0m
[2.657s] [ 65%] [32mBuilding CXX object CMakeFiles/realsense2_camera_msgs__rosidl_typesupport_introspection_cpp.dir/rosidl_typesupport_introspection_cpp/realsense2_camera_msgs/srv/detail/device_info__type_support.cpp.o[0m
[2.661s] [ 66%] [32mBuilding CXX object CMakeFiles/realsense2_camera_msgs__rosidl_typesupport_fastrtps_c.dir/rosidl_typesupport_fastrtps_c/realsense2_camera_msgs/msg/detail/metadata__type_support_c.cpp.o[0m
[2.682s] [ 68%] [32m[1mLinking C shared library librealsense2_camera_msgs__rosidl_typesupport_introspection_c.so[0m
[2.713s] [ 68%] Built target realsense2_camera_msgs__rosidl_typesupport_introspection_c
[2.723s] [ 69%] [32mBuilding CXX object CMakeFiles/realsense2_camera_msgs__rosidl_typesupport_fastrtps_c.dir/rosidl_typesupport_fastrtps_c/realsense2_camera_msgs/msg/detail/rgbd__type_support_c.cpp.o[0m
[2.743s] [ 71%] [32mBuilding CXX object CMakeFiles/realsense2_camera_msgs__rosidl_typesupport_fastrtps_c.dir/rosidl_typesupport_fastrtps_c/realsense2_camera_msgs/srv/detail/device_info__type_support_c.cpp.o[0m
[2.765s] [ 73%] [32mBuilding CXX object CMakeFiles/realsense2_camera_msgs__rosidl_typesupport_fastrtps_cpp.dir/rosidl_typesupport_fastrtps_cpp/realsense2_camera_msgs/msg/detail/dds_fastrtps/rgbd__type_support.cpp.o[0m
[2.782s] [ 74%] [32mBuilding CXX object CMakeFiles/realsense2_camera_msgs__rosidl_typesupport_fastrtps_cpp.dir/rosidl_typesupport_fastrtps_cpp/realsense2_camera_msgs/srv/detail/dds_fastrtps/device_info__type_support.cpp.o[0m
[3.023s] [ 76%] [32m[1mLinking CXX shared library librealsense2_camera_msgs__rosidl_typesupport_introspection_cpp.so[0m
[3.030s] [ 77%] [32m[1mLinking CXX shared library librealsense2_camera_msgs__rosidl_typesupport_fastrtps_c.so[0m
[3.079s] [ 77%] Built target realsense2_camera_msgs__rosidl_typesupport_introspection_cpp
[3.085s] [ 77%] Built target realsense2_camera_msgs__rosidl_typesupport_fastrtps_c
[3.116s] [ 79%] [32m[1mLinking CXX shared library librealsense2_camera_msgs__rosidl_typesupport_fastrtps_cpp.so[0m
[3.162s] [ 79%] Built target realsense2_camera_msgs__rosidl_typesupport_fastrtps_cpp
[3.172s] [ 79%] Built target realsense2_camera_msgs
[3.182s] [ 80%] [34m[1mGenerating Python code for ROS interfaces[0m
[3.600s] [ 80%] Built target realsense2_camera_msgs__py
[3.611s] [ 85%] [32mBuilding C object CMakeFiles/realsense2_camera_msgs__rosidl_generator_py.dir/rosidl_generator_py/realsense2_camera_msgs/msg/_rgbd_s.c.o[0m
[3.611s] [ 85%] [32mBuilding C object CMakeFiles/realsense2_camera_msgs__rosidl_generator_py.dir/rosidl_generator_py/realsense2_camera_msgs/msg/_extrinsics_s.c.o[0m
[3.611s] [ 85%] [32mBuilding C object CMakeFiles/realsense2_camera_msgs__rosidl_generator_py.dir/rosidl_generator_py/realsense2_camera_msgs/msg/_imu_info_s.c.o[0m
[3.611s] [ 87%] [32mBuilding C object CMakeFiles/realsense2_camera_msgs__rosidl_generator_py.dir/rosidl_generator_py/realsense2_camera_msgs/msg/_metadata_s.c.o[0m
[3.611s] [ 88%] [32mBuilding C object CMakeFiles/realsense2_camera_msgs__rosidl_generator_py.dir/rosidl_generator_py/realsense2_camera_msgs/srv/_device_info_s.c.o[0m
[3.690s] [ 90%] [32m[1mLinking C shared library rosidl_generator_py/realsense2_camera_msgs/librealsense2_camera_msgs__rosidl_generator_py.so[0m
[3.712s] [ 90%] Built target realsense2_camera_msgs__rosidl_generator_py
[3.723s] [ 95%] [32mBuilding C object CMakeFiles/realsense2_camera_msgs__rosidl_typesupport_c__pyext.dir/rosidl_generator_py/realsense2_camera_msgs/_realsense2_camera_msgs_s.ep.rosidl_typesupport_c.c.o[0m
[3.723s] [ 95%] [32mBuilding C object CMakeFiles/realsense2_camera_msgs__rosidl_typesupport_fastrtps_c__pyext.dir/rosidl_generator_py/realsense2_camera_msgs/_realsense2_camera_msgs_s.ep.rosidl_typesupport_fastrtps_c.c.o[0m
[3.723s] [ 95%] [32mBuilding C object CMakeFiles/realsense2_camera_msgs__rosidl_typesupport_introspection_c__pyext.dir/rosidl_generator_py/realsense2_camera_msgs/_realsense2_camera_msgs_s.ep.rosidl_typesupport_introspection_c.c.o[0m
[3.786s] [100%] [32m[1mLinking C shared library rosidl_generator_py/realsense2_camera_msgs/realsense2_camera_msgs_s__rosidl_typesupport_c.cpython-310-x86_64-linux-gnu.so[0m
[3.786s] [100%] [32m[1mLinking C shared library rosidl_generator_py/realsense2_camera_msgs/realsense2_camera_msgs_s__rosidl_typesupport_fastrtps_c.cpython-310-x86_64-linux-gnu.so[0m
[3.786s] [100%] [32m[1mLinking C shared library rosidl_generator_py/realsense2_camera_msgs/realsense2_camera_msgs_s__rosidl_typesupport_introspection_c.cpython-310-x86_64-linux-gnu.so[0m
[3.808s] [100%] Built target realsense2_camera_msgs__rosidl_typesupport_introspection_c__pyext
[3.808s] [100%] Built target realsense2_camera_msgs__rosidl_typesupport_c__pyext
[3.808s] [100%] Built target realsense2_camera_msgs__rosidl_typesupport_fastrtps_c__pyext
[3.814s] Invoked command in '/home/colby/srs_ws/build/realsense2_camera_msgs' returned '0': CMAKE_PREFIX_PATH=${CMAKE_PREFIX_PATH}:/home/colby/srs_ws/install/yolo_prediction:/home/colby/srs_ws/install/ur5_arm_movement:/home/colby/srs_ws/install/synced_image_publisher:/home/colby/srs_ws/install/srs_realsense:/home/colby/srs_ws/install/srs_launch_files:/home/colby/srs_ws/install/srs_control:/home/colby/srs_ws/install/realsense_subscriber:/home/colby/srs_ws/install/picking_info:/home/colby/srs_ws/install/gripper_orientation:/home/colby/ros2_ws/install/py_srvcli:/home/colby/ros2_ws/install/py_pubsub:/home/colby/ros2_ws/install/python_parameters:/home/colby/ros2_ws/install/my_package:/home/colby/ros2_ws/install/launch_testing_examples:/home/colby/ros2_ws/install/examples_rclpy_pointcloud_publisher:/home/colby/ros2_ws/install/examples_rclpy_minimal_subscriber:/home/colby/ros2_ws/install/examples_rclpy_minimal_service:/home/colby/ros2_ws/install/examples_rclpy_minimal_publisher:/home/colby/ros2_ws/install/examples_rclpy_minimal_client:/home/colby/ros2_ws/install/examples_rclpy_minimal_action_server:/home/colby/ros2_ws/install/examples_rclpy_minimal_action_client:/home/colby/ros2_ws/install/examples_rclpy_guard_conditions:/home/colby/ros2_ws/install/examples_rclpy_executors:/opt/ros/humble /usr/bin/cmake --build /home/colby/srs_ws/build/realsense2_camera_msgs -- -j12 -l12
[3.818s] Invoking command in '/home/colby/srs_ws/build/realsense2_camera_msgs': CMAKE_PREFIX_PATH=${CMAKE_PREFIX_PATH}:/home/colby/srs_ws/install/yolo_prediction:/home/colby/srs_ws/install/ur5_arm_movement:/home/colby/srs_ws/install/synced_image_publisher:/home/colby/srs_ws/install/srs_realsense:/home/colby/srs_ws/install/srs_launch_files:/home/colby/srs_ws/install/srs_control:/home/colby/srs_ws/install/realsense_subscriber:/home/colby/srs_ws/install/picking_info:/home/colby/srs_ws/install/gripper_orientation:/home/colby/ros2_ws/install/py_srvcli:/home/colby/ros2_ws/install/py_pubsub:/home/colby/ros2_ws/install/python_parameters:/home/colby/ros2_ws/install/my_package:/home/colby/ros2_ws/install/launch_testing_examples:/home/colby/ros2_ws/install/examples_rclpy_pointcloud_publisher:/home/colby/ros2_ws/install/examples_rclpy_minimal_subscriber:/home/colby/ros2_ws/install/examples_rclpy_minimal_service:/home/colby/ros2_ws/install/examples_rclpy_minimal_publisher:/home/colby/ros2_ws/install/examples_rclpy_minimal_client:/home/colby/ros2_ws/install/examples_rclpy_minimal_action_server:/home/colby/ros2_ws/install/examples_rclpy_minimal_action_client:/home/colby/ros2_ws/install/examples_rclpy_guard_conditions:/home/colby/ros2_ws/install/examples_rclpy_executors:/opt/ros/humble /usr/bin/cmake --install /home/colby/srs_ws/build/realsense2_camera_msgs
[3.821s] -- Install configuration: ""
[3.822s] -- Installing: /home/colby/srs_ws/install/realsense2_camera_msgs/share/ament_index/resource_index/rosidl_interfaces/realsense2_camera_msgs
[3.822s] -- Installing: /home/colby/srs_ws/install/realsense2_camera_msgs/include/realsense2_camera_msgs/realsense2_camera_msgs
[3.822s] -- Installing: /home/colby/srs_ws/install/realsense2_camera_msgs/include/realsense2_camera_msgs/realsense2_camera_msgs/srv
[3.822s] -- Installing: /home/colby/srs_ws/install/realsense2_camera_msgs/include/realsense2_camera_msgs/realsense2_camera_msgs/srv/detail
[3.822s] -- Installing: /home/colby/srs_ws/install/realsense2_camera_msgs/include/realsense2_camera_msgs/realsense2_camera_msgs/srv/detail/device_info__functions.h
[3.822s] -- Installing: /home/colby/srs_ws/install/realsense2_camera_msgs/include/realsense2_camera_msgs/realsense2_camera_msgs/srv/detail/device_info__struct.h
[3.822s] -- Installing: /home/colby/srs_ws/install/realsense2_camera_msgs/include/realsense2_camera_msgs/realsense2_camera_msgs/srv/detail/device_info__type_support.h
[3.822s] -- Installing: /home/colby/srs_ws/install/realsense2_camera_msgs/include/realsense2_camera_msgs/realsense2_camera_msgs/srv/detail/device_info__functions.c
[3.822s] -- Installing: /home/colby/srs_ws/install/realsense2_camera_msgs/include/realsense2_camera_msgs/realsense2_camera_msgs/srv/device_info.h
[3.822s] -- Installing: /home/colby/srs_ws/install/realsense2_camera_msgs/include/realsense2_camera_msgs/realsense2_camera_msgs/msg
[3.822s] -- Installing: /home/colby/srs_ws/install/realsense2_camera_msgs/include/realsense2_camera_msgs/realsense2_camera_msgs/msg/metadata.h
[3.822s] -- Installing: /home/colby/srs_ws/install/realsense2_camera_msgs/include/realsense2_camera_msgs/realsense2_camera_msgs/msg/imu_info.h
[3.822s] -- Installing: /home/colby/srs_ws/install/realsense2_camera_msgs/include/realsense2_camera_msgs/realsense2_camera_msgs/msg/detail
[3.822s] -- Installing: /home/colby/srs_ws/install/realsense2_camera_msgs/include/realsense2_camera_msgs/realsense2_camera_msgs/msg/detail/rgbd__struct.h
[3.822s] -- Installing: /home/colby/srs_ws/install/realsense2_camera_msgs/include/realsense2_camera_msgs/realsense2_camera_msgs/msg/detail/rgbd__type_support.h
[3.822s] -- Installing: /home/colby/srs_ws/install/realsense2_camera_msgs/include/realsense2_camera_msgs/realsense2_camera_msgs/msg/detail/imu_info__functions.c
[3.822s] -- Installing: /home/colby/srs_ws/install/realsense2_camera_msgs/include/realsense2_camera_msgs/realsense2_camera_msgs/msg/detail/extrinsics__type_support.h
[3.822s] -- Installing: /home/colby/srs_ws/install/realsense2_camera_msgs/include/realsense2_camera_msgs/realsense2_camera_msgs/msg/detail/metadata__type_support.h
[3.822s] -- Installing: /home/colby/srs_ws/install/realsense2_camera_msgs/include/realsense2_camera_msgs/realsense2_camera_msgs/msg/detail/extrinsics__functions.h
[3.822s] -- Installing: /home/colby/srs_ws/install/realsense2_camera_msgs/include/realsense2_camera_msgs/realsense2_camera_msgs/msg/detail/imu_info__struct.h
[3.822s] -- Installing: /home/colby/srs_ws/install/realsense2_camera_msgs/include/realsense2_camera_msgs/realsense2_camera_msgs/msg/detail/extrinsics__struct.h
[3.822s] -- Installing: /home/colby/srs_ws/install/realsense2_camera_msgs/include/realsense2_camera_msgs/realsense2_camera_msgs/msg/detail/metadata__functions.c
[3.823s] -- Installing: /home/colby/srs_ws/install/realsense2_camera_msgs/include/realsense2_camera_msgs/realsense2_camera_msgs/msg/detail/metadata__struct.h
[3.823s] -- Installing: /home/colby/srs_ws/install/realsense2_camera_msgs/include/realsense2_camera_msgs/realsense2_camera_msgs/msg/detail/rgbd__functions.h
[3.823s] -- Installing: /home/colby/srs_ws/install/realsense2_camera_msgs/include/realsense2_camera_msgs/realsense2_camera_msgs/msg/detail/imu_info__functions.h
[3.823s] -- Installing: /home/colby/srs_ws/install/realsense2_camera_msgs/include/realsense2_camera_msgs/realsense2_camera_msgs/msg/detail/imu_info__type_support.h
[3.823s] -- Installing: /home/colby/srs_ws/install/realsense2_camera_msgs/include/realsense2_camera_msgs/realsense2_camera_msgs/msg/detail/metadata__functions.h
[3.823s] -- Installing: /home/colby/srs_ws/install/realsense2_camera_msgs/include/realsense2_camera_msgs/realsense2_camera_msgs/msg/detail/rgbd__functions.c
[3.823s] -- Installing: /home/colby/srs_ws/install/realsense2_camera_msgs/include/realsense2_camera_msgs/realsense2_camera_msgs/msg/detail/extrinsics__functions.c
[3.823s] -- Installing: /home/colby/srs_ws/install/realsense2_camera_msgs/include/realsense2_camera_msgs/realsense2_camera_msgs/msg/extrinsics.h
[3.823s] -- Installing: /home/colby/srs_ws/install/realsense2_camera_msgs/include/realsense2_camera_msgs/realsense2_camera_msgs/msg/rosidl_generator_c__visibility_control.h
[3.823s] -- Installing: /home/colby/srs_ws/install/realsense2_camera_msgs/include/realsense2_camera_msgs/realsense2_camera_msgs/msg/rgbd.h
[3.823s] -- Installing: /home/colby/srs_ws/install/realsense2_camera_msgs/share/realsense2_camera_msgs/environment/library_path.sh
[3.823s] -- Installing: /home/colby/srs_ws/install/realsense2_camera_msgs/share/realsense2_camera_msgs/environment/library_path.dsv
[3.823s] -- Installing: /home/colby/srs_ws/install/realsense2_camera_msgs/lib/librealsense2_camera_msgs__rosidl_generator_c.so
[3.823s] -- Set runtime path of "/home/colby/srs_ws/install/realsense2_camera_msgs/lib/librealsense2_camera_msgs__rosidl_generator_c.so" to ""
[3.823s] -- Up-to-date: /home/colby/srs_ws/install/realsense2_camera_msgs/include/realsense2_camera_msgs/realsense2_camera_msgs
[3.823s] -- Up-to-date: /home/colby/srs_ws/install/realsense2_camera_msgs/include/realsense2_camera_msgs/realsense2_camera_msgs/srv
[3.823s] -- Up-to-date: /home/colby/srs_ws/install/realsense2_camera_msgs/include/realsense2_camera_msgs/realsense2_camera_msgs/srv/detail
[3.823s] -- Installing: /home/colby/srs_ws/install/realsense2_camera_msgs/include/realsense2_camera_msgs/realsense2_camera_msgs/srv/detail/device_info__rosidl_typesupport_fastrtps_c.h
[3.823s] -- Up-to-date: /home/colby/srs_ws/install/realsense2_camera_msgs/include/realsense2_camera_msgs/realsense2_camera_msgs/msg
[3.823s] -- Up-to-date: /home/colby/srs_ws/install/realsense2_camera_msgs/include/realsense2_camera_msgs/realsense2_camera_msgs/msg/detail
[3.823s] -- Installing: /home/colby/srs_ws/install/realsense2_camera_msgs/include/realsense2_camera_msgs/realsense2_camera_msgs/msg/detail/metadata__rosidl_typesupport_fastrtps_c.h
[3.823s] -- Installing: /home/colby/srs_ws/install/realsense2_camera_msgs/include/realsense2_camera_msgs/realsense2_camera_msgs/msg/detail/rgbd__rosidl_typesupport_fastrtps_c.h
[3.823s] -- Installing: /home/colby/srs_ws/install/realsense2_camera_msgs/include/realsense2_camera_msgs/realsense2_camera_msgs/msg/detail/extrinsics__rosidl_typesupport_fastrtps_c.h
[3.823s] -- Installing: /home/colby/srs_ws/install/realsense2_camera_msgs/include/realsense2_camera_msgs/realsense2_camera_msgs/msg/detail/imu_info__rosidl_typesupport_fastrtps_c.h
[3.823s] -- Installing: /home/colby/srs_ws/install/realsense2_camera_msgs/include/realsense2_camera_msgs/realsense2_camera_msgs/msg/rosidl_typesupport_fastrtps_c__visibility_control.h
[3.823s] -- Installing: /home/colby/srs_ws/install/realsense2_camera_msgs/lib/librealsense2_camera_msgs__rosidl_typesupport_fastrtps_c.so
[3.823s] -- Set runtime path of "/home/colby/srs_ws/install/realsense2_camera_msgs/lib/librealsense2_camera_msgs__rosidl_typesupport_fastrtps_c.so" to ""
[3.824s] -- Up-to-date: /home/colby/srs_ws/install/realsense2_camera_msgs/include/realsense2_camera_msgs/realsense2_camera_msgs
[3.824s] -- Up-to-date: /home/colby/srs_ws/install/realsense2_camera_msgs/include/realsense2_camera_msgs/realsense2_camera_msgs/srv
[3.824s] -- Up-to-date: /home/colby/srs_ws/install/realsense2_camera_msgs/include/realsense2_camera_msgs/realsense2_camera_msgs/srv/detail
[3.824s] -- Installing: /home/colby/srs_ws/install/realsense2_camera_msgs/include/realsense2_camera_msgs/realsense2_camera_msgs/srv/detail/device_info__rosidl_typesupport_introspection_c.h
[3.824s] -- Installing: /home/colby/srs_ws/install/realsense2_camera_msgs/include/realsense2_camera_msgs/realsense2_camera_msgs/srv/detail/device_info__type_support.c
[3.824s] -- Up-to-date: /home/colby/srs_ws/install/realsense2_camera_msgs/include/realsense2_camera_msgs/realsense2_camera_msgs/msg
[3.824s] -- Installing: /home/colby/srs_ws/install/realsense2_camera_msgs/include/realsense2_camera_msgs/realsense2_camera_msgs/msg/rosidl_typesupport_introspection_c__visibility_control.h
[3.824s] -- Up-to-date: /home/colby/srs_ws/install/realsense2_camera_msgs/include/realsense2_camera_msgs/realsense2_camera_msgs/msg/detail
[3.824s] -- Installing: /home/colby/srs_ws/install/realsense2_camera_msgs/include/realsense2_camera_msgs/realsense2_camera_msgs/msg/detail/imu_info__rosidl_typesupport_introspection_c.h
[3.824s] -- Installing: /home/colby/srs_ws/install/realsense2_camera_msgs/include/realsense2_camera_msgs/realsense2_camera_msgs/msg/detail/extrinsics__type_support.c
[3.824s] -- Installing: /home/colby/srs_ws/install/realsense2_camera_msgs/include/realsense2_camera_msgs/realsense2_camera_msgs/msg/detail/metadata__type_support.c
[3.824s] -- Installing: /home/colby/srs_ws/install/realsense2_camera_msgs/include/realsense2_camera_msgs/realsense2_camera_msgs/msg/detail/rgbd__type_support.c
[3.824s] -- Installing: /home/colby/srs_ws/install/realsense2_camera_msgs/include/realsense2_camera_msgs/realsense2_camera_msgs/msg/detail/metadata__rosidl_typesupport_introspection_c.h
[3.824s] -- Installing: /home/colby/srs_ws/install/realsense2_camera_msgs/include/realsense2_camera_msgs/realsense2_camera_msgs/msg/detail/imu_info__type_support.c
[3.824s] -- Installing: /home/colby/srs_ws/install/realsense2_camera_msgs/include/realsense2_camera_msgs/realsense2_camera_msgs/msg/detail/rgbd__rosidl_typesupport_introspection_c.h
[3.824s] -- Installing: /home/colby/srs_ws/install/realsense2_camera_msgs/include/realsense2_camera_msgs/realsense2_camera_msgs/msg/detail/extrinsics__rosidl_typesupport_introspection_c.h
[3.824s] -- Installing: /home/colby/srs_ws/install/realsense2_camera_msgs/lib/librealsense2_camera_msgs__rosidl_typesupport_introspection_c.so
[3.824s] -- Set runtime path of "/home/colby/srs_ws/install/realsense2_camera_msgs/lib/librealsense2_camera_msgs__rosidl_typesupport_introspection_c.so" to ""
[3.824s] -- Installing: /home/colby/srs_ws/install/realsense2_camera_msgs/lib/librealsense2_camera_msgs__rosidl_typesupport_c.so
[3.824s] -- Set runtime path of "/home/colby/srs_ws/install/realsense2_camera_msgs/lib/librealsense2_camera_msgs__rosidl_typesupport_c.so" to ""
[3.824s] -- Up-to-date: /home/colby/srs_ws/install/realsense2_camera_msgs/include/realsense2_camera_msgs/realsense2_camera_msgs
[3.824s] -- Up-to-date: /home/colby/srs_ws/install/realsense2_camera_msgs/include/realsense2_camera_msgs/realsense2_camera_msgs/srv
[3.824s] -- Installing: /home/colby/srs_ws/install/realsense2_camera_msgs/include/realsense2_camera_msgs/realsense2_camera_msgs/srv/device_info.hpp
[3.824s] -- Up-to-date: /home/colby/srs_ws/install/realsense2_camera_msgs/include/realsense2_camera_msgs/realsense2_camera_msgs/srv/detail
[3.824s] -- Installing: /home/colby/srs_ws/install/realsense2_camera_msgs/include/realsense2_camera_msgs/realsense2_camera_msgs/srv/detail/device_info__struct.hpp
[3.824s] -- Installing: /home/colby/srs_ws/install/realsense2_camera_msgs/include/realsense2_camera_msgs/realsense2_camera_msgs/srv/detail/device_info__type_support.hpp
[3.824s] -- Installing: /home/colby/srs_ws/install/realsense2_camera_msgs/include/realsense2_camera_msgs/realsense2_camera_msgs/srv/detail/device_info__traits.hpp
[3.824s] -- Installing: /home/colby/srs_ws/install/realsense2_camera_msgs/include/realsense2_camera_msgs/realsense2_camera_msgs/srv/detail/device_info__builder.hpp
[3.824s] -- Up-to-date: /home/colby/srs_ws/install/realsense2_camera_msgs/include/realsense2_camera_msgs/realsense2_camera_msgs/msg
[3.825s] -- Installing: /home/colby/srs_ws/install/realsense2_camera_msgs/include/realsense2_camera_msgs/realsense2_camera_msgs/msg/imu_info.hpp
[3.825s] -- Up-to-date: /home/colby/srs_ws/install/realsense2_camera_msgs/include/realsense2_camera_msgs/realsense2_camera_msgs/msg/detail
[3.825s] -- Installing: /home/colby/srs_ws/install/realsense2_camera_msgs/include/realsense2_camera_msgs/realsense2_camera_msgs/msg/detail/extrinsics__type_support.hpp
[3.825s] -- Installing: /home/colby/srs_ws/install/realsense2_camera_msgs/include/realsense2_camera_msgs/realsense2_camera_msgs/msg/detail/imu_info__traits.hpp
[3.825s] -- Installing: /home/colby/srs_ws/install/realsense2_camera_msgs/include/realsense2_camera_msgs/realsense2_camera_msgs/msg/detail/rgbd__traits.hpp
[3.825s] -- Installing: /home/colby/srs_ws/install/realsense2_camera_msgs/include/realsense2_camera_msgs/realsense2_camera_msgs/msg/detail/extrinsics__struct.hpp
[3.825s] -- Installing: /home/colby/srs_ws/install/realsense2_camera_msgs/include/realsense2_camera_msgs/realsense2_camera_msgs/msg/detail/metadata__type_support.hpp
[3.825s] -- Installing: /home/colby/srs_ws/install/realsense2_camera_msgs/include/realsense2_camera_msgs/realsense2_camera_msgs/msg/detail/imu_info__struct.hpp
[3.825s] -- Installing: /home/colby/srs_ws/install/realsense2_camera_msgs/include/realsense2_camera_msgs/realsense2_camera_msgs/msg/detail/rgbd__type_support.hpp
[3.825s] -- Installing: /home/colby/srs_ws/install/realsense2_camera_msgs/include/realsense2_camera_msgs/realsense2_camera_msgs/msg/detail/rgbd__struct.hpp
[3.825s] -- Installing: /home/colby/srs_ws/install/realsense2_camera_msgs/include/realsense2_camera_msgs/realsense2_camera_msgs/msg/detail/extrinsics__traits.hpp
[3.825s] -- Installing: /home/colby/srs_ws/install/realsense2_camera_msgs/include/realsense2_camera_msgs/realsense2_camera_msgs/msg/detail/rgbd__builder.hpp
[3.825s] -- Installing: /home/colby/srs_ws/install/realsense2_camera_msgs/include/realsense2_camera_msgs/realsense2_camera_msgs/msg/detail/extrinsics__builder.hpp
[3.825s] -- Installing: /home/colby/srs_ws/install/realsense2_camera_msgs/include/realsense2_camera_msgs/realsense2_camera_msgs/msg/detail/metadata__builder.hpp
[3.825s] -- Installing: /home/colby/srs_ws/install/realsense2_camera_msgs/include/realsense2_camera_msgs/realsense2_camera_msgs/msg/detail/metadata__struct.hpp
[3.825s] -- Installing: /home/colby/srs_ws/install/realsense2_camera_msgs/include/realsense2_camera_msgs/realsense2_camera_msgs/msg/detail/imu_info__builder.hpp
[3.825s] -- Installing: /home/colby/srs_ws/install/realsense2_camera_msgs/include/realsense2_camera_msgs/realsense2_camera_msgs/msg/detail/imu_info__type_support.hpp
[3.825s] -- Installing: /home/colby/srs_ws/install/realsense2_camera_msgs/include/realsense2_camera_msgs/realsense2_camera_msgs/msg/detail/metadata__traits.hpp
[3.825s] -- Installing: /home/colby/srs_ws/install/realsense2_camera_msgs/include/realsense2_camera_msgs/realsense2_camera_msgs/msg/rgbd.hpp
[3.825s] -- Installing: /home/colby/srs_ws/install/realsense2_camera_msgs/include/realsense2_camera_msgs/realsense2_camera_msgs/msg/rosidl_generator_cpp__visibility_control.hpp
[3.825s] -- Installing: /home/colby/srs_ws/install/realsense2_camera_msgs/include/realsense2_camera_msgs/realsense2_camera_msgs/msg/extrinsics.hpp
[3.825s] -- Installing: /home/colby/srs_ws/install/realsense2_camera_msgs/include/realsense2_camera_msgs/realsense2_camera_msgs/msg/metadata.hpp
[3.825s] -- Up-to-date: /home/colby/srs_ws/install/realsense2_camera_msgs/include/realsense2_camera_msgs/realsense2_camera_msgs
[3.825s] -- Up-to-date: /home/colby/srs_ws/install/realsense2_camera_msgs/include/realsense2_camera_msgs/realsense2_camera_msgs/srv
[3.825s] -- Up-to-date: /home/colby/srs_ws/install/realsense2_camera_msgs/include/realsense2_camera_msgs/realsense2_camera_msgs/srv/detail
[3.825s] -- Installing: /home/colby/srs_ws/install/realsense2_camera_msgs/include/realsense2_camera_msgs/realsense2_camera_msgs/srv/detail/dds_fastrtps
[3.825s] -- Installing: /home/colby/srs_ws/install/realsense2_camera_msgs/include/realsense2_camera_msgs/realsense2_camera_msgs/srv/detail/device_info__rosidl_typesupport_fastrtps_cpp.hpp
[3.825s] -- Up-to-date: /home/colby/srs_ws/install/realsense2_camera_msgs/include/realsense2_camera_msgs/realsense2_camera_msgs/msg
[3.825s] -- Up-to-date: /home/colby/srs_ws/install/realsense2_camera_msgs/include/realsense2_camera_msgs/realsense2_camera_msgs/msg/detail
[3.825s] -- Installing: /home/colby/srs_ws/install/realsense2_camera_msgs/include/realsense2_camera_msgs/realsense2_camera_msgs/msg/detail/rgbd__rosidl_typesupport_fastrtps_cpp.hpp
[3.825s] -- Installing: /home/colby/srs_ws/install/realsense2_camera_msgs/include/realsense2_camera_msgs/realsense2_camera_msgs/msg/detail/imu_info__rosidl_typesupport_fastrtps_cpp.hpp
[3.826s] -- Installing: /home/colby/srs_ws/install/realsense2_camera_msgs/include/realsense2_camera_msgs/realsense2_camera_msgs/msg/detail/dds_fastrtps
[3.826s] -- Installing: /home/colby/srs_ws/install/realsense2_camera_msgs/include/realsense2_camera_msgs/realsense2_camera_msgs/msg/detail/extrinsics__rosidl_typesupport_fastrtps_cpp.hpp
[3.826s] -- Installing: /home/colby/srs_ws/install/realsense2_camera_msgs/include/realsense2_camera_msgs/realsense2_camera_msgs/msg/detail/metadata__rosidl_typesupport_fastrtps_cpp.hpp
[3.826s] -- Installing: /home/colby/srs_ws/install/realsense2_camera_msgs/include/realsense2_camera_msgs/realsense2_camera_msgs/msg/rosidl_typesupport_fastrtps_cpp__visibility_control.h
[3.826s] -- Installing: /home/colby/srs_ws/install/realsense2_camera_msgs/lib/librealsense2_camera_msgs__rosidl_typesupport_fastrtps_cpp.so
[3.826s] -- Set runtime path of "/home/colby/srs_ws/install/realsense2_camera_msgs/lib/librealsense2_camera_msgs__rosidl_typesupport_fastrtps_cpp.so" to ""
[3.826s] -- Up-to-date: /home/colby/srs_ws/install/realsense2_camera_msgs/include/realsense2_camera_msgs/realsense2_camera_msgs
[3.826s] -- Up-to-date: /home/colby/srs_ws/install/realsense2_camera_msgs/include/realsense2_camera_msgs/realsense2_camera_msgs/srv
[3.826s] -- Up-to-date: /home/colby/srs_ws/install/realsense2_camera_msgs/include/realsense2_camera_msgs/realsense2_camera_msgs/srv/detail
[3.826s] -- Installing: /home/colby/srs_ws/install/realsense2_camera_msgs/include/realsense2_camera_msgs/realsense2_camera_msgs/srv/detail/device_info__type_support.cpp
[3.826s] -- Installing: /home/colby/srs_ws/install/realsense2_camera_msgs/include/realsense2_camera_msgs/realsense2_camera_msgs/srv/detail/device_info__rosidl_typesupport_introspection_cpp.hpp
[3.826s] -- Up-to-date: /home/colby/srs_ws/install/realsense2_camera_msgs/include/realsense2_camera_msgs/realsense2_camera_msgs/msg
[3.826s] -- Up-to-date: /home/colby/srs_ws/install/realsense2_camera_msgs/include/realsense2_camera_msgs/realsense2_camera_msgs/msg/detail
[3.826s] -- Installing: /home/colby/srs_ws/install/realsense2_camera_msgs/include/realsense2_camera_msgs/realsense2_camera_msgs/msg/detail/imu_info__type_support.cpp
[3.826s] -- Installing: /home/colby/srs_ws/install/realsense2_camera_msgs/include/realsense2_camera_msgs/realsense2_camera_msgs/msg/detail/rgbd__rosidl_typesupport_introspection_cpp.hpp
[3.826s] -- Installing: /home/colby/srs_ws/install/realsense2_camera_msgs/include/realsense2_camera_msgs/realsense2_camera_msgs/msg/detail/metadata__type_support.cpp
[3.826s] -- Installing: /home/colby/srs_ws/install/realsense2_camera_msgs/include/realsense2_camera_msgs/realsense2_camera_msgs/msg/detail/imu_info__rosidl_typesupport_introspection_cpp.hpp
[3.826s] -- Installing: /home/colby/srs_ws/install/realsense2_camera_msgs/include/realsense2_camera_msgs/realsense2_camera_msgs/msg/detail/metadata__rosidl_typesupport_introspection_cpp.hpp
[3.826s] -- Installing: /home/colby/srs_ws/install/realsense2_camera_msgs/include/realsense2_camera_msgs/realsense2_camera_msgs/msg/detail/rgbd__type_support.cpp
[3.826s] -- Installing: /home/colby/srs_ws/install/realsense2_camera_msgs/include/realsense2_camera_msgs/realsense2_camera_msgs/msg/detail/extrinsics__rosidl_typesupport_introspection_cpp.hpp
[3.826s] -- Installing: /home/colby/srs_ws/install/realsense2_camera_msgs/include/realsense2_camera_msgs/realsense2_camera_msgs/msg/detail/extrinsics__type_support.cpp
[3.826s] -- Installing: /home/colby/srs_ws/install/realsense2_camera_msgs/lib/librealsense2_camera_msgs__rosidl_typesupport_introspection_cpp.so
[3.826s] -- Set runtime path of "/home/colby/srs_ws/install/realsense2_camera_msgs/lib/librealsense2_camera_msgs__rosidl_typesupport_introspection_cpp.so" to ""
[3.826s] -- Installing: /home/colby/srs_ws/install/realsense2_camera_msgs/lib/librealsense2_camera_msgs__rosidl_typesupport_cpp.so
[3.826s] -- Set runtime path of "/home/colby/srs_ws/install/realsense2_camera_msgs/lib/librealsense2_camera_msgs__rosidl_typesupport_cpp.so" to ""
[3.827s] -- Installing: /home/colby/srs_ws/install/realsense2_camera_msgs/share/realsense2_camera_msgs/environment/pythonpath.sh
[3.827s] -- Installing: /home/colby/srs_ws/install/realsense2_camera_msgs/share/realsense2_camera_msgs/environment/pythonpath.dsv
[3.827s] -- Installing: /home/colby/srs_ws/install/realsense2_camera_msgs/local/lib/python3.10/dist-packages/realsense2_camera_msgs-4.55.1-py3.10.egg-info
[3.827s] -- Installing: /home/colby/srs_ws/install/realsense2_camera_msgs/local/lib/python3.10/dist-packages/realsense2_camera_msgs-4.55.1-py3.10.egg-info/PKG-INFO
[3.827s] -- Installing: /home/colby/srs_ws/install/realsense2_camera_msgs/local/lib/python3.10/dist-packages/realsense2_camera_msgs-4.55.1-py3.10.egg-info/top_level.txt
[3.827s] -- Installing: /home/colby/srs_ws/install/realsense2_camera_msgs/local/lib/python3.10/dist-packages/realsense2_camera_msgs-4.55.1-py3.10.egg-info/dependency_links.txt
[3.827s] -- Installing: /home/colby/srs_ws/install/realsense2_camera_msgs/local/lib/python3.10/dist-packages/realsense2_camera_msgs-4.55.1-py3.10.egg-info/SOURCES.txt
[3.827s] -- Installing: /home/colby/srs_ws/install/realsense2_camera_msgs/local/lib/python3.10/dist-packages/realsense2_camera_msgs
[3.827s] -- Installing: /home/colby/srs_ws/install/realsense2_camera_msgs/local/lib/python3.10/dist-packages/realsense2_camera_msgs/_realsense2_camera_msgs_s.ep.rosidl_typesupport_fastrtps_c.c
[3.827s] -- Installing: /home/colby/srs_ws/install/realsense2_camera_msgs/local/lib/python3.10/dist-packages/realsense2_camera_msgs/realsense2_camera_msgs_s__rosidl_typesupport_fastrtps_c.cpython-310-x86_64-linux-gnu.so
[3.827s] -- Installing: /home/colby/srs_ws/install/realsense2_camera_msgs/local/lib/python3.10/dist-packages/realsense2_camera_msgs/librealsense2_camera_msgs__rosidl_generator_py.so
[3.827s] -- Installing: /home/colby/srs_ws/install/realsense2_camera_msgs/local/lib/python3.10/dist-packages/realsense2_camera_msgs/srv
[3.827s] -- Installing: /home/colby/srs_ws/install/realsense2_camera_msgs/local/lib/python3.10/dist-packages/realsense2_camera_msgs/srv/_device_info.py
[3.827s] -- Installing: /home/colby/srs_ws/install/realsense2_camera_msgs/local/lib/python3.10/dist-packages/realsense2_camera_msgs/srv/__init__.py
[3.827s] -- Installing: /home/colby/srs_ws/install/realsense2_camera_msgs/local/lib/python3.10/dist-packages/realsense2_camera_msgs/srv/_device_info_s.c
[3.827s] -- Installing: /home/colby/srs_ws/install/realsense2_camera_msgs/local/lib/python3.10/dist-packages/realsense2_camera_msgs/_realsense2_camera_msgs_s.ep.rosidl_typesupport_introspection_c.c
[3.827s] -- Installing: /home/colby/srs_ws/install/realsense2_camera_msgs/local/lib/python3.10/dist-packages/realsense2_camera_msgs/_realsense2_camera_msgs_s.ep.rosidl_typesupport_c.c
[3.827s] -- Installing: /home/colby/srs_ws/install/realsense2_camera_msgs/local/lib/python3.10/dist-packages/realsense2_camera_msgs/__init__.py
[3.827s] -- Installing: /home/colby/srs_ws/install/realsense2_camera_msgs/local/lib/python3.10/dist-packages/realsense2_camera_msgs/realsense2_camera_msgs_s__rosidl_typesupport_introspection_c.cpython-310-x86_64-linux-gnu.so
[3.827s] -- Installing: /home/colby/srs_ws/install/realsense2_camera_msgs/local/lib/python3.10/dist-packages/realsense2_camera_msgs/msg
[3.827s] -- Installing: /home/colby/srs_ws/install/realsense2_camera_msgs/local/lib/python3.10/dist-packages/realsense2_camera_msgs/msg/_imu_info.py
[3.827s] -- Installing: /home/colby/srs_ws/install/realsense2_camera_msgs/local/lib/python3.10/dist-packages/realsense2_camera_msgs/msg/_rgbd.py
[3.827s] -- Installing: /home/colby/srs_ws/install/realsense2_camera_msgs/local/lib/python3.10/dist-packages/realsense2_camera_msgs/msg/_extrinsics_s.c
[3.827s] -- Installing: /home/colby/srs_ws/install/realsense2_camera_msgs/local/lib/python3.10/dist-packages/realsense2_camera_msgs/msg/_metadata.py
[3.828s] -- Installing: /home/colby/srs_ws/install/realsense2_camera_msgs/local/lib/python3.10/dist-packages/realsense2_camera_msgs/msg/__init__.py
[3.828s] -- Installing: /home/colby/srs_ws/install/realsense2_camera_msgs/local/lib/python3.10/dist-packages/realsense2_camera_msgs/msg/_rgbd_s.c
[3.828s] -- Installing: /home/colby/srs_ws/install/realsense2_camera_msgs/local/lib/python3.10/dist-packages/realsense2_camera_msgs/msg/_extrinsics.py
[3.828s] -- Installing: /home/colby/srs_ws/install/realsense2_camera_msgs/local/lib/python3.10/dist-packages/realsense2_camera_msgs/msg/_metadata_s.c
[3.828s] -- Installing: /home/colby/srs_ws/install/realsense2_camera_msgs/local/lib/python3.10/dist-packages/realsense2_camera_msgs/msg/_imu_info_s.c
[3.828s] -- Installing: /home/colby/srs_ws/install/realsense2_camera_msgs/local/lib/python3.10/dist-packages/realsense2_camera_msgs/realsense2_camera_msgs_s__rosidl_typesupport_c.cpython-310-x86_64-linux-gnu.so
[3.854s] Listing '/home/colby/srs_ws/install/realsense2_camera_msgs/local/lib/python3.10/dist-packages/realsense2_camera_msgs'...
[3.855s] Compiling '/home/colby/srs_ws/install/realsense2_camera_msgs/local/lib/python3.10/dist-packages/realsense2_camera_msgs/__init__.py'...
[3.855s] Listing '/home/colby/srs_ws/install/realsense2_camera_msgs/local/lib/python3.10/dist-packages/realsense2_camera_msgs/msg'...
[3.855s] Compiling '/home/colby/srs_ws/install/realsense2_camera_msgs/local/lib/python3.10/dist-packages/realsense2_camera_msgs/msg/__init__.py'...
[3.855s] Compiling '/home/colby/srs_ws/install/realsense2_camera_msgs/local/lib/python3.10/dist-packages/realsense2_camera_msgs/msg/_extrinsics.py'...
[3.855s] Compiling '/home/colby/srs_ws/install/realsense2_camera_msgs/local/lib/python3.10/dist-packages/realsense2_camera_msgs/msg/_imu_info.py'...
[3.855s] Compiling '/home/colby/srs_ws/install/realsense2_camera_msgs/local/lib/python3.10/dist-packages/realsense2_camera_msgs/msg/_metadata.py'...
[3.855s] Compiling '/home/colby/srs_ws/install/realsense2_camera_msgs/local/lib/python3.10/dist-packages/realsense2_camera_msgs/msg/_rgbd.py'...
[3.855s] Listing '/home/colby/srs_ws/install/realsense2_camera_msgs/local/lib/python3.10/dist-packages/realsense2_camera_msgs/srv'...
[3.855s] Compiling '/home/colby/srs_ws/install/realsense2_camera_msgs/local/lib/python3.10/dist-packages/realsense2_camera_msgs/srv/__init__.py'...
[3.855s] Compiling '/home/colby/srs_ws/install/realsense2_camera_msgs/local/lib/python3.10/dist-packages/realsense2_camera_msgs/srv/_device_info.py'...
[3.857s] -- Installing: /home/colby/srs_ws/install/realsense2_camera_msgs/local/lib/python3.10/dist-packages/realsense2_camera_msgs/realsense2_camera_msgs_s__rosidl_typesupport_fastrtps_c.cpython-310-x86_64-linux-gnu.so
[3.857s] -- Set runtime path of "/home/colby/srs_ws/install/realsense2_camera_msgs/local/lib/python3.10/dist-packages/realsense2_camera_msgs/realsense2_camera_msgs_s__rosidl_typesupport_fastrtps_c.cpython-310-x86_64-linux-gnu.so" to ""
[3.857s] -- Installing: /home/colby/srs_ws/install/realsense2_camera_msgs/local/lib/python3.10/dist-packages/realsense2_camera_msgs/realsense2_camera_msgs_s__rosidl_typesupport_introspection_c.cpython-310-x86_64-linux-gnu.so
[3.857s] -- Set runtime path of "/home/colby/srs_ws/install/realsense2_camera_msgs/local/lib/python3.10/dist-packages/realsense2_camera_msgs/realsense2_camera_msgs_s__rosidl_typesupport_introspection_c.cpython-310-x86_64-linux-gnu.so" to ""
[3.858s] -- Installing: /home/colby/srs_ws/install/realsense2_camera_msgs/local/lib/python3.10/dist-packages/realsense2_camera_msgs/realsense2_camera_msgs_s__rosidl_typesupport_c.cpython-310-x86_64-linux-gnu.so
[3.858s] -- Set runtime path of "/home/colby/srs_ws/install/realsense2_camera_msgs/local/lib/python3.10/dist-packages/realsense2_camera_msgs/realsense2_camera_msgs_s__rosidl_typesupport_c.cpython-310-x86_64-linux-gnu.so" to ""
[3.858s] -- Installing: /home/colby/srs_ws/install/realsense2_camera_msgs/lib/librealsense2_camera_msgs__rosidl_generator_py.so
[3.858s] -- Set runtime path of "/home/colby/srs_ws/install/realsense2_camera_msgs/lib/librealsense2_camera_msgs__rosidl_generator_py.so" to ""
[3.858s] -- Installing: /home/colby/srs_ws/install/realsense2_camera_msgs/share/realsense2_camera_msgs/msg/IMUInfo.idl
[3.858s] -- Installing: /home/colby/srs_ws/install/realsense2_camera_msgs/share/realsense2_camera_msgs/msg/Extrinsics.idl
[3.858s] -- Installing: /home/colby/srs_ws/install/realsense2_camera_msgs/share/realsense2_camera_msgs/msg/Metadata.idl
[3.858s] -- Installing: /home/colby/srs_ws/install/realsense2_camera_msgs/share/realsense2_camera_msgs/msg/RGBD.idl
[3.858s] -- Installing: /home/colby/srs_ws/install/realsense2_camera_msgs/share/realsense2_camera_msgs/srv/DeviceInfo.idl
[3.858s] -- Installing: /home/colby/srs_ws/install/realsense2_camera_msgs/share/realsense2_camera_msgs/msg/IMUInfo.msg
[3.858s] -- Installing: /home/colby/srs_ws/install/realsense2_camera_msgs/share/realsense2_camera_msgs/msg/Extrinsics.msg
[3.858s] -- Installing: /home/colby/srs_ws/install/realsense2_camera_msgs/share/realsense2_camera_msgs/msg/Metadata.msg
[3.858s] -- Installing: /home/colby/srs_ws/install/realsense2_camera_msgs/share/realsense2_camera_msgs/msg/RGBD.msg
[3.858s] -- Installing: /home/colby/srs_ws/install/realsense2_camera_msgs/share/realsense2_camera_msgs/srv/DeviceInfo.srv
[3.858s] -- Installing: /home/colby/srs_ws/install/realsense2_camera_msgs/share/realsense2_camera_msgs/srv/DeviceInfo_Request.msg
[3.858s] -- Installing: /home/colby/srs_ws/install/realsense2_camera_msgs/share/realsense2_camera_msgs/srv/DeviceInfo_Response.msg
[3.858s] -- Installing: /home/colby/srs_ws/install/realsense2_camera_msgs/share/ament_index/resource_index/package_run_dependencies/realsense2_camera_msgs
[3.858s] -- Installing: /home/colby/srs_ws/install/realsense2_camera_msgs/share/ament_index/resource_index/parent_prefix_path/realsense2_camera_msgs
[3.859s] -- Installing: /home/colby/srs_ws/install/realsense2_camera_msgs/share/realsense2_camera_msgs/environment/ament_prefix_path.sh
[3.859s] -- Installing: /home/colby/srs_ws/install/realsense2_camera_msgs/share/realsense2_camera_msgs/environment/ament_prefix_path.dsv
[3.859s] -- Installing: /home/colby/srs_ws/install/realsense2_camera_msgs/share/realsense2_camera_msgs/environment/path.sh
[3.859s] -- Installing: /home/colby/srs_ws/install/realsense2_camera_msgs/share/realsense2_camera_msgs/environment/path.dsv
[3.859s] -- Installing: /home/colby/srs_ws/install/realsense2_camera_msgs/share/realsense2_camera_msgs/local_setup.bash
[3.859s] -- Installing: /home/colby/srs_ws/install/realsense2_camera_msgs/share/realsense2_camera_msgs/local_setup.sh
[3.859s] -- Installing: /home/colby/srs_ws/install/realsense2_camera_msgs/share/realsense2_camera_msgs/local_setup.zsh
[3.859s] -- Installing: /home/colby/srs_ws/install/realsense2_camera_msgs/share/realsense2_camera_msgs/local_setup.dsv
[3.859s] -- Installing: /home/colby/srs_ws/install/realsense2_camera_msgs/share/realsense2_camera_msgs/package.dsv
[3.859s] -- Installing: /home/colby/srs_ws/install/realsense2_camera_msgs/share/ament_index/resource_index/packages/realsense2_camera_msgs
[3.859s] -- Installing: /home/colby/srs_ws/install/realsense2_camera_msgs/share/realsense2_camera_msgs/cmake/export_realsense2_camera_msgs__rosidl_generator_cExport.cmake
[3.859s] -- Installing: /home/colby/srs_ws/install/realsense2_camera_msgs/share/realsense2_camera_msgs/cmake/export_realsense2_camera_msgs__rosidl_generator_cExport-noconfig.cmake
[3.859s] -- Installing: /home/colby/srs_ws/install/realsense2_camera_msgs/share/realsense2_camera_msgs/cmake/export_realsense2_camera_msgs__rosidl_typesupport_fastrtps_cExport.cmake
[3.859s] -- Installing: /home/colby/srs_ws/install/realsense2_camera_msgs/share/realsense2_camera_msgs/cmake/export_realsense2_camera_msgs__rosidl_typesupport_fastrtps_cExport-noconfig.cmake
[3.859s] -- Installing: /home/colby/srs_ws/install/realsense2_camera_msgs/share/realsense2_camera_msgs/cmake/realsense2_camera_msgs__rosidl_typesupport_introspection_cExport.cmake
[3.859s] -- Installing: /home/colby/srs_ws/install/realsense2_camera_msgs/share/realsense2_camera_msgs/cmake/realsense2_camera_msgs__rosidl_typesupport_introspection_cExport-noconfig.cmake
[3.859s] -- Installing: /home/colby/srs_ws/install/realsense2_camera_msgs/share/realsense2_camera_msgs/cmake/realsense2_camera_msgs__rosidl_typesupport_cExport.cmake
[3.859s] -- Installing: /home/colby/srs_ws/install/realsense2_camera_msgs/share/realsense2_camera_msgs/cmake/realsense2_camera_msgs__rosidl_typesupport_cExport-noconfig.cmake
[3.859s] -- Installing: /home/colby/srs_ws/install/realsense2_camera_msgs/share/realsense2_camera_msgs/cmake/export_realsense2_camera_msgs__rosidl_generator_cppExport.cmake
[3.859s] -- Installing: /home/colby/srs_ws/install/realsense2_camera_msgs/share/realsense2_camera_msgs/cmake/export_realsense2_camera_msgs__rosidl_typesupport_fastrtps_cppExport.cmake
[3.859s] -- Installing: /home/colby/srs_ws/install/realsense2_camera_msgs/share/realsense2_camera_msgs/cmake/export_realsense2_camera_msgs__rosidl_typesupport_fastrtps_cppExport-noconfig.cmake
[3.860s] -- Installing: /home/colby/srs_ws/install/realsense2_camera_msgs/share/realsense2_camera_msgs/cmake/realsense2_camera_msgs__rosidl_typesupport_introspection_cppExport.cmake
[3.860s] -- Installing: /home/colby/srs_ws/install/realsense2_camera_msgs/share/realsense2_camera_msgs/cmake/realsense2_camera_msgs__rosidl_typesupport_introspection_cppExport-noconfig.cmake
[3.860s] -- Installing: /home/colby/srs_ws/install/realsense2_camera_msgs/share/realsense2_camera_msgs/cmake/realsense2_camera_msgs__rosidl_typesupport_cppExport.cmake
[3.860s] -- Installing: /home/colby/srs_ws/install/realsense2_camera_msgs/share/realsense2_camera_msgs/cmake/realsense2_camera_msgs__rosidl_typesupport_cppExport-noconfig.cmake
[3.860s] -- Installing: /home/colby/srs_ws/install/realsense2_camera_msgs/share/realsense2_camera_msgs/cmake/export_realsense2_camera_msgs__rosidl_generator_pyExport.cmake
[3.860s] -- Installing: /home/colby/srs_ws/install/realsense2_camera_msgs/share/realsense2_camera_msgs/cmake/export_realsense2_camera_msgs__rosidl_generator_pyExport-noconfig.cmake
[3.860s] -- Installing: /home/colby/srs_ws/install/realsense2_camera_msgs/share/realsense2_camera_msgs/cmake/rosidl_cmake-extras.cmake
[3.860s] -- Installing: /home/colby/srs_ws/install/realsense2_camera_msgs/share/realsense2_camera_msgs/cmake/ament_cmake_export_dependencies-extras.cmake
[3.860s] -- Installing: /home/colby/srs_ws/install/realsense2_camera_msgs/share/realsense2_camera_msgs/cmake/ament_cmake_export_include_directories-extras.cmake
[3.860s] -- Installing: /home/colby/srs_ws/install/realsense2_camera_msgs/share/realsense2_camera_msgs/cmake/ament_cmake_export_libraries-extras.cmake
[3.860s] -- Installing: /home/colby/srs_ws/install/realsense2_camera_msgs/share/realsense2_camera_msgs/cmake/ament_cmake_export_targets-extras.cmake
[3.860s] -- Installing: /home/colby/srs_ws/install/realsense2_camera_msgs/share/realsense2_camera_msgs/cmake/rosidl_cmake_export_typesupport_targets-extras.cmake
[3.860s] -- Installing: /home/colby/srs_ws/install/realsense2_camera_msgs/share/realsense2_camera_msgs/cmake/rosidl_cmake_export_typesupport_libraries-extras.cmake
[3.860s] -- Installing: /home/colby/srs_ws/install/realsense2_camera_msgs/share/realsense2_camera_msgs/cmake/realsense2_camera_msgsConfig.cmake
[3.860s] -- Installing: /home/colby/srs_ws/install/realsense2_camera_msgs/share/realsense2_camera_msgs/cmake/realsense2_camera_msgsConfig-version.cmake
[3.860s] -- Installing: /home/colby/srs_ws/install/realsense2_camera_msgs/share/realsense2_camera_msgs/package.xml
[3.862s] Invoked command in '/home/colby/srs_ws/build/realsense2_camera_msgs' returned '0': CMAKE_PREFIX_PATH=${CMAKE_PREFIX_PATH}:/home/colby/srs_ws/install/yolo_prediction:/home/colby/srs_ws/install/ur5_arm_movement:/home/colby/srs_ws/install/synced_image_publisher:/home/colby/srs_ws/install/srs_realsense:/home/colby/srs_ws/install/srs_launch_files:/home/colby/srs_ws/install/srs_control:/home/colby/srs_ws/install/realsense_subscriber:/home/colby/srs_ws/install/picking_info:/home/colby/srs_ws/install/gripper_orientation:/home/colby/ros2_ws/install/py_srvcli:/home/colby/ros2_ws/install/py_pubsub:/home/colby/ros2_ws/install/python_parameters:/home/colby/ros2_ws/install/my_package:/home/colby/ros2_ws/install/launch_testing_examples:/home/colby/ros2_ws/install/examples_rclpy_pointcloud_publisher:/home/colby/ros2_ws/install/examples_rclpy_minimal_subscriber:/home/colby/ros2_ws/install/examples_rclpy_minimal_service:/home/colby/ros2_ws/install/examples_rclpy_minimal_publisher:/home/colby/ros2_ws/install/examples_rclpy_minimal_client:/home/colby/ros2_ws/install/examples_rclpy_minimal_action_server:/home/colby/ros2_ws/install/examples_rclpy_minimal_action_client:/home/colby/ros2_ws/install/examples_rclpy_guard_conditions:/home/colby/ros2_ws/install/examples_rclpy_executors:/opt/ros/humble /usr/bin/cmake --install /home/colby/srs_ws/build/realsense2_camera_msgs
