[3.045s] Invoking command in '/home/colby/srs_ws/src/picking_info': PYTHONPATH=/home/colby/srs_ws/build/picking_info/prefix_override:/usr/lib/python3/dist-packages/colcon_core/task/python/colcon_distutils_commands:/home/colby/srs_ws/install/picking_info/lib/python3.10/site-packages:${PYTHONPATH} /usr/bin/python3 -W ignore:setup.py install is deprecated -W ignore:easy_install command is deprecated setup.py egg_info --egg-base ../../build/picking_info build --build-base /home/colby/srs_ws/build/picking_info/build install --record /home/colby/srs_ws/build/picking_info/install.log --single-version-externally-managed install_data
[3.718s] running egg_info
[3.768s] writing ../../build/picking_info/picking_info.egg-info/PKG-INFO
[3.774s] writing dependency_links to ../../build/picking_info/picking_info.egg-info/dependency_links.txt
[3.775s] writing entry points to ../../build/picking_info/picking_info.egg-info/entry_points.txt
[3.775s] writing requirements to ../../build/picking_info/picking_info.egg-info/requires.txt
[3.775s] writing top-level names to ../../build/picking_info/picking_info.egg-info/top_level.txt
[3.853s] reading manifest file '../../build/picking_info/picking_info.egg-info/SOURCES.txt'
[3.872s] writing manifest file '../../build/picking_info/picking_info.egg-info/SOURCES.txt'
[3.872s] running build
[3.872s] running build_py
[3.872s] copying picking_info/__init__.py -> /home/colby/srs_ws/build/picking_info/build/lib/picking_info
[3.873s] copying picking_info/gripper_orientation_node.py -> /home/colby/srs_ws/build/picking_info/build/lib/picking_info
[3.873s] running install
[3.880s] running install_lib
[3.947s] copying /home/colby/srs_ws/build/picking_info/build/lib/picking_info/gripper_orientation_node.py -> /home/colby/srs_ws/install/picking_info/lib/python3.10/site-packages/picking_info
[3.948s] byte-compiling /home/colby/srs_ws/install/picking_info/lib/python3.10/site-packages/picking_info/gripper_orientation_node.py to gripper_orientation_node.cpython-310.pyc
[3.951s] running install_data
[3.951s] copying resource/picking_info -> /home/colby/srs_ws/install/picking_info/share/ament_index/resource_index/packages
[3.952s] copying package.xml -> /home/colby/srs_ws/install/picking_info/share/picking_info
[3.952s] running install_egg_info
[4.010s] removing '/home/colby/srs_ws/install/picking_info/lib/python3.10/site-packages/picking_info-0.0.0-py3.10.egg-info' (and everything under it)
[4.012s] Copying ../../build/picking_info/picking_info.egg-info to /home/colby/srs_ws/install/picking_info/lib/python3.10/site-packages/picking_info-0.0.0-py3.10.egg-info
[4.012s] running install_scripts
[4.398s] Installing gripper_orientation script to /home/colby/srs_ws/install/picking_info/lib/picking_info
[4.403s] writing list of installed files to '/home/colby/srs_ws/build/picking_info/install.log'
[4.556s] Invoked command in '/home/colby/srs_ws/src/picking_info' returned '0': PYTHONPATH=/home/colby/srs_ws/build/picking_info/prefix_override:/usr/lib/python3/dist-packages/colcon_core/task/python/colcon_distutils_commands:/home/colby/srs_ws/install/picking_info/lib/python3.10/site-packages:${PYTHONPATH} /usr/bin/python3 -W ignore:setup.py install is deprecated -W ignore:easy_install command is deprecated setup.py egg_info --egg-base ../../build/picking_info build --build-base /home/colby/srs_ws/build/picking_info/build install --record /home/colby/srs_ws/build/picking_info/install.log --single-version-externally-managed install_data
