[2.925s] Invoking command in '/home/colby/srs_ws/src/srs_realsense': PYTHONPATH=/home/colby/srs_ws/build/srs_realsense/prefix_override:/usr/lib/python3/dist-packages/colcon_core/task/python/colcon_distutils_commands:/home/colby/srs_ws/install/srs_realsense/lib/python3.10/site-packages:${PYTHONPATH} /usr/bin/python3 -W ignore:setup.py install is deprecated -W ignore:easy_install command is deprecated setup.py egg_info --egg-base ../../build/srs_realsense build --build-base /home/colby/srs_ws/build/srs_realsense/build install --record /home/colby/srs_ws/build/srs_realsense/install.log --single-version-externally-managed install_data
[3.580s] running egg_info
[3.616s] writing ../../build/srs_realsense/srs_realsense.egg-info/PKG-INFO
[3.617s] writing dependency_links to ../../build/srs_realsense/srs_realsense.egg-info/dependency_links.txt
[3.617s] writing entry points to ../../build/srs_realsense/srs_realsense.egg-info/entry_points.txt
[3.617s] writing requirements to ../../build/srs_realsense/srs_realsense.egg-info/requires.txt
[3.617s] writing top-level names to ../../build/srs_realsense/srs_realsense.egg-info/top_level.txt
[3.760s] reading manifest file '../../build/srs_realsense/srs_realsense.egg-info/SOURCES.txt'
[3.762s] writing manifest file '../../build/srs_realsense/srs_realsense.egg-info/SOURCES.txt'
[3.763s] running build
[3.763s] running build_py
[3.763s] copying srs_realsense/pixel_to_point.py -> /home/colby/srs_ws/build/srs_realsense/build/lib/srs_realsense
[3.764s] copying srs_realsense/__init__.py -> /home/colby/srs_ws/build/srs_realsense/build/lib/srs_realsense
[3.764s] copying srs_realsense/synced_image_publisher_node.py -> /home/colby/srs_ws/build/srs_realsense/build/lib/srs_realsense
[3.765s] running install
[3.788s] running install_lib
[3.812s] running install_data
[3.832s] copying resource/srs_realsense -> /home/colby/srs_ws/install/srs_realsense/share/ament_index/resource_index/packages
[3.833s] copying package.xml -> /home/colby/srs_ws/install/srs_realsense/share/srs_realsense
[3.833s] running install_egg_info
[3.871s] removing '/home/colby/srs_ws/install/srs_realsense/lib/python3.10/site-packages/srs_realsense-0.0.0-py3.10.egg-info' (and everything under it)
[3.871s] Copying ../../build/srs_realsense/srs_realsense.egg-info to /home/colby/srs_ws/install/srs_realsense/lib/python3.10/site-packages/srs_realsense-0.0.0-py3.10.egg-info
[3.872s] running install_scripts
[4.169s] Installing pixel_to_point script to /home/colby/srs_ws/install/srs_realsense/lib/srs_realsense
[4.169s] Installing synced_image_publisher_node script to /home/colby/srs_ws/install/srs_realsense/lib/srs_realsense
[4.170s] writing list of installed files to '/home/colby/srs_ws/build/srs_realsense/install.log'
[4.256s] Invoked command in '/home/colby/srs_ws/src/srs_realsense' returned '0': PYTHONPATH=/home/colby/srs_ws/build/srs_realsense/prefix_override:/usr/lib/python3/dist-packages/colcon_core/task/python/colcon_distutils_commands:/home/colby/srs_ws/install/srs_realsense/lib/python3.10/site-packages:${PYTHONPATH} /usr/bin/python3 -W ignore:setup.py install is deprecated -W ignore:easy_install command is deprecated setup.py egg_info --egg-base ../../build/srs_realsense build --build-base /home/colby/srs_ws/build/srs_realsense/build install --record /home/colby/srs_ws/build/srs_realsense/install.log --single-version-externally-managed install_data
