[1.213s] Invoking command in '/home/colby/srs_ws/src/srs_control': PYTHONPATH=/home/colby/srs_ws/build/srs_control/prefix_override:/usr/lib/python3/dist-packages/colcon_core/task/python/colcon_distutils_commands:/home/colby/srs_ws/install/srs_control/lib/python3.10/site-packages:${PYTHONPATH} /usr/bin/python3 -W ignore:setup.py install is deprecated -W ignore:easy_install command is deprecated setup.py egg_info --egg-base ../../build/srs_control build --build-base /home/colby/srs_ws/build/srs_control/build install --record /home/colby/srs_ws/build/srs_control/install.log --single-version-externally-managed install_data
[1.412s] running egg_info
[1.425s] writing ../../build/srs_control/srs_control.egg-info/PKG-INFO
[1.425s] writing dependency_links to ../../build/srs_control/srs_control.egg-info/dependency_links.txt
[1.425s] writing entry points to ../../build/srs_control/srs_control.egg-info/entry_points.txt
[1.427s] writing requirements to ../../build/srs_control/srs_control.egg-info/requires.txt
[1.428s] writing top-level names to ../../build/srs_control/srs_control.egg-info/top_level.txt
[1.452s] reading manifest file '../../build/srs_control/srs_control.egg-info/SOURCES.txt'
[1.453s] writing manifest file '../../build/srs_control/srs_control.egg-info/SOURCES.txt'
[1.453s] running build
[1.453s] running build_py
[1.454s] copying srs_control/fruit_pick_all.py -> /home/colby/srs_ws/build/srs_control/build/lib/srs_control
[1.454s] copying srs_control/__init__.py -> /home/colby/srs_ws/build/srs_control/build/lib/srs_control
[1.454s] copying srs_control/fruit_pick_individual.py -> /home/colby/srs_ws/build/srs_control/build/lib/srs_control
[1.454s] copying srs_control/coord_transform.py -> /home/colby/srs_ws/build/srs_control/build/lib/srs_control
[1.454s] running install
[1.458s] running install_lib
[1.470s] running install_data
[1.470s] copying resource/srs_control -> /home/colby/srs_ws/install/srs_control/share/ament_index/resource_index/packages
[1.470s] copying package.xml -> /home/colby/srs_ws/install/srs_control/share/srs_control
[1.470s] running install_egg_info
[1.483s] removing '/home/colby/srs_ws/install/srs_control/lib/python3.10/site-packages/srs_control-0.0.0-py3.10.egg-info' (and everything under it)
[1.484s] Copying ../../build/srs_control/srs_control.egg-info to /home/colby/srs_ws/install/srs_control/lib/python3.10/site-packages/srs_control-0.0.0-py3.10.egg-info
[1.484s] running install_scripts
[1.589s] Installing coord_transform script to /home/colby/srs_ws/install/srs_control/lib/srs_control
[1.589s] Installing fruit_pick_all script to /home/colby/srs_ws/install/srs_control/lib/srs_control
[1.589s] Installing fruit_pick_individual script to /home/colby/srs_ws/install/srs_control/lib/srs_control
[1.590s] writing list of installed files to '/home/colby/srs_ws/build/srs_control/install.log'
[1.630s] Invoked command in '/home/colby/srs_ws/src/srs_control' returned '0': PYTHONPATH=/home/colby/srs_ws/build/srs_control/prefix_override:/usr/lib/python3/dist-packages/colcon_core/task/python/colcon_distutils_commands:/home/colby/srs_ws/install/srs_control/lib/python3.10/site-packages:${PYTHONPATH} /usr/bin/python3 -W ignore:setup.py install is deprecated -W ignore:easy_install command is deprecated setup.py egg_info --egg-base ../../build/srs_control build --build-base /home/colby/srs_ws/build/srs_control/build install --record /home/colby/srs_ws/build/srs_control/install.log --single-version-externally-managed install_data
