[0.006s] Invoking command in '/home/colby/srs_ws/build/realsense2_camera': CMAKE_PREFIX_PATH=/home/colby/srs_ws/install/realsense2_camera_msgs:/home/colby/srs_ws/install/urdf_test:/home/colby/srs_ws/install/realsense2_description:/home/colby/srs_ws/install/realsense2_camera:/home/colby/ros2_ws/install/tutorial_interfaces:/home/colby/ros2_ws/install/turtlesim:/home/colby/ros2_ws/install/examples_rclcpp_wait_set:/home/colby/ros2_ws/install/examples_rclcpp_multithreaded_executor:/home/colby/ros2_ws/install/examples_rclcpp_minimal_timer:/home/colby/ros2_ws/install/examples_rclcpp_minimal_subscriber:/home/colby/ros2_ws/install/examples_rclcpp_minimal_service:/home/colby/ros2_ws/install/examples_rclcpp_minimal_publisher:/home/colby/ros2_ws/install/examples_rclcpp_minimal_composition:/home/colby/ros2_ws/install/examples_rclcpp_minimal_client:/home/colby/ros2_ws/install/examples_rclcpp_minimal_action_server:/home/colby/ros2_ws/install/examples_rclcpp_minimal_action_client:/home/colby/ros2_ws/install/examples_rclcpp_cbg_executor:/home/colby/ros2_ws/install/examples_rclcpp_async_client:/home/colby/srs_ws/install/yolo_prediction:/home/colby/srs_ws/install/ur5_arm_movement:/home/colby/srs_ws/install/synced_image_publisher:/home/colby/srs_ws/install/srs_realsense:/home/colby/srs_ws/install/srs_launch_files:/home/colby/srs_ws/install/srs_control:/home/colby/srs_ws/install/realsense_subscriber:/home/colby/srs_ws/install/picking_info:/home/colby/srs_ws/install/gripper_orientation:/home/colby/ros2_ws/install/py_srvcli:/home/colby/ros2_ws/install/py_pubsub:/home/colby/ros2_ws/install/python_parameters:/home/colby/ros2_ws/install/my_package:/home/colby/ros2_ws/install/launch_testing_examples:/home/colby/ros2_ws/install/examples_rclpy_pointcloud_publisher:/home/colby/ros2_ws/install/examples_rclpy_minimal_subscriber:/home/colby/ros2_ws/install/examples_rclpy_minimal_service:/home/colby/ros2_ws/install/examples_rclpy_minimal_publisher:/home/colby/ros2_ws/install/examples_rclpy_minimal_client:/home/colby/ros2_ws/install/examples_rclpy_minimal_action_server:/home/colby/ros2_ws/install/examples_rclpy_minimal_action_client:/home/colby/ros2_ws/install/examples_rclpy_guard_conditions:/home/colby/ros2_ws/install/examples_rclpy_executors:/opt/ros/humble LD_LIBRARY_PATH=/home/colby/srs_ws/install/realsense2_camera_msgs/lib:/home/colby/srs_ws/install/realsense2_camera/lib:/home/colby/ros2_ws/install/tutorial_interfaces/lib:/home/colby/ros2_ws/install/turtlesim/lib:/home/colby/ros2_ws/install/examples_rclcpp_wait_set/lib:/home/colby/ros2_ws/install/examples_rclcpp_minimal_subscriber/lib:/home/colby/ros2_ws/install/examples_rclcpp_minimal_composition/lib:/opt/ros/humble/opt/rviz_ogre_vendor/lib:/opt/ros/humble/lib/x86_64-linux-gnu:/opt/ros/humble/lib /usr/bin/cmake /home/colby/srs_ws/src/realsense-ros/realsense2_camera -DCMAKE_INSTALL_PREFIX=/home/colby/srs_ws/install/realsense2_camera
[0.039s] -- The C compiler identification is GNU 11.4.0
[0.071s] -- The CXX compiler identification is GNU 11.4.0
[0.075s] -- Detecting C compiler ABI info
[0.112s] -- Detecting C compiler ABI info - done
[0.115s] -- Check for working C compiler: /usr/bin/cc - skipped
[0.116s] -- Detecting C compile features
[0.116s] -- Detecting C compile features - done
[0.117s] -- Detecting CXX compiler ABI info
[0.159s] -- Detecting CXX compiler ABI info - done
[0.163s] -- Check for working CXX compiler: /usr/bin/c++ - skipped
[0.163s] -- Detecting CXX compile features
[0.164s] -- Detecting CXX compile features - done
[0.164s] -- Create Release Build.
[0.168s] -- Found ament_cmake: 1.3.11 (/opt/ros/humble/share/ament_cmake/cmake)
[0.404s] -- Found Python3: /usr/bin/python3 (found version "3.10.12") found components: Interpreter 
[0.513s] -- Found builtin_interfaces: 1.2.1 (/opt/ros/humble/share/builtin_interfaces/cmake)
[0.556s] -- Found rosidl_generator_c: 3.1.6 (/opt/ros/humble/share/rosidl_generator_c/cmake)
[0.563s] -- Found rosidl_adapter: 3.1.6 (/opt/ros/humble/share/rosidl_adapter/cmake)
[0.573s] -- Found rosidl_generator_cpp: 3.1.6 (/opt/ros/humble/share/rosidl_generator_cpp/cmake)
[0.582s] -- Using all available rosidl_typesupport_c: rosidl_typesupport_fastrtps_c;rosidl_typesupport_introspection_c
[0.595s] -- Using all available rosidl_typesupport_cpp: rosidl_typesupport_fastrtps_cpp;rosidl_typesupport_introspection_cpp
[0.611s] -- Found cv_bridge: 3.2.1 (/opt/ros/humble/share/cv_bridge/cmake)
[0.655s] -- Found image_transport: 3.1.10 (/opt/ros/humble/share/image_transport/cmake)
[0.703s] -- Found rmw_implementation_cmake: 6.1.2 (/opt/ros/humble/share/rmw_implementation_cmake/cmake)
[0.708s] -- Found rmw_cyclonedds_cpp: 1.3.4 (/opt/ros/humble/share/rmw_cyclonedds_cpp/cmake)
[0.734s] -- Using RMW implementation 'rmw_cyclonedds_cpp' as default
[0.743s] -- Looking for pthread.h
[0.790s] -- Looking for pthread.h - found
[0.790s] -- Performing Test CMAKE_HAVE_LIBC_PTHREAD
[0.833s] -- Performing Test CMAKE_HAVE_LIBC_PTHREAD - Success
[0.834s] -- Found Threads: TRUE  
[0.890s] -- Found rclcpp_components: 16.0.11 (/opt/ros/humble/share/rclcpp_components/cmake)
[0.905s] -- Found realsense2_camera_msgs: 4.55.1 (/home/colby/srs_ws/install/realsense2_camera_msgs/share/realsense2_camera_msgs/cmake)
[0.917s] -- Found nav_msgs: 4.2.4 (/opt/ros/humble/share/nav_msgs/cmake)
[0.930s] -- Found tf2_ros: 0.25.9 (/opt/ros/humble/share/tf2_ros/cmake)
[0.985s] -- Found diagnostic_updater: 4.0.0 (/opt/ros/humble/share/diagnostic_updater/cmake)
[1.001s] -- Found OpenCV: /usr (found version "4.5.4") found components: core 
[1.004s] -- Build for ROS2 Humble
[1.014s] -- Found ament_cmake_gtest: 1.3.11 (/opt/ros/humble/share/ament_cmake_gtest/cmake)
[1.017s] -- Found gtest sources under '/opt/ros/humble/src/gtest_vendor': C++ tests using 'Google Test' will be built
[1.022s] -- Found ament_cmake_pytest: 1.3.11 (/opt/ros/humble/share/ament_cmake_pytest/cmake)
[3.139s] -- rs_device_info:
[3.139s] -- Device Name                   Serial Number       Firmware Version
[3.139s] Intel RealSense D435I         233522078215        5.16.0.1
[3.139s] 
[3.139s] -- D455 device found
[4.796s] -- Configuring done
[4.810s] -- Generating done
[4.814s] -- Build files have been written to: /home/colby/srs_ws/build/realsense2_camera
[4.822s] Invoked command in '/home/colby/srs_ws/build/realsense2_camera' returned '0': CMAKE_PREFIX_PATH=/home/colby/srs_ws/install/realsense2_camera_msgs:/home/colby/srs_ws/install/urdf_test:/home/colby/srs_ws/install/realsense2_description:/home/colby/srs_ws/install/realsense2_camera:/home/colby/ros2_ws/install/tutorial_interfaces:/home/colby/ros2_ws/install/turtlesim:/home/colby/ros2_ws/install/examples_rclcpp_wait_set:/home/colby/ros2_ws/install/examples_rclcpp_multithreaded_executor:/home/colby/ros2_ws/install/examples_rclcpp_minimal_timer:/home/colby/ros2_ws/install/examples_rclcpp_minimal_subscriber:/home/colby/ros2_ws/install/examples_rclcpp_minimal_service:/home/colby/ros2_ws/install/examples_rclcpp_minimal_publisher:/home/colby/ros2_ws/install/examples_rclcpp_minimal_composition:/home/colby/ros2_ws/install/examples_rclcpp_minimal_client:/home/colby/ros2_ws/install/examples_rclcpp_minimal_action_server:/home/colby/ros2_ws/install/examples_rclcpp_minimal_action_client:/home/colby/ros2_ws/install/examples_rclcpp_cbg_executor:/home/colby/ros2_ws/install/examples_rclcpp_async_client:/home/colby/srs_ws/install/yolo_prediction:/home/colby/srs_ws/install/ur5_arm_movement:/home/colby/srs_ws/install/synced_image_publisher:/home/colby/srs_ws/install/srs_realsense:/home/colby/srs_ws/install/srs_launch_files:/home/colby/srs_ws/install/srs_control:/home/colby/srs_ws/install/realsense_subscriber:/home/colby/srs_ws/install/picking_info:/home/colby/srs_ws/install/gripper_orientation:/home/colby/ros2_ws/install/py_srvcli:/home/colby/ros2_ws/install/py_pubsub:/home/colby/ros2_ws/install/python_parameters:/home/colby/ros2_ws/install/my_package:/home/colby/ros2_ws/install/launch_testing_examples:/home/colby/ros2_ws/install/examples_rclpy_pointcloud_publisher:/home/colby/ros2_ws/install/examples_rclpy_minimal_subscriber:/home/colby/ros2_ws/install/examples_rclpy_minimal_service:/home/colby/ros2_ws/install/examples_rclpy_minimal_publisher:/home/colby/ros2_ws/install/examples_rclpy_minimal_client:/home/colby/ros2_ws/install/examples_rclpy_minimal_action_server:/home/colby/ros2_ws/install/examples_rclpy_minimal_action_client:/home/colby/ros2_ws/install/examples_rclpy_guard_conditions:/home/colby/ros2_ws/install/examples_rclpy_executors:/opt/ros/humble LD_LIBRARY_PATH=/home/colby/srs_ws/install/realsense2_camera_msgs/lib:/home/colby/srs_ws/install/realsense2_camera/lib:/home/colby/ros2_ws/install/tutorial_interfaces/lib:/home/colby/ros2_ws/install/turtlesim/lib:/home/colby/ros2_ws/install/examples_rclcpp_wait_set/lib:/home/colby/ros2_ws/install/examples_rclcpp_minimal_subscriber/lib:/home/colby/ros2_ws/install/examples_rclcpp_minimal_composition/lib:/opt/ros/humble/opt/rviz_ogre_vendor/lib:/opt/ros/humble/lib/x86_64-linux-gnu:/opt/ros/humble/lib /usr/bin/cmake /home/colby/srs_ws/src/realsense-ros/realsense2_camera -DCMAKE_INSTALL_PREFIX=/home/colby/srs_ws/install/realsense2_camera
[4.823s] Invoking command in '/home/colby/srs_ws/build/realsense2_camera': CMAKE_PREFIX_PATH=/home/colby/srs_ws/install/realsense2_camera_msgs:/home/colby/srs_ws/install/urdf_test:/home/colby/srs_ws/install/realsense2_description:/home/colby/srs_ws/install/realsense2_camera:/home/colby/ros2_ws/install/tutorial_interfaces:/home/colby/ros2_ws/install/turtlesim:/home/colby/ros2_ws/install/examples_rclcpp_wait_set:/home/colby/ros2_ws/install/examples_rclcpp_multithreaded_executor:/home/colby/ros2_ws/install/examples_rclcpp_minimal_timer:/home/colby/ros2_ws/install/examples_rclcpp_minimal_subscriber:/home/colby/ros2_ws/install/examples_rclcpp_minimal_service:/home/colby/ros2_ws/install/examples_rclcpp_minimal_publisher:/home/colby/ros2_ws/install/examples_rclcpp_minimal_composition:/home/colby/ros2_ws/install/examples_rclcpp_minimal_client:/home/colby/ros2_ws/install/examples_rclcpp_minimal_action_server:/home/colby/ros2_ws/install/examples_rclcpp_minimal_action_client:/home/colby/ros2_ws/install/examples_rclcpp_cbg_executor:/home/colby/ros2_ws/install/examples_rclcpp_async_client:/home/colby/srs_ws/install/yolo_prediction:/home/colby/srs_ws/install/ur5_arm_movement:/home/colby/srs_ws/install/synced_image_publisher:/home/colby/srs_ws/install/srs_realsense:/home/colby/srs_ws/install/srs_launch_files:/home/colby/srs_ws/install/srs_control:/home/colby/srs_ws/install/realsense_subscriber:/home/colby/srs_ws/install/picking_info:/home/colby/srs_ws/install/gripper_orientation:/home/colby/ros2_ws/install/py_srvcli:/home/colby/ros2_ws/install/py_pubsub:/home/colby/ros2_ws/install/python_parameters:/home/colby/ros2_ws/install/my_package:/home/colby/ros2_ws/install/launch_testing_examples:/home/colby/ros2_ws/install/examples_rclpy_pointcloud_publisher:/home/colby/ros2_ws/install/examples_rclpy_minimal_subscriber:/home/colby/ros2_ws/install/examples_rclpy_minimal_service:/home/colby/ros2_ws/install/examples_rclpy_minimal_publisher:/home/colby/ros2_ws/install/examples_rclpy_minimal_client:/home/colby/ros2_ws/install/examples_rclpy_minimal_action_server:/home/colby/ros2_ws/install/examples_rclpy_minimal_action_client:/home/colby/ros2_ws/install/examples_rclpy_guard_conditions:/home/colby/ros2_ws/install/examples_rclpy_executors:/opt/ros/humble LD_LIBRARY_PATH=/home/colby/srs_ws/install/realsense2_camera_msgs/lib:/home/colby/srs_ws/install/realsense2_camera/lib:/home/colby/ros2_ws/install/tutorial_interfaces/lib:/home/colby/ros2_ws/install/turtlesim/lib:/home/colby/ros2_ws/install/examples_rclcpp_wait_set/lib:/home/colby/ros2_ws/install/examples_rclcpp_minimal_subscriber/lib:/home/colby/ros2_ws/install/examples_rclcpp_minimal_composition/lib:/opt/ros/humble/opt/rviz_ogre_vendor/lib:/opt/ros/humble/lib/x86_64-linux-gnu:/opt/ros/humble/lib /usr/bin/cmake --build /home/colby/srs_ws/build/realsense2_camera -- -j12 -l12
[4.856s] [ 45%] [32mBuilding CXX object gtest/CMakeFiles/gtest_main.dir/src/gtest_main.cc.o[0m
[4.856s] [ 45%] [32mBuilding CXX object CMakeFiles/realsense2_camera.dir/src/realsense_node_factory.cpp.o[0m
[4.856s] [ 45%] [32mBuilding CXX object CMakeFiles/realsense2_camera.dir/src/ros_utils.cpp.o[0m
[4.856s] [ 45%] [32mBuilding CXX object CMakeFiles/realsense2_camera_node.dir/rclcpp_components/node_main_realsense2_camera_node.cpp.o[0m
[4.856s] [ 45%] [32mBuilding CXX object CMakeFiles/realsense2_camera.dir/src/parameters.cpp.o[0m
[4.856s] [ 45%] [32mBuilding CXX object CMakeFiles/realsense2_camera.dir/src/dynamic_params.cpp.o[0m
[4.856s] [ 45%] [32mBuilding CXX object CMakeFiles/realsense2_camera.dir/src/ros_sensor.cpp.o[0m
[4.856s] [ 45%] [32mBuilding CXX object CMakeFiles/realsense2_camera.dir/src/rs_node_setup.cpp.o[0m
[4.856s] [ 45%] [32mBuilding CXX object CMakeFiles/realsense2_camera.dir/src/sensor_params.cpp.o[0m
[4.856s] [ 50%] [32mBuilding CXX object CMakeFiles/realsense2_camera.dir/src/named_filter.cpp.o[0m
[4.856s] [ 45%] [32mBuilding CXX object CMakeFiles/realsense2_camera.dir/src/base_realsense_node.cpp.o[0m
[4.860s] [ 54%] [32mBuilding CXX object gtest/CMakeFiles/gtest.dir/src/gtest-all.cc.o[0m
[5.547s] [ 59%] [32m[1mLinking CXX static library libgtest_main.a[0m
[5.582s] [ 59%] Built target gtest_main
[5.595s] [ 63%] [32mBuilding CXX object CMakeFiles/realsense2_camera.dir/src/profile_manager.cpp.o[0m
[9.045s] [ 68%] [32mBuilding CXX object CMakeFiles/realsense2_camera.dir/src/image_publisher.cpp.o[0m
[9.155s] [ 72%] [32m[1mLinking CXX executable realsense2_camera_node[0m
[9.313s] [ 72%] Built target realsense2_camera_node
[9.322s] [ 77%] [32mBuilding CXX object CMakeFiles/realsense2_camera.dir/src/tfs.cpp.o[0m
[11.174s] [ 81%] [32mBuilding CXX object CMakeFiles/realsense2_camera.dir/src/ros_param_backend.cpp.o[0m
[13.821s] [ 86%] [32m[1mLinking CXX static library libgtest.a[0m
[13.857s] [ 86%] Built target gtest
[13.876s] [ 90%] [32mBuilding CXX object CMakeFiles/gtest_template.dir/test/gtest_template.cpp.o[0m
[14.693s] [ 95%] [32m[1mLinking CXX executable gtest_template[0m
[14.765s] [ 95%] Built target gtest_template
[18.214s] [100%] [32m[1mLinking CXX shared library librealsense2_camera.so[0m
[18.461s] [100%] Built target realsense2_camera
[18.466s] Invoked command in '/home/colby/srs_ws/build/realsense2_camera' returned '0': CMAKE_PREFIX_PATH=/home/colby/srs_ws/install/realsense2_camera_msgs:/home/colby/srs_ws/install/urdf_test:/home/colby/srs_ws/install/realsense2_description:/home/colby/srs_ws/install/realsense2_camera:/home/colby/ros2_ws/install/tutorial_interfaces:/home/colby/ros2_ws/install/turtlesim:/home/colby/ros2_ws/install/examples_rclcpp_wait_set:/home/colby/ros2_ws/install/examples_rclcpp_multithreaded_executor:/home/colby/ros2_ws/install/examples_rclcpp_minimal_timer:/home/colby/ros2_ws/install/examples_rclcpp_minimal_subscriber:/home/colby/ros2_ws/install/examples_rclcpp_minimal_service:/home/colby/ros2_ws/install/examples_rclcpp_minimal_publisher:/home/colby/ros2_ws/install/examples_rclcpp_minimal_composition:/home/colby/ros2_ws/install/examples_rclcpp_minimal_client:/home/colby/ros2_ws/install/examples_rclcpp_minimal_action_server:/home/colby/ros2_ws/install/examples_rclcpp_minimal_action_client:/home/colby/ros2_ws/install/examples_rclcpp_cbg_executor:/home/colby/ros2_ws/install/examples_rclcpp_async_client:/home/colby/srs_ws/install/yolo_prediction:/home/colby/srs_ws/install/ur5_arm_movement:/home/colby/srs_ws/install/synced_image_publisher:/home/colby/srs_ws/install/srs_realsense:/home/colby/srs_ws/install/srs_launch_files:/home/colby/srs_ws/install/srs_control:/home/colby/srs_ws/install/realsense_subscriber:/home/colby/srs_ws/install/picking_info:/home/colby/srs_ws/install/gripper_orientation:/home/colby/ros2_ws/install/py_srvcli:/home/colby/ros2_ws/install/py_pubsub:/home/colby/ros2_ws/install/python_parameters:/home/colby/ros2_ws/install/my_package:/home/colby/ros2_ws/install/launch_testing_examples:/home/colby/ros2_ws/install/examples_rclpy_pointcloud_publisher:/home/colby/ros2_ws/install/examples_rclpy_minimal_subscriber:/home/colby/ros2_ws/install/examples_rclpy_minimal_service:/home/colby/ros2_ws/install/examples_rclpy_minimal_publisher:/home/colby/ros2_ws/install/examples_rclpy_minimal_client:/home/colby/ros2_ws/install/examples_rclpy_minimal_action_server:/home/colby/ros2_ws/install/examples_rclpy_minimal_action_client:/home/colby/ros2_ws/install/examples_rclpy_guard_conditions:/home/colby/ros2_ws/install/examples_rclpy_executors:/opt/ros/humble LD_LIBRARY_PATH=/home/colby/srs_ws/install/realsense2_camera_msgs/lib:/home/colby/srs_ws/install/realsense2_camera/lib:/home/colby/ros2_ws/install/tutorial_interfaces/lib:/home/colby/ros2_ws/install/turtlesim/lib:/home/colby/ros2_ws/install/examples_rclcpp_wait_set/lib:/home/colby/ros2_ws/install/examples_rclcpp_minimal_subscriber/lib:/home/colby/ros2_ws/install/examples_rclcpp_minimal_composition/lib:/opt/ros/humble/opt/rviz_ogre_vendor/lib:/opt/ros/humble/lib/x86_64-linux-gnu:/opt/ros/humble/lib /usr/bin/cmake --build /home/colby/srs_ws/build/realsense2_camera -- -j12 -l12
[18.467s] Invoking command in '/home/colby/srs_ws/build/realsense2_camera': CMAKE_PREFIX_PATH=/home/colby/srs_ws/install/realsense2_camera_msgs:/home/colby/srs_ws/install/urdf_test:/home/colby/srs_ws/install/realsense2_description:/home/colby/srs_ws/install/realsense2_camera:/home/colby/ros2_ws/install/tutorial_interfaces:/home/colby/ros2_ws/install/turtlesim:/home/colby/ros2_ws/install/examples_rclcpp_wait_set:/home/colby/ros2_ws/install/examples_rclcpp_multithreaded_executor:/home/colby/ros2_ws/install/examples_rclcpp_minimal_timer:/home/colby/ros2_ws/install/examples_rclcpp_minimal_subscriber:/home/colby/ros2_ws/install/examples_rclcpp_minimal_service:/home/colby/ros2_ws/install/examples_rclcpp_minimal_publisher:/home/colby/ros2_ws/install/examples_rclcpp_minimal_composition:/home/colby/ros2_ws/install/examples_rclcpp_minimal_client:/home/colby/ros2_ws/install/examples_rclcpp_minimal_action_server:/home/colby/ros2_ws/install/examples_rclcpp_minimal_action_client:/home/colby/ros2_ws/install/examples_rclcpp_cbg_executor:/home/colby/ros2_ws/install/examples_rclcpp_async_client:/home/colby/srs_ws/install/yolo_prediction:/home/colby/srs_ws/install/ur5_arm_movement:/home/colby/srs_ws/install/synced_image_publisher:/home/colby/srs_ws/install/srs_realsense:/home/colby/srs_ws/install/srs_launch_files:/home/colby/srs_ws/install/srs_control:/home/colby/srs_ws/install/realsense_subscriber:/home/colby/srs_ws/install/picking_info:/home/colby/srs_ws/install/gripper_orientation:/home/colby/ros2_ws/install/py_srvcli:/home/colby/ros2_ws/install/py_pubsub:/home/colby/ros2_ws/install/python_parameters:/home/colby/ros2_ws/install/my_package:/home/colby/ros2_ws/install/launch_testing_examples:/home/colby/ros2_ws/install/examples_rclpy_pointcloud_publisher:/home/colby/ros2_ws/install/examples_rclpy_minimal_subscriber:/home/colby/ros2_ws/install/examples_rclpy_minimal_service:/home/colby/ros2_ws/install/examples_rclpy_minimal_publisher:/home/colby/ros2_ws/install/examples_rclpy_minimal_client:/home/colby/ros2_ws/install/examples_rclpy_minimal_action_server:/home/colby/ros2_ws/install/examples_rclpy_minimal_action_client:/home/colby/ros2_ws/install/examples_rclpy_guard_conditions:/home/colby/ros2_ws/install/examples_rclpy_executors:/opt/ros/humble LD_LIBRARY_PATH=/home/colby/srs_ws/install/realsense2_camera_msgs/lib:/home/colby/srs_ws/install/realsense2_camera/lib:/home/colby/ros2_ws/install/tutorial_interfaces/lib:/home/colby/ros2_ws/install/turtlesim/lib:/home/colby/ros2_ws/install/examples_rclcpp_wait_set/lib:/home/colby/ros2_ws/install/examples_rclcpp_minimal_subscriber/lib:/home/colby/ros2_ws/install/examples_rclcpp_minimal_composition/lib:/opt/ros/humble/opt/rviz_ogre_vendor/lib:/opt/ros/humble/lib/x86_64-linux-gnu:/opt/ros/humble/lib /usr/bin/cmake --install /home/colby/srs_ws/build/realsense2_camera
[18.471s] -- Install configuration: "Release"
[18.471s] -- Installing: /home/colby/srs_ws/install/realsense2_camera/lib/realsense2_camera/realsense2_camera_node
[18.472s] -- Set runtime path of "/home/colby/srs_ws/install/realsense2_camera/lib/realsense2_camera/realsense2_camera_node" to ""
[18.472s] -- Installing: /home/colby/srs_ws/install/realsense2_camera/lib/librealsense2_camera.so
[18.473s] -- Set runtime path of "/home/colby/srs_ws/install/realsense2_camera/lib/librealsense2_camera.so" to ""
[18.473s] -- Installing: /home/colby/srs_ws/install/realsense2_camera/include
[18.474s] -- Installing: /home/colby/srs_ws/install/realsense2_camera/include/gl_window.h
[18.474s] -- Installing: /home/colby/srs_ws/install/realsense2_camera/include/image_publisher.h
[18.474s] -- Installing: /home/colby/srs_ws/install/realsense2_camera/include/profile_manager.h
[18.474s] -- Installing: /home/colby/srs_ws/install/realsense2_camera/include/dynamic_params.h
[18.474s] -- Installing: /home/colby/srs_ws/install/realsense2_camera/include/ros_utils.h
[18.474s] -- Installing: /home/colby/srs_ws/install/realsense2_camera/include/realsense_node_factory.h
[18.474s] -- Installing: /home/colby/srs_ws/install/realsense2_camera/include/constants.h
[18.474s] -- Installing: /home/colby/srs_ws/install/realsense2_camera/include/sensor_params.h
[18.474s] -- Installing: /home/colby/srs_ws/install/realsense2_camera/include/named_filter.h
[18.474s] -- Installing: /home/colby/srs_ws/install/realsense2_camera/include/ros_sensor.h
[18.474s] -- Installing: /home/colby/srs_ws/install/realsense2_camera/include/ros_param_backend.h
[18.474s] -- Installing: /home/colby/srs_ws/install/realsense2_camera/include/base_realsense_node.h
[18.474s] -- Installing: /home/colby/srs_ws/install/realsense2_camera/share/realsense2_camera/launch
[18.474s] -- Installing: /home/colby/srs_ws/install/realsense2_camera/share/realsense2_camera/launch/rs_launch.py
[18.474s] -- Installing: /home/colby/srs_ws/install/realsense2_camera/share/realsense2_camera/launch/rs_multi_camera_launch.py
[18.474s] -- Installing: /home/colby/srs_ws/install/realsense2_camera/share/realsense2_camera/launch/rs_intra_process_demo_launch.py
[18.474s] -- Installing: /home/colby/srs_ws/install/realsense2_camera/share/realsense2_camera/launch/default.rviz
[18.474s] -- Installing: /home/colby/srs_ws/install/realsense2_camera/share/realsense2_camera/examples
[18.474s] -- Installing: /home/colby/srs_ws/install/realsense2_camera/share/realsense2_camera/examples/pointcloud
[18.474s] -- Installing: /home/colby/srs_ws/install/realsense2_camera/share/realsense2_camera/examples/pointcloud/README.md
[18.474s] -- Installing: /home/colby/srs_ws/install/realsense2_camera/share/realsense2_camera/examples/pointcloud/rs_d455_pointcloud_launch.py
[18.474s] -- Installing: /home/colby/srs_ws/install/realsense2_camera/share/realsense2_camera/examples/pointcloud/rs_d405_pointcloud_launch.py
[18.474s] -- Installing: /home/colby/srs_ws/install/realsense2_camera/share/realsense2_camera/examples/pointcloud/rviz
[18.474s] -- Installing: /home/colby/srs_ws/install/realsense2_camera/share/realsense2_camera/examples/pointcloud/rviz/pointcloud.rviz
[18.475s] -- Installing: /home/colby/srs_ws/install/realsense2_camera/share/realsense2_camera/examples/pointcloud/rviz/urdf_pointcloud.rviz
[18.475s] -- Installing: /home/colby/srs_ws/install/realsense2_camera/share/realsense2_camera/examples/pointcloud/rs_pointcloud_launch.py
[18.475s] -- Installing: /home/colby/srs_ws/install/realsense2_camera/share/realsense2_camera/examples/launch_from_rosbag
[18.475s] -- Installing: /home/colby/srs_ws/install/realsense2_camera/share/realsense2_camera/examples/launch_from_rosbag/rs_launch_from_rosbag.py
[18.475s] -- Installing: /home/colby/srs_ws/install/realsense2_camera/share/realsense2_camera/examples/launch_from_rosbag/README.md
[18.475s] -- Installing: /home/colby/srs_ws/install/realsense2_camera/share/realsense2_camera/examples/align_depth
[18.475s] -- Installing: /home/colby/srs_ws/install/realsense2_camera/share/realsense2_camera/examples/align_depth/rs_align_depth_launch.py
[18.475s] -- Installing: /home/colby/srs_ws/install/realsense2_camera/share/realsense2_camera/examples/align_depth/README.md
[18.475s] -- Installing: /home/colby/srs_ws/install/realsense2_camera/share/realsense2_camera/examples/dual_camera
[18.475s] -- Installing: /home/colby/srs_ws/install/realsense2_camera/share/realsense2_camera/examples/dual_camera/README.md
[18.475s] -- Installing: /home/colby/srs_ws/install/realsense2_camera/share/realsense2_camera/examples/dual_camera/rviz
[18.475s] -- Installing: /home/colby/srs_ws/install/realsense2_camera/share/realsense2_camera/examples/dual_camera/rviz/dual_camera_pointcloud.rviz
[18.475s] -- Installing: /home/colby/srs_ws/install/realsense2_camera/share/realsense2_camera/examples/dual_camera/rs_dual_camera_launch.py
[18.475s] -- Installing: /home/colby/srs_ws/install/realsense2_camera/share/realsense2_camera/examples/launch_params_from_file
[18.475s] -- Installing: /home/colby/srs_ws/install/realsense2_camera/share/realsense2_camera/examples/launch_params_from_file/README.md
[18.475s] -- Installing: /home/colby/srs_ws/install/realsense2_camera/share/realsense2_camera/examples/launch_params_from_file/rs_launch_get_params_from_yaml.py
[18.475s] -- Installing: /home/colby/srs_ws/install/realsense2_camera/share/realsense2_camera/examples/launch_params_from_file/config
[18.475s] -- Installing: /home/colby/srs_ws/install/realsense2_camera/share/realsense2_camera/examples/launch_params_from_file/config/config.yaml
[18.475s] -- Installing: /home/colby/srs_ws/install/realsense2_camera/share/realsense2_camera/environment/library_path.sh
[18.475s] -- Installing: /home/colby/srs_ws/install/realsense2_camera/share/realsense2_camera/environment/library_path.dsv
[18.475s] -- Installing: /home/colby/srs_ws/install/realsense2_camera/share/ament_index/resource_index/package_run_dependencies/realsense2_camera
[18.475s] -- Installing: /home/colby/srs_ws/install/realsense2_camera/share/ament_index/resource_index/parent_prefix_path/realsense2_camera
[18.475s] -- Installing: /home/colby/srs_ws/install/realsense2_camera/share/realsense2_camera/environment/ament_prefix_path.sh
[18.475s] -- Installing: /home/colby/srs_ws/install/realsense2_camera/share/realsense2_camera/environment/ament_prefix_path.dsv
[18.475s] -- Installing: /home/colby/srs_ws/install/realsense2_camera/share/realsense2_camera/environment/path.sh
[18.475s] -- Installing: /home/colby/srs_ws/install/realsense2_camera/share/realsense2_camera/environment/path.dsv
[18.475s] -- Installing: /home/colby/srs_ws/install/realsense2_camera/share/realsense2_camera/local_setup.bash
[18.475s] -- Installing: /home/colby/srs_ws/install/realsense2_camera/share/realsense2_camera/local_setup.sh
[18.475s] -- Installing: /home/colby/srs_ws/install/realsense2_camera/share/realsense2_camera/local_setup.zsh
[18.475s] -- Installing: /home/colby/srs_ws/install/realsense2_camera/share/realsense2_camera/local_setup.dsv
[18.476s] -- Installing: /home/colby/srs_ws/install/realsense2_camera/share/realsense2_camera/package.dsv
[18.476s] -- Installing: /home/colby/srs_ws/install/realsense2_camera/share/ament_index/resource_index/packages/realsense2_camera
[18.476s] -- Installing: /home/colby/srs_ws/install/realsense2_camera/share/ament_index/resource_index/rclcpp_components/realsense2_camera
[18.476s] -- Installing: /home/colby/srs_ws/install/realsense2_camera/share/realsense2_camera/cmake/ament_cmake_export_include_directories-extras.cmake
[18.476s] -- Installing: /home/colby/srs_ws/install/realsense2_camera/share/realsense2_camera/cmake/ament_cmake_export_libraries-extras.cmake
[18.476s] -- Installing: /home/colby/srs_ws/install/realsense2_camera/share/realsense2_camera/cmake/ament_cmake_export_dependencies-extras.cmake
[18.476s] -- Installing: /home/colby/srs_ws/install/realsense2_camera/share/realsense2_camera/cmake/realsense2_cameraConfig.cmake
[18.476s] -- Installing: /home/colby/srs_ws/install/realsense2_camera/share/realsense2_camera/cmake/realsense2_cameraConfig-version.cmake
[18.476s] -- Installing: /home/colby/srs_ws/install/realsense2_camera/share/realsense2_camera/package.xml
[18.477s] Invoked command in '/home/colby/srs_ws/build/realsense2_camera' returned '0': CMAKE_PREFIX_PATH=/home/colby/srs_ws/install/realsense2_camera_msgs:/home/colby/srs_ws/install/urdf_test:/home/colby/srs_ws/install/realsense2_description:/home/colby/srs_ws/install/realsense2_camera:/home/colby/ros2_ws/install/tutorial_interfaces:/home/colby/ros2_ws/install/turtlesim:/home/colby/ros2_ws/install/examples_rclcpp_wait_set:/home/colby/ros2_ws/install/examples_rclcpp_multithreaded_executor:/home/colby/ros2_ws/install/examples_rclcpp_minimal_timer:/home/colby/ros2_ws/install/examples_rclcpp_minimal_subscriber:/home/colby/ros2_ws/install/examples_rclcpp_minimal_service:/home/colby/ros2_ws/install/examples_rclcpp_minimal_publisher:/home/colby/ros2_ws/install/examples_rclcpp_minimal_composition:/home/colby/ros2_ws/install/examples_rclcpp_minimal_client:/home/colby/ros2_ws/install/examples_rclcpp_minimal_action_server:/home/colby/ros2_ws/install/examples_rclcpp_minimal_action_client:/home/colby/ros2_ws/install/examples_rclcpp_cbg_executor:/home/colby/ros2_ws/install/examples_rclcpp_async_client:/home/colby/srs_ws/install/yolo_prediction:/home/colby/srs_ws/install/ur5_arm_movement:/home/colby/srs_ws/install/synced_image_publisher:/home/colby/srs_ws/install/srs_realsense:/home/colby/srs_ws/install/srs_launch_files:/home/colby/srs_ws/install/srs_control:/home/colby/srs_ws/install/realsense_subscriber:/home/colby/srs_ws/install/picking_info:/home/colby/srs_ws/install/gripper_orientation:/home/colby/ros2_ws/install/py_srvcli:/home/colby/ros2_ws/install/py_pubsub:/home/colby/ros2_ws/install/python_parameters:/home/colby/ros2_ws/install/my_package:/home/colby/ros2_ws/install/launch_testing_examples:/home/colby/ros2_ws/install/examples_rclpy_pointcloud_publisher:/home/colby/ros2_ws/install/examples_rclpy_minimal_subscriber:/home/colby/ros2_ws/install/examples_rclpy_minimal_service:/home/colby/ros2_ws/install/examples_rclpy_minimal_publisher:/home/colby/ros2_ws/install/examples_rclpy_minimal_client:/home/colby/ros2_ws/install/examples_rclpy_minimal_action_server:/home/colby/ros2_ws/install/examples_rclpy_minimal_action_client:/home/colby/ros2_ws/install/examples_rclpy_guard_conditions:/home/colby/ros2_ws/install/examples_rclpy_executors:/opt/ros/humble LD_LIBRARY_PATH=/home/colby/srs_ws/install/realsense2_camera_msgs/lib:/home/colby/srs_ws/install/realsense2_camera/lib:/home/colby/ros2_ws/install/tutorial_interfaces/lib:/home/colby/ros2_ws/install/turtlesim/lib:/home/colby/ros2_ws/install/examples_rclcpp_wait_set/lib:/home/colby/ros2_ws/install/examples_rclcpp_minimal_subscriber/lib:/home/colby/ros2_ws/install/examples_rclcpp_minimal_composition/lib:/opt/ros/humble/opt/rviz_ogre_vendor/lib:/opt/ros/humble/lib/x86_64-linux-gnu:/opt/ros/humble/lib /usr/bin/cmake --install /home/colby/srs_ws/build/realsense2_camera
