/home/colby/srs_ws/install/picking_info/lib/python3.10/site-packages/picking_info/gripper_orientation_farthest_centroid.py
/home/colby/srs_ws/install/picking_info/lib/python3.10/site-packages/picking_info/gripper_orientation_basic.py
/home/colby/srs_ws/install/picking_info/lib/python3.10/site-packages/picking_info/__init__.py
/home/colby/srs_ws/install/picking_info/lib/python3.10/site-packages/picking_info/gripper_orientation_z_order.py
/home/colby/srs_ws/install/picking_info/lib/python3.10/site-packages/picking_info/__pycache__/gripper_orientation_farthest_centroid.cpython-310.pyc
/home/colby/srs_ws/install/picking_info/lib/python3.10/site-packages/picking_info/__pycache__/gripper_orientation_basic.cpython-310.pyc
/home/colby/srs_ws/install/picking_info/lib/python3.10/site-packages/picking_info/__pycache__/__init__.cpython-310.pyc
/home/colby/srs_ws/install/picking_info/lib/python3.10/site-packages/picking_info/__pycache__/gripper_orientation_z_order.cpython-310.pyc
/home/colby/srs_ws/install/picking_info/share/ament_index/resource_index/packages/picking_info
/home/colby/srs_ws/install/picking_info/share/picking_info/package.xml
/home/colby/srs_ws/install/picking_info/lib/python3.10/site-packages/picking_info-0.0.0-py3.10.egg-info/PKG-INFO
/home/colby/srs_ws/install/picking_info/lib/python3.10/site-packages/picking_info-0.0.0-py3.10.egg-info/top_level.txt
/home/colby/srs_ws/install/picking_info/lib/python3.10/site-packages/picking_info-0.0.0-py3.10.egg-info/requires.txt
/home/colby/srs_ws/install/picking_info/lib/python3.10/site-packages/picking_info-0.0.0-py3.10.egg-info/dependency_links.txt
/home/colby/srs_ws/install/picking_info/lib/python3.10/site-packages/picking_info-0.0.0-py3.10.egg-info/zip-safe
/home/colby/srs_ws/install/picking_info/lib/python3.10/site-packages/picking_info-0.0.0-py3.10.egg-info/entry_points.txt
/home/colby/srs_ws/install/picking_info/lib/python3.10/site-packages/picking_info-0.0.0-py3.10.egg-info/SOURCES.txt
/home/colby/srs_ws/install/picking_info/lib/picking_info/gripper_orientation_basic
/home/colby/srs_ws/install/picking_info/lib/picking_info/gripper_orientation_farthest_centroid
/home/colby/srs_ws/install/picking_info/lib/picking_info/gripper_orientation_z_order
