[2.953s] Invoking command in '/home/colby/srs_ws/src/srs_control': PYTHONPATH=/home/colby/srs_ws/build/srs_control/prefix_override:/usr/lib/python3/dist-packages/colcon_core/task/python/colcon_distutils_commands:/home/colby/srs_ws/install/srs_control/lib/python3.10/site-packages:${PYTHONPATH} /usr/bin/python3 -W ignore:setup.py install is deprecated -W ignore:easy_install command is deprecated setup.py egg_info --egg-base ../../build/srs_control build --build-base /home/colby/srs_ws/build/srs_control/build install --record /home/colby/srs_ws/build/srs_control/install.log --single-version-externally-managed install_data
[3.473s] running egg_info
[3.495s] writing ../../build/srs_control/srs_control.egg-info/PKG-INFO
[3.496s] writing dependency_links to ../../build/srs_control/srs_control.egg-info/dependency_links.txt
[3.511s] writing entry points to ../../build/srs_control/srs_control.egg-info/entry_points.txt
[3.512s] writing requirements to ../../build/srs_control/srs_control.egg-info/requires.txt
[3.512s] writing top-level names to ../../build/srs_control/srs_control.egg-info/top_level.txt
[3.580s] reading manifest file '../../build/srs_control/srs_control.egg-info/SOURCES.txt'
[3.598s] writing manifest file '../../build/srs_control/srs_control.egg-info/SOURCES.txt'
[3.599s] running build
[3.599s] running build_py
[3.599s] copying srs_control/__init__.py -> /home/colby/srs_ws/build/srs_control/build/lib/srs_control
[3.599s] copying srs_control/fruit_picker.py -> /home/colby/srs_ws/build/srs_control/build/lib/srs_control
[3.599s] copying srs_control/fruit_pick_check.py -> /home/colby/srs_ws/build/srs_control/build/lib/srs_control
[3.599s] copying srs_control/coord_transform.py -> /home/colby/srs_ws/build/srs_control/build/lib/srs_control
[3.600s] running install
[3.607s] running install_lib
[3.629s] copying /home/colby/srs_ws/build/srs_control/build/lib/srs_control/fruit_pick_check.py -> /home/colby/srs_ws/install/srs_control/lib/python3.10/site-packages/srs_control
[3.631s] byte-compiling /home/colby/srs_ws/install/srs_control/lib/python3.10/site-packages/srs_control/fruit_pick_check.py to fruit_pick_check.cpython-310.pyc
[3.633s] running install_data
[3.634s] copying resource/srs_control -> /home/colby/srs_ws/install/srs_control/share/ament_index/resource_index/packages
[3.634s] copying package.xml -> /home/colby/srs_ws/install/srs_control/share/srs_control
[3.634s] running install_egg_info
[3.657s] removing '/home/colby/srs_ws/install/srs_control/lib/python3.10/site-packages/srs_control-0.0.0-py3.10.egg-info' (and everything under it)
[3.674s] Copying ../../build/srs_control/srs_control.egg-info to /home/colby/srs_ws/install/srs_control/lib/python3.10/site-packages/srs_control-0.0.0-py3.10.egg-info
[3.722s] running install_scripts
[4.003s] Installing coord_transform script to /home/colby/srs_ws/install/srs_control/lib/srs_control
[4.004s] Installing fruit_pick_check script to /home/colby/srs_ws/install/srs_control/lib/srs_control
[4.004s] Installing fruit_picker script to /home/colby/srs_ws/install/srs_control/lib/srs_control
[4.008s] writing list of installed files to '/home/colby/srs_ws/build/srs_control/install.log'
[4.096s] Invoked command in '/home/colby/srs_ws/src/srs_control' returned '0': PYTHONPATH=/home/colby/srs_ws/build/srs_control/prefix_override:/usr/lib/python3/dist-packages/colcon_core/task/python/colcon_distutils_commands:/home/colby/srs_ws/install/srs_control/lib/python3.10/site-packages:${PYTHONPATH} /usr/bin/python3 -W ignore:setup.py install is deprecated -W ignore:easy_install command is deprecated setup.py egg_info --egg-base ../../build/srs_control build --build-base /home/colby/srs_ws/build/srs_control/build install --record /home/colby/srs_ws/build/srs_control/install.log --single-version-externally-managed install_data
