[1.137s] Invoking command in '/home/colby/srs_ws/src/srs_realsense': PYTHONPATH=/home/colby/srs_ws/build/srs_realsense/prefix_override:/usr/lib/python3/dist-packages/colcon_core/task/python/colcon_distutils_commands:/home/colby/srs_ws/install/srs_realsense/lib/python3.10/site-packages:${PYTHONPATH} /usr/bin/python3 -W ignore:setup.py install is deprecated -W ignore:easy_install command is deprecated setup.py egg_info --egg-base ../../build/srs_realsense build --build-base /home/colby/srs_ws/build/srs_realsense/build install --record /home/colby/srs_ws/build/srs_realsense/install.log --single-version-externally-managed install_data
[1.312s] running egg_info
[1.325s] creating ../../build/srs_realsense/srs_realsense.egg-info
[1.325s] writing ../../build/srs_realsense/srs_realsense.egg-info/PKG-INFO
[1.325s] writing dependency_links to ../../build/srs_realsense/srs_realsense.egg-info/dependency_links.txt
[1.325s] writing entry points to ../../build/srs_realsense/srs_realsense.egg-info/entry_points.txt
[1.326s] writing requirements to ../../build/srs_realsense/srs_realsense.egg-info/requires.txt
[1.326s] writing top-level names to ../../build/srs_realsense/srs_realsense.egg-info/top_level.txt
[1.326s] writing manifest file '../../build/srs_realsense/srs_realsense.egg-info/SOURCES.txt'
[1.350s] reading manifest file '../../build/srs_realsense/srs_realsense.egg-info/SOURCES.txt'
[1.351s] writing manifest file '../../build/srs_realsense/srs_realsense.egg-info/SOURCES.txt'
[1.351s] running build
[1.351s] running build_py
[1.351s] creating /home/colby/srs_ws/build/srs_realsense/build/lib/srs_realsense
[1.351s] copying srs_realsense/pixel_to_point.py -> /home/colby/srs_ws/build/srs_realsense/build/lib/srs_realsense
[1.351s] copying srs_realsense/__init__.py -> /home/colby/srs_ws/build/srs_realsense/build/lib/srs_realsense
[1.351s] copying srs_realsense/synced_image_publisher_node.py -> /home/colby/srs_ws/build/srs_realsense/build/lib/srs_realsense
[1.352s] running install
[1.355s] running install_lib
[1.366s] creating /home/colby/srs_ws/install/srs_realsense/lib/python3.10/site-packages/srs_realsense
[1.366s] copying /home/colby/srs_ws/build/srs_realsense/build/lib/srs_realsense/pixel_to_point.py -> /home/colby/srs_ws/install/srs_realsense/lib/python3.10/site-packages/srs_realsense
[1.366s] copying /home/colby/srs_ws/build/srs_realsense/build/lib/srs_realsense/__init__.py -> /home/colby/srs_ws/install/srs_realsense/lib/python3.10/site-packages/srs_realsense
[1.366s] copying /home/colby/srs_ws/build/srs_realsense/build/lib/srs_realsense/synced_image_publisher_node.py -> /home/colby/srs_ws/install/srs_realsense/lib/python3.10/site-packages/srs_realsense
[1.367s] byte-compiling /home/colby/srs_ws/install/srs_realsense/lib/python3.10/site-packages/srs_realsense/pixel_to_point.py to pixel_to_point.cpython-310.pyc
[1.367s] byte-compiling /home/colby/srs_ws/install/srs_realsense/lib/python3.10/site-packages/srs_realsense/__init__.py to __init__.cpython-310.pyc
[1.367s] byte-compiling /home/colby/srs_ws/install/srs_realsense/lib/python3.10/site-packages/srs_realsense/synced_image_publisher_node.py to synced_image_publisher_node.cpython-310.pyc
[1.368s] running install_data
[1.368s] creating /home/colby/srs_ws/install/srs_realsense/share/ament_index/resource_index/packages
[1.368s] copying resource/srs_realsense -> /home/colby/srs_ws/install/srs_realsense/share/ament_index/resource_index/packages
[1.368s] copying package.xml -> /home/colby/srs_ws/install/srs_realsense/share/srs_realsense
[1.368s] running install_egg_info
[1.380s] Copying ../../build/srs_realsense/srs_realsense.egg-info to /home/colby/srs_ws/install/srs_realsense/lib/python3.10/site-packages/srs_realsense-0.0.0-py3.10.egg-info
[1.380s] running install_scripts
[1.470s] Installing pixel_to_point script to /home/colby/srs_ws/install/srs_realsense/lib/srs_realsense
[1.470s] Installing synced_image_publisher_node script to /home/colby/srs_ws/install/srs_realsense/lib/srs_realsense
[1.470s] writing list of installed files to '/home/colby/srs_ws/build/srs_realsense/install.log'
[1.501s] Invoked command in '/home/colby/srs_ws/src/srs_realsense' returned '0': PYTHONPATH=/home/colby/srs_ws/build/srs_realsense/prefix_override:/usr/lib/python3/dist-packages/colcon_core/task/python/colcon_distutils_commands:/home/colby/srs_ws/install/srs_realsense/lib/python3.10/site-packages:${PYTHONPATH} /usr/bin/python3 -W ignore:setup.py install is deprecated -W ignore:easy_install command is deprecated setup.py egg_info --egg-base ../../build/srs_realsense build --build-base /home/colby/srs_ws/build/srs_realsense/build install --record /home/colby/srs_ws/build/srs_realsense/install.log --single-version-externally-managed install_data
