[1.110s] Invoking command in '/home/colby/srs_ws/src/yolo_prediction': PYTHONPATH=/home/colby/srs_ws/build/yolo_prediction/prefix_override:/usr/lib/python3/dist-packages/colcon_core/task/python/colcon_distutils_commands:/home/colby/srs_ws/install/yolo_prediction/lib/python3.10/site-packages:${PYTHONPATH} /usr/bin/python3 -W ignore:setup.py install is deprecated -W ignore:easy_install command is deprecated setup.py egg_info --egg-base ../../build/yolo_prediction build --build-base /home/colby/srs_ws/build/yolo_prediction/build install --record /home/colby/srs_ws/build/yolo_prediction/install.log --single-version-externally-managed install_data
[1.275s] running egg_info
[1.284s] writing ../../build/yolo_prediction/yolo_prediction.egg-info/PKG-INFO
[1.284s] writing dependency_links to ../../build/yolo_prediction/yolo_prediction.egg-info/dependency_links.txt
[1.285s] writing entry points to ../../build/yolo_prediction/yolo_prediction.egg-info/entry_points.txt
[1.285s] writing requirements to ../../build/yolo_prediction/yolo_prediction.egg-info/requires.txt
[1.285s] writing top-level names to ../../build/yolo_prediction/yolo_prediction.egg-info/top_level.txt
[1.304s] reading manifest file '../../build/yolo_prediction/yolo_prediction.egg-info/SOURCES.txt'
[1.305s] writing manifest file '../../build/yolo_prediction/yolo_prediction.egg-info/SOURCES.txt'
[1.305s] running build
[1.305s] running build_py
[1.305s] copying yolo_prediction/yolo_node.py -> /home/colby/srs_ws/build/yolo_prediction/build/lib/yolo_prediction
[1.306s] copying yolo_prediction/__init__.py -> /home/colby/srs_ws/build/yolo_prediction/build/lib/yolo_prediction
[1.306s] running install
[1.309s] running install_lib
[1.321s] running install_data
[1.321s] copying resource/yolo_prediction -> /home/colby/srs_ws/install/yolo_prediction/share/ament_index/resource_index/packages
[1.321s] copying package.xml -> /home/colby/srs_ws/install/yolo_prediction/share/yolo_prediction
[1.321s] copying weights/YOLOv11_8.pt -> /home/colby/srs_ws/install/yolo_prediction/share/yolo_prediction/weights
[1.335s] running install_egg_info
[1.345s] removing '/home/colby/srs_ws/install/yolo_prediction/lib/python3.10/site-packages/yolo_prediction-0.0.0-py3.10.egg-info' (and everything under it)
[1.345s] Copying ../../build/yolo_prediction/yolo_prediction.egg-info to /home/colby/srs_ws/install/yolo_prediction/lib/python3.10/site-packages/yolo_prediction-0.0.0-py3.10.egg-info
[1.346s] running install_scripts
[1.429s] Installing yolo_prediction_node script to /home/colby/srs_ws/install/yolo_prediction/lib/yolo_prediction
[1.429s] writing list of installed files to '/home/colby/srs_ws/build/yolo_prediction/install.log'
[1.462s] Invoked command in '/home/colby/srs_ws/src/yolo_prediction' returned '0': PYTHONPATH=/home/colby/srs_ws/build/yolo_prediction/prefix_override:/usr/lib/python3/dist-packages/colcon_core/task/python/colcon_distutils_commands:/home/colby/srs_ws/install/yolo_prediction/lib/python3.10/site-packages:${PYTHONPATH} /usr/bin/python3 -W ignore:setup.py install is deprecated -W ignore:easy_install command is deprecated setup.py egg_info --egg-base ../../build/yolo_prediction build --build-base /home/colby/srs_ws/build/yolo_prediction/build install --record /home/colby/srs_ws/build/yolo_prediction/install.log --single-version-externally-managed install_data
