[0.041s] Invoking command in '/home/colby/srs_ws/build/realsense2_camera_msgs': CMAKE_PREFIX_PATH=${CMAKE_PREFIX_PATH}:/home/colby/srs_ws/install/yolo_prediction:/home/colby/srs_ws/install/srs_realsense:/home/colby/srs_ws/install/srs_launch_files:/home/colby/srs_ws/install/srs_control:/home/colby/srs_ws/install/picking_info:/home/colby/ros2_ws/install/py_srvcli:/home/colby/ros2_ws/install/py_pubsub:/home/colby/ros2_ws/install/python_parameters:/home/colby/ros2_ws/install/my_package:/home/colby/ros2_ws/install/launch_testing_examples:/home/colby/ros2_ws/install/examples_rclpy_pointcloud_publisher:/home/colby/ros2_ws/install/examples_rclpy_minimal_subscriber:/home/colby/ros2_ws/install/examples_rclpy_minimal_service:/home/colby/ros2_ws/install/examples_rclpy_minimal_publisher:/home/colby/ros2_ws/install/examples_rclpy_minimal_client:/home/colby/ros2_ws/install/examples_rclpy_minimal_action_server:/home/colby/ros2_ws/install/examples_rclpy_minimal_action_client:/home/colby/ros2_ws/install/examples_rclpy_guard_conditions:/home/colby/ros2_ws/install/examples_rclpy_executors:/opt/ros/humble /usr/bin/cmake --build /home/colby/srs_ws/build/realsense2_camera_msgs -- -j12 -l12
[1.504s] [  1%] Built target realsense2_camera_msgs__cpp
[1.504s] [ 12%] Built target realsense2_camera_msgs__rosidl_generator_c
[1.504s] [ 12%] Built target ament_cmake_python_copy_realsense2_camera_msgs
[1.504s] [ 19%] [32mBuilding CXX object CMakeFiles/realsense2_camera_msgs__rosidl_typesupport_introspection_cpp.dir/rosidl_typesupport_introspection_cpp/realsense2_camera_msgs/msg/detail/imu_info__type_support.cpp.o[0m
[1.505s] [ 22%] [32mBuilding CXX object CMakeFiles/realsense2_camera_msgs__rosidl_typesupport_fastrtps_cpp.dir/rosidl_typesupport_fastrtps_cpp/realsense2_camera_msgs/msg/detail/dds_fastrtps/imu_info__type_support.cpp.o[0m
[1.505s] [ 19%] [32mBuilding CXX object CMakeFiles/realsense2_camera_msgs__rosidl_typesupport_cpp.dir/rosidl_typesupport_cpp/realsense2_camera_msgs/msg/extrinsics__type_support.cpp.o[0m
[1.505s] [ 22%] [32mBuilding CXX object CMakeFiles/realsense2_camera_msgs__rosidl_typesupport_cpp.dir/rosidl_typesupport_cpp/realsense2_camera_msgs/msg/imu_info__type_support.cpp.o[0m
[1.505s] [ 19%] [32mBuilding CXX object CMakeFiles/realsense2_camera_msgs__rosidl_typesupport_cpp.dir/rosidl_typesupport_cpp/realsense2_camera_msgs/msg/metadata__type_support.cpp.o[0m
[1.505s] [ 22%] [32mBuilding CXX object CMakeFiles/realsense2_camera_msgs__rosidl_typesupport_introspection_cpp.dir/rosidl_typesupport_introspection_cpp/realsense2_camera_msgs/msg/detail/metadata__type_support.cpp.o[0m
[1.505s] [ 23%] [32mBuilding CXX object CMakeFiles/realsense2_camera_msgs__rosidl_typesupport_introspection_cpp.dir/rosidl_typesupport_introspection_cpp/realsense2_camera_msgs/msg/detail/extrinsics__type_support.cpp.o[0m
[1.505s] [ 25%] [32mBuilding CXX object CMakeFiles/realsense2_camera_msgs__rosidl_typesupport_fastrtps_cpp.dir/rosidl_typesupport_fastrtps_cpp/realsense2_camera_msgs/msg/detail/dds_fastrtps/extrinsics__type_support.cpp.o[0m
[1.505s] [ 28%] [32mBuilding CXX object CMakeFiles/realsense2_camera_msgs__rosidl_typesupport_fastrtps_c.dir/rosidl_typesupport_fastrtps_c/realsense2_camera_msgs/msg/detail/imu_info__type_support_c.cpp.o[0m
[1.505s] [ 38%] Built target realsense2_camera_msgs__rosidl_typesupport_introspection_c
[1.505s] [ 49%] Built target realsense2_camera_msgs__rosidl_typesupport_c
[1.505s] [ 50%] [32mBuilding CXX object CMakeFiles/realsense2_camera_msgs__rosidl_typesupport_introspection_cpp.dir/rosidl_typesupport_introspection_cpp/realsense2_camera_msgs/msg/detail/rgbd__type_support.cpp.o[0m
[1.505s] [ 52%] [32mBuilding CXX object CMakeFiles/realsense2_camera_msgs__rosidl_typesupport_fastrtps_c.dir/rosidl_typesupport_fastrtps_c/realsense2_camera_msgs/msg/detail/extrinsics__type_support_c.cpp.o[0m
[1.505s] running egg_info
[1.505s] [ 53%] [32mBuilding CXX object CMakeFiles/realsense2_camera_msgs__rosidl_typesupport_introspection_cpp.dir/rosidl_typesupport_introspection_cpp/realsense2_camera_msgs/srv/detail/device_info__type_support.cpp.o[0m
[1.505s] [ 55%] [32mBuilding CXX object CMakeFiles/realsense2_camera_msgs__rosidl_typesupport_fastrtps_c.dir/rosidl_typesupport_fastrtps_c/realsense2_camera_msgs/msg/detail/metadata__type_support_c.cpp.o[0m
[1.505s] writing realsense2_camera_msgs.egg-info/PKG-INFO
[1.505s] writing dependency_links to realsense2_camera_msgs.egg-info/dependency_links.txt
[1.505s] writing top-level names to realsense2_camera_msgs.egg-info/top_level.txt
[1.505s] [ 57%] [32mBuilding CXX object CMakeFiles/realsense2_camera_msgs__rosidl_typesupport_cpp.dir/rosidl_typesupport_cpp/realsense2_camera_msgs/msg/rgbd__type_support.cpp.o[0m
[1.505s] [ 58%] [32mBuilding CXX object CMakeFiles/realsense2_camera_msgs__rosidl_typesupport_fastrtps_c.dir/rosidl_typesupport_fastrtps_c/realsense2_camera_msgs/msg/detail/rgbd__type_support_c.cpp.o[0m
[1.505s] reading manifest file 'realsense2_camera_msgs.egg-info/SOURCES.txt'
[1.505s] writing manifest file 'realsense2_camera_msgs.egg-info/SOURCES.txt'
[1.505s] [ 61%] [32mBuilding CXX object CMakeFiles/realsense2_camera_msgs__rosidl_typesupport_fastrtps_cpp.dir/rosidl_typesupport_fastrtps_cpp/realsense2_camera_msgs/msg/detail/dds_fastrtps/metadata__type_support.cpp.o[0m
[1.506s] [ 61%] [32mBuilding CXX object CMakeFiles/realsense2_camera_msgs__rosidl_typesupport_fastrtps_cpp.dir/rosidl_typesupport_fastrtps_cpp/realsense2_camera_msgs/msg/detail/dds_fastrtps/rgbd__type_support.cpp.o[0m
[1.506s] [ 63%] [32mBuilding CXX object CMakeFiles/realsense2_camera_msgs__rosidl_typesupport_fastrtps_cpp.dir/rosidl_typesupport_fastrtps_cpp/realsense2_camera_msgs/srv/detail/dds_fastrtps/device_info__type_support.cpp.o[0m
[1.506s] [ 66%] [32mBuilding CXX object CMakeFiles/realsense2_camera_msgs__rosidl_typesupport_cpp.dir/rosidl_typesupport_cpp/realsense2_camera_msgs/srv/device_info__type_support.cpp.o[0m
[1.506s] [ 66%] [32mBuilding CXX object CMakeFiles/realsense2_camera_msgs__rosidl_typesupport_fastrtps_c.dir/rosidl_typesupport_fastrtps_c/realsense2_camera_msgs/srv/detail/device_info__type_support_c.cpp.o[0m
[1.506s] [ 66%] Built target ament_cmake_python_build_realsense2_camera_msgs_egg
[1.506s] [ 68%] [32m[1mLinking CXX shared library librealsense2_camera_msgs__rosidl_typesupport_introspection_cpp.so[0m
[1.506s] [ 69%] [32m[1mLinking CXX shared library librealsense2_camera_msgs__rosidl_typesupport_cpp.so[0m
[1.506s] [ 71%] Built target realsense2_camera_msgs__rosidl_typesupport_cpp
[1.506s] [ 73%] Built target realsense2_camera_msgs__rosidl_typesupport_introspection_cpp
[1.506s] [ 74%] [32m[1mLinking CXX shared library librealsense2_camera_msgs__rosidl_typesupport_fastrtps_c.so[0m
[1.506s] [ 76%] [32m[1mLinking CXX shared library librealsense2_camera_msgs__rosidl_typesupport_fastrtps_cpp.so[0m
[1.506s] [ 77%] Built target realsense2_camera_msgs__rosidl_typesupport_fastrtps_c
[1.506s] [ 79%] Built target realsense2_camera_msgs__rosidl_typesupport_fastrtps_cpp
[1.506s] [ 79%] Built target realsense2_camera_msgs
[1.506s] [ 80%] Built target realsense2_camera_msgs__py
[1.506s] [ 90%] Built target realsense2_camera_msgs__rosidl_generator_py
[1.506s] [ 98%] Built target realsense2_camera_msgs__rosidl_typesupport_introspection_c__pyext
[1.506s] [ 98%] Built target realsense2_camera_msgs__rosidl_typesupport_c__pyext
[1.506s] [ 98%] [32m[1mLinking C shared library rosidl_generator_py/realsense2_camera_msgs/realsense2_camera_msgs_s__rosidl_typesupport_fastrtps_c.cpython-310-x86_64-linux-gnu.so[0m
[1.506s] [100%] Built target realsense2_camera_msgs__rosidl_typesupport_fastrtps_c__pyext
[1.647s] Invoked command in '/home/colby/srs_ws/build/realsense2_camera_msgs' returned '0': CMAKE_PREFIX_PATH=${CMAKE_PREFIX_PATH}:/home/colby/srs_ws/install/yolo_prediction:/home/colby/srs_ws/install/srs_realsense:/home/colby/srs_ws/install/srs_launch_files:/home/colby/srs_ws/install/srs_control:/home/colby/srs_ws/install/picking_info:/home/colby/ros2_ws/install/py_srvcli:/home/colby/ros2_ws/install/py_pubsub:/home/colby/ros2_ws/install/python_parameters:/home/colby/ros2_ws/install/my_package:/home/colby/ros2_ws/install/launch_testing_examples:/home/colby/ros2_ws/install/examples_rclpy_pointcloud_publisher:/home/colby/ros2_ws/install/examples_rclpy_minimal_subscriber:/home/colby/ros2_ws/install/examples_rclpy_minimal_service:/home/colby/ros2_ws/install/examples_rclpy_minimal_publisher:/home/colby/ros2_ws/install/examples_rclpy_minimal_client:/home/colby/ros2_ws/install/examples_rclpy_minimal_action_server:/home/colby/ros2_ws/install/examples_rclpy_minimal_action_client:/home/colby/ros2_ws/install/examples_rclpy_guard_conditions:/home/colby/ros2_ws/install/examples_rclpy_executors:/opt/ros/humble /usr/bin/cmake --build /home/colby/srs_ws/build/realsense2_camera_msgs -- -j12 -l12
[1.659s] Invoking command in '/home/colby/srs_ws/build/realsense2_camera_msgs': CMAKE_PREFIX_PATH=${CMAKE_PREFIX_PATH}:/home/colby/srs_ws/install/yolo_prediction:/home/colby/srs_ws/install/srs_realsense:/home/colby/srs_ws/install/srs_launch_files:/home/colby/srs_ws/install/srs_control:/home/colby/srs_ws/install/picking_info:/home/colby/ros2_ws/install/py_srvcli:/home/colby/ros2_ws/install/py_pubsub:/home/colby/ros2_ws/install/python_parameters:/home/colby/ros2_ws/install/my_package:/home/colby/ros2_ws/install/launch_testing_examples:/home/colby/ros2_ws/install/examples_rclpy_pointcloud_publisher:/home/colby/ros2_ws/install/examples_rclpy_minimal_subscriber:/home/colby/ros2_ws/install/examples_rclpy_minimal_service:/home/colby/ros2_ws/install/examples_rclpy_minimal_publisher:/home/colby/ros2_ws/install/examples_rclpy_minimal_client:/home/colby/ros2_ws/install/examples_rclpy_minimal_action_server:/home/colby/ros2_ws/install/examples_rclpy_minimal_action_client:/home/colby/ros2_ws/install/examples_rclpy_guard_conditions:/home/colby/ros2_ws/install/examples_rclpy_executors:/opt/ros/humble /usr/bin/cmake --install /home/colby/srs_ws/build/realsense2_camera_msgs
[1.671s] -- Install configuration: ""
[1.671s] -- Up-to-date: /home/colby/srs_ws/install/realsense2_camera_msgs/share/ament_index/resource_index/rosidl_interfaces/realsense2_camera_msgs
[1.671s] -- Up-to-date: /home/colby/srs_ws/install/realsense2_camera_msgs/include/realsense2_camera_msgs/realsense2_camera_msgs
[1.672s] -- Up-to-date: /home/colby/srs_ws/install/realsense2_camera_msgs/include/realsense2_camera_msgs/realsense2_camera_msgs/srv
[1.672s] -- Up-to-date: /home/colby/srs_ws/install/realsense2_camera_msgs/include/realsense2_camera_msgs/realsense2_camera_msgs/srv/detail
[1.672s] -- Up-to-date: /home/colby/srs_ws/install/realsense2_camera_msgs/include/realsense2_camera_msgs/realsense2_camera_msgs/srv/detail/device_info__functions.h
[1.672s] -- Up-to-date: /home/colby/srs_ws/install/realsense2_camera_msgs/include/realsense2_camera_msgs/realsense2_camera_msgs/srv/detail/device_info__struct.h
[1.672s] -- Up-to-date: /home/colby/srs_ws/install/realsense2_camera_msgs/include/realsense2_camera_msgs/realsense2_camera_msgs/srv/detail/device_info__type_support.h
[1.672s] -- Up-to-date: /home/colby/srs_ws/install/realsense2_camera_msgs/include/realsense2_camera_msgs/realsense2_camera_msgs/srv/detail/device_info__functions.c
[1.672s] -- Up-to-date: /home/colby/srs_ws/install/realsense2_camera_msgs/include/realsense2_camera_msgs/realsense2_camera_msgs/srv/device_info.h
[1.673s] -- Up-to-date: /home/colby/srs_ws/install/realsense2_camera_msgs/include/realsense2_camera_msgs/realsense2_camera_msgs/msg
[1.673s] -- Up-to-date: /home/colby/srs_ws/install/realsense2_camera_msgs/include/realsense2_camera_msgs/realsense2_camera_msgs/msg/metadata.h
[1.673s] -- Up-to-date: /home/colby/srs_ws/install/realsense2_camera_msgs/include/realsense2_camera_msgs/realsense2_camera_msgs/msg/imu_info.h
[1.673s] -- Up-to-date: /home/colby/srs_ws/install/realsense2_camera_msgs/include/realsense2_camera_msgs/realsense2_camera_msgs/msg/detail
[1.673s] -- Up-to-date: /home/colby/srs_ws/install/realsense2_camera_msgs/include/realsense2_camera_msgs/realsense2_camera_msgs/msg/detail/rgbd__struct.h
[1.673s] -- Up-to-date: /home/colby/srs_ws/install/realsense2_camera_msgs/include/realsense2_camera_msgs/realsense2_camera_msgs/msg/detail/rgbd__type_support.h
[1.673s] -- Up-to-date: /home/colby/srs_ws/install/realsense2_camera_msgs/include/realsense2_camera_msgs/realsense2_camera_msgs/msg/detail/imu_info__functions.c
[1.673s] -- Up-to-date: /home/colby/srs_ws/install/realsense2_camera_msgs/include/realsense2_camera_msgs/realsense2_camera_msgs/msg/detail/extrinsics__type_support.h
[1.674s] -- Up-to-date: /home/colby/srs_ws/install/realsense2_camera_msgs/include/realsense2_camera_msgs/realsense2_camera_msgs/msg/detail/metadata__type_support.h
[1.675s] -- Up-to-date: /home/colby/srs_ws/install/realsense2_camera_msgs/include/realsense2_camera_msgs/realsense2_camera_msgs/msg/detail/extrinsics__functions.h
[1.675s] -- Up-to-date: /home/colby/srs_ws/install/realsense2_camera_msgs/include/realsense2_camera_msgs/realsense2_camera_msgs/msg/detail/imu_info__struct.h
[1.675s] -- Up-to-date: /home/colby/srs_ws/install/realsense2_camera_msgs/include/realsense2_camera_msgs/realsense2_camera_msgs/msg/detail/extrinsics__struct.h
[1.677s] -- Up-to-date: /home/colby/srs_ws/install/realsense2_camera_msgs/include/realsense2_camera_msgs/realsense2_camera_msgs/msg/detail/metadata__functions.c
[1.677s] -- Up-to-date: /home/colby/srs_ws/install/realsense2_camera_msgs/include/realsense2_camera_msgs/realsense2_camera_msgs/msg/detail/metadata__struct.h
[1.677s] -- Up-to-date: /home/colby/srs_ws/install/realsense2_camera_msgs/include/realsense2_camera_msgs/realsense2_camera_msgs/msg/detail/rgbd__functions.h
[1.677s] -- Up-to-date: /home/colby/srs_ws/install/realsense2_camera_msgs/include/realsense2_camera_msgs/realsense2_camera_msgs/msg/detail/imu_info__functions.h
[1.677s] -- Up-to-date: /home/colby/srs_ws/install/realsense2_camera_msgs/include/realsense2_camera_msgs/realsense2_camera_msgs/msg/detail/imu_info__type_support.h
[1.677s] -- Up-to-date: /home/colby/srs_ws/install/realsense2_camera_msgs/include/realsense2_camera_msgs/realsense2_camera_msgs/msg/detail/metadata__functions.h
[1.677s] -- Up-to-date: /home/colby/srs_ws/install/realsense2_camera_msgs/include/realsense2_camera_msgs/realsense2_camera_msgs/msg/detail/rgbd__functions.c
[1.677s] -- Up-to-date: /home/colby/srs_ws/install/realsense2_camera_msgs/include/realsense2_camera_msgs/realsense2_camera_msgs/msg/detail/extrinsics__functions.c
[1.677s] -- Up-to-date: /home/colby/srs_ws/install/realsense2_camera_msgs/include/realsense2_camera_msgs/realsense2_camera_msgs/msg/extrinsics.h
[1.677s] -- Up-to-date: /home/colby/srs_ws/install/realsense2_camera_msgs/include/realsense2_camera_msgs/realsense2_camera_msgs/msg/rosidl_generator_c__visibility_control.h
[1.677s] -- Up-to-date: /home/colby/srs_ws/install/realsense2_camera_msgs/include/realsense2_camera_msgs/realsense2_camera_msgs/msg/rgbd.h
[1.677s] -- Up-to-date: /home/colby/srs_ws/install/realsense2_camera_msgs/share/realsense2_camera_msgs/environment/library_path.sh
[1.678s] -- Up-to-date: /home/colby/srs_ws/install/realsense2_camera_msgs/share/realsense2_camera_msgs/environment/library_path.dsv
[1.678s] -- Up-to-date: /home/colby/srs_ws/install/realsense2_camera_msgs/lib/librealsense2_camera_msgs__rosidl_generator_c.so
[1.678s] -- Up-to-date: /home/colby/srs_ws/install/realsense2_camera_msgs/include/realsense2_camera_msgs/realsense2_camera_msgs
[1.678s] -- Up-to-date: /home/colby/srs_ws/install/realsense2_camera_msgs/include/realsense2_camera_msgs/realsense2_camera_msgs/srv
[1.678s] -- Up-to-date: /home/colby/srs_ws/install/realsense2_camera_msgs/include/realsense2_camera_msgs/realsense2_camera_msgs/srv/detail
[1.678s] -- Up-to-date: /home/colby/srs_ws/install/realsense2_camera_msgs/include/realsense2_camera_msgs/realsense2_camera_msgs/srv/detail/device_info__rosidl_typesupport_fastrtps_c.h
[1.678s] -- Up-to-date: /home/colby/srs_ws/install/realsense2_camera_msgs/include/realsense2_camera_msgs/realsense2_camera_msgs/msg
[1.678s] -- Up-to-date: /home/colby/srs_ws/install/realsense2_camera_msgs/include/realsense2_camera_msgs/realsense2_camera_msgs/msg/detail
[1.678s] -- Up-to-date: /home/colby/srs_ws/install/realsense2_camera_msgs/include/realsense2_camera_msgs/realsense2_camera_msgs/msg/detail/metadata__rosidl_typesupport_fastrtps_c.h
[1.678s] -- Up-to-date: /home/colby/srs_ws/install/realsense2_camera_msgs/include/realsense2_camera_msgs/realsense2_camera_msgs/msg/detail/rgbd__rosidl_typesupport_fastrtps_c.h
[1.678s] -- Up-to-date: /home/colby/srs_ws/install/realsense2_camera_msgs/include/realsense2_camera_msgs/realsense2_camera_msgs/msg/detail/extrinsics__rosidl_typesupport_fastrtps_c.h
[1.678s] -- Up-to-date: /home/colby/srs_ws/install/realsense2_camera_msgs/include/realsense2_camera_msgs/realsense2_camera_msgs/msg/detail/imu_info__rosidl_typesupport_fastrtps_c.h
[1.678s] -- Up-to-date: /home/colby/srs_ws/install/realsense2_camera_msgs/include/realsense2_camera_msgs/realsense2_camera_msgs/msg/rosidl_typesupport_fastrtps_c__visibility_control.h
[1.678s] -- Installing: /home/colby/srs_ws/install/realsense2_camera_msgs/lib/librealsense2_camera_msgs__rosidl_typesupport_fastrtps_c.so
[1.678s] -- Set runtime path of "/home/colby/srs_ws/install/realsense2_camera_msgs/lib/librealsense2_camera_msgs__rosidl_typesupport_fastrtps_c.so" to ""
[1.678s] -- Up-to-date: /home/colby/srs_ws/install/realsense2_camera_msgs/include/realsense2_camera_msgs/realsense2_camera_msgs
[1.678s] -- Up-to-date: /home/colby/srs_ws/install/realsense2_camera_msgs/include/realsense2_camera_msgs/realsense2_camera_msgs/srv
[1.678s] -- Up-to-date: /home/colby/srs_ws/install/realsense2_camera_msgs/include/realsense2_camera_msgs/realsense2_camera_msgs/srv/detail
[1.678s] -- Up-to-date: /home/colby/srs_ws/install/realsense2_camera_msgs/include/realsense2_camera_msgs/realsense2_camera_msgs/srv/detail/device_info__rosidl_typesupport_introspection_c.h
[1.678s] -- Up-to-date: /home/colby/srs_ws/install/realsense2_camera_msgs/include/realsense2_camera_msgs/realsense2_camera_msgs/srv/detail/device_info__type_support.c
[1.678s] -- Up-to-date: /home/colby/srs_ws/install/realsense2_camera_msgs/include/realsense2_camera_msgs/realsense2_camera_msgs/msg
[1.678s] -- Up-to-date: /home/colby/srs_ws/install/realsense2_camera_msgs/include/realsense2_camera_msgs/realsense2_camera_msgs/msg/rosidl_typesupport_introspection_c__visibility_control.h
[1.678s] -- Up-to-date: /home/colby/srs_ws/install/realsense2_camera_msgs/include/realsense2_camera_msgs/realsense2_camera_msgs/msg/detail
[1.678s] -- Up-to-date: /home/colby/srs_ws/install/realsense2_camera_msgs/include/realsense2_camera_msgs/realsense2_camera_msgs/msg/detail/imu_info__rosidl_typesupport_introspection_c.h
[1.678s] -- Up-to-date: /home/colby/srs_ws/install/realsense2_camera_msgs/include/realsense2_camera_msgs/realsense2_camera_msgs/msg/detail/extrinsics__type_support.c
[1.679s] -- Up-to-date: /home/colby/srs_ws/install/realsense2_camera_msgs/include/realsense2_camera_msgs/realsense2_camera_msgs/msg/detail/metadata__type_support.c
[1.679s] -- Up-to-date: /home/colby/srs_ws/install/realsense2_camera_msgs/include/realsense2_camera_msgs/realsense2_camera_msgs/msg/detail/rgbd__type_support.c
[1.679s] -- Up-to-date: /home/colby/srs_ws/install/realsense2_camera_msgs/include/realsense2_camera_msgs/realsense2_camera_msgs/msg/detail/metadata__rosidl_typesupport_introspection_c.h
[1.679s] -- Up-to-date: /home/colby/srs_ws/install/realsense2_camera_msgs/include/realsense2_camera_msgs/realsense2_camera_msgs/msg/detail/imu_info__type_support.c
[1.679s] -- Up-to-date: /home/colby/srs_ws/install/realsense2_camera_msgs/include/realsense2_camera_msgs/realsense2_camera_msgs/msg/detail/rgbd__rosidl_typesupport_introspection_c.h
[1.679s] -- Up-to-date: /home/colby/srs_ws/install/realsense2_camera_msgs/include/realsense2_camera_msgs/realsense2_camera_msgs/msg/detail/extrinsics__rosidl_typesupport_introspection_c.h
[1.679s] -- Up-to-date: /home/colby/srs_ws/install/realsense2_camera_msgs/lib/librealsense2_camera_msgs__rosidl_typesupport_introspection_c.so
[1.679s] -- Up-to-date: /home/colby/srs_ws/install/realsense2_camera_msgs/lib/librealsense2_camera_msgs__rosidl_typesupport_c.so
[1.679s] -- Up-to-date: /home/colby/srs_ws/install/realsense2_camera_msgs/include/realsense2_camera_msgs/realsense2_camera_msgs
[1.679s] -- Up-to-date: /home/colby/srs_ws/install/realsense2_camera_msgs/include/realsense2_camera_msgs/realsense2_camera_msgs/srv
[1.679s] -- Up-to-date: /home/colby/srs_ws/install/realsense2_camera_msgs/include/realsense2_camera_msgs/realsense2_camera_msgs/srv/device_info.hpp
[1.679s] -- Up-to-date: /home/colby/srs_ws/install/realsense2_camera_msgs/include/realsense2_camera_msgs/realsense2_camera_msgs/srv/detail
[1.679s] -- Up-to-date: /home/colby/srs_ws/install/realsense2_camera_msgs/include/realsense2_camera_msgs/realsense2_camera_msgs/srv/detail/device_info__struct.hpp
[1.679s] -- Up-to-date: /home/colby/srs_ws/install/realsense2_camera_msgs/include/realsense2_camera_msgs/realsense2_camera_msgs/srv/detail/device_info__type_support.hpp
[1.679s] -- Up-to-date: /home/colby/srs_ws/install/realsense2_camera_msgs/include/realsense2_camera_msgs/realsense2_camera_msgs/srv/detail/device_info__traits.hpp
[1.679s] -- Up-to-date: /home/colby/srs_ws/install/realsense2_camera_msgs/include/realsense2_camera_msgs/realsense2_camera_msgs/srv/detail/device_info__builder.hpp
[1.679s] -- Up-to-date: /home/colby/srs_ws/install/realsense2_camera_msgs/include/realsense2_camera_msgs/realsense2_camera_msgs/msg
[1.679s] -- Up-to-date: /home/colby/srs_ws/install/realsense2_camera_msgs/include/realsense2_camera_msgs/realsense2_camera_msgs/msg/imu_info.hpp
[1.679s] -- Up-to-date: /home/colby/srs_ws/install/realsense2_camera_msgs/include/realsense2_camera_msgs/realsense2_camera_msgs/msg/detail
[1.679s] -- Up-to-date: /home/colby/srs_ws/install/realsense2_camera_msgs/include/realsense2_camera_msgs/realsense2_camera_msgs/msg/detail/extrinsics__type_support.hpp
[1.679s] -- Up-to-date: /home/colby/srs_ws/install/realsense2_camera_msgs/include/realsense2_camera_msgs/realsense2_camera_msgs/msg/detail/imu_info__traits.hpp
[1.679s] -- Up-to-date: /home/colby/srs_ws/install/realsense2_camera_msgs/include/realsense2_camera_msgs/realsense2_camera_msgs/msg/detail/rgbd__traits.hpp
[1.679s] -- Up-to-date: /home/colby/srs_ws/install/realsense2_camera_msgs/include/realsense2_camera_msgs/realsense2_camera_msgs/msg/detail/extrinsics__struct.hpp
[1.680s] -- Up-to-date: /home/colby/srs_ws/install/realsense2_camera_msgs/include/realsense2_camera_msgs/realsense2_camera_msgs/msg/detail/metadata__type_support.hpp
[1.680s] -- Up-to-date: /home/colby/srs_ws/install/realsense2_camera_msgs/include/realsense2_camera_msgs/realsense2_camera_msgs/msg/detail/imu_info__struct.hpp
[1.680s] -- Up-to-date: /home/colby/srs_ws/install/realsense2_camera_msgs/include/realsense2_camera_msgs/realsense2_camera_msgs/msg/detail/rgbd__type_support.hpp
[1.680s] -- Up-to-date: /home/colby/srs_ws/install/realsense2_camera_msgs/include/realsense2_camera_msgs/realsense2_camera_msgs/msg/detail/rgbd__struct.hpp
[1.680s] -- Up-to-date: /home/colby/srs_ws/install/realsense2_camera_msgs/include/realsense2_camera_msgs/realsense2_camera_msgs/msg/detail/extrinsics__traits.hpp
[1.680s] -- Up-to-date: /home/colby/srs_ws/install/realsense2_camera_msgs/include/realsense2_camera_msgs/realsense2_camera_msgs/msg/detail/rgbd__builder.hpp
[1.680s] -- Up-to-date: /home/colby/srs_ws/install/realsense2_camera_msgs/include/realsense2_camera_msgs/realsense2_camera_msgs/msg/detail/extrinsics__builder.hpp
[1.680s] -- Up-to-date: /home/colby/srs_ws/install/realsense2_camera_msgs/include/realsense2_camera_msgs/realsense2_camera_msgs/msg/detail/metadata__builder.hpp
[1.680s] -- Up-to-date: /home/colby/srs_ws/install/realsense2_camera_msgs/include/realsense2_camera_msgs/realsense2_camera_msgs/msg/detail/metadata__struct.hpp
[1.680s] -- Up-to-date: /home/colby/srs_ws/install/realsense2_camera_msgs/include/realsense2_camera_msgs/realsense2_camera_msgs/msg/detail/imu_info__builder.hpp
[1.680s] -- Up-to-date: /home/colby/srs_ws/install/realsense2_camera_msgs/include/realsense2_camera_msgs/realsense2_camera_msgs/msg/detail/imu_info__type_support.hpp
[1.680s] -- Up-to-date: /home/colby/srs_ws/install/realsense2_camera_msgs/include/realsense2_camera_msgs/realsense2_camera_msgs/msg/detail/metadata__traits.hpp
[1.680s] -- Up-to-date: /home/colby/srs_ws/install/realsense2_camera_msgs/include/realsense2_camera_msgs/realsense2_camera_msgs/msg/rgbd.hpp
[1.680s] -- Up-to-date: /home/colby/srs_ws/install/realsense2_camera_msgs/include/realsense2_camera_msgs/realsense2_camera_msgs/msg/rosidl_generator_cpp__visibility_control.hpp
[1.680s] -- Up-to-date: /home/colby/srs_ws/install/realsense2_camera_msgs/include/realsense2_camera_msgs/realsense2_camera_msgs/msg/extrinsics.hpp
[1.680s] -- Up-to-date: /home/colby/srs_ws/install/realsense2_camera_msgs/include/realsense2_camera_msgs/realsense2_camera_msgs/msg/metadata.hpp
[1.680s] -- Up-to-date: /home/colby/srs_ws/install/realsense2_camera_msgs/include/realsense2_camera_msgs/realsense2_camera_msgs
[1.680s] -- Up-to-date: /home/colby/srs_ws/install/realsense2_camera_msgs/include/realsense2_camera_msgs/realsense2_camera_msgs/srv
[1.680s] -- Up-to-date: /home/colby/srs_ws/install/realsense2_camera_msgs/include/realsense2_camera_msgs/realsense2_camera_msgs/srv/detail
[1.680s] -- Up-to-date: /home/colby/srs_ws/install/realsense2_camera_msgs/include/realsense2_camera_msgs/realsense2_camera_msgs/srv/detail/dds_fastrtps
[1.680s] -- Up-to-date: /home/colby/srs_ws/install/realsense2_camera_msgs/include/realsense2_camera_msgs/realsense2_camera_msgs/srv/detail/device_info__rosidl_typesupport_fastrtps_cpp.hpp
[1.680s] -- Up-to-date: /home/colby/srs_ws/install/realsense2_camera_msgs/include/realsense2_camera_msgs/realsense2_camera_msgs/msg
[1.680s] -- Up-to-date: /home/colby/srs_ws/install/realsense2_camera_msgs/include/realsense2_camera_msgs/realsense2_camera_msgs/msg/detail
[1.680s] -- Up-to-date: /home/colby/srs_ws/install/realsense2_camera_msgs/include/realsense2_camera_msgs/realsense2_camera_msgs/msg/detail/rgbd__rosidl_typesupport_fastrtps_cpp.hpp
[1.681s] -- Up-to-date: /home/colby/srs_ws/install/realsense2_camera_msgs/include/realsense2_camera_msgs/realsense2_camera_msgs/msg/detail/imu_info__rosidl_typesupport_fastrtps_cpp.hpp
[1.681s] -- Up-to-date: /home/colby/srs_ws/install/realsense2_camera_msgs/include/realsense2_camera_msgs/realsense2_camera_msgs/msg/detail/dds_fastrtps
[1.681s] -- Up-to-date: /home/colby/srs_ws/install/realsense2_camera_msgs/include/realsense2_camera_msgs/realsense2_camera_msgs/msg/detail/extrinsics__rosidl_typesupport_fastrtps_cpp.hpp
[1.681s] -- Up-to-date: /home/colby/srs_ws/install/realsense2_camera_msgs/include/realsense2_camera_msgs/realsense2_camera_msgs/msg/detail/metadata__rosidl_typesupport_fastrtps_cpp.hpp
[1.681s] -- Up-to-date: /home/colby/srs_ws/install/realsense2_camera_msgs/include/realsense2_camera_msgs/realsense2_camera_msgs/msg/rosidl_typesupport_fastrtps_cpp__visibility_control.h
[1.681s] -- Installing: /home/colby/srs_ws/install/realsense2_camera_msgs/lib/librealsense2_camera_msgs__rosidl_typesupport_fastrtps_cpp.so
[1.681s] -- Set runtime path of "/home/colby/srs_ws/install/realsense2_camera_msgs/lib/librealsense2_camera_msgs__rosidl_typesupport_fastrtps_cpp.so" to ""
[1.681s] -- Up-to-date: /home/colby/srs_ws/install/realsense2_camera_msgs/include/realsense2_camera_msgs/realsense2_camera_msgs
[1.681s] -- Up-to-date: /home/colby/srs_ws/install/realsense2_camera_msgs/include/realsense2_camera_msgs/realsense2_camera_msgs/srv
[1.681s] -- Up-to-date: /home/colby/srs_ws/install/realsense2_camera_msgs/include/realsense2_camera_msgs/realsense2_camera_msgs/srv/detail
[1.681s] -- Up-to-date: /home/colby/srs_ws/install/realsense2_camera_msgs/include/realsense2_camera_msgs/realsense2_camera_msgs/srv/detail/device_info__type_support.cpp
[1.681s] -- Up-to-date: /home/colby/srs_ws/install/realsense2_camera_msgs/include/realsense2_camera_msgs/realsense2_camera_msgs/srv/detail/device_info__rosidl_typesupport_introspection_cpp.hpp
[1.681s] -- Up-to-date: /home/colby/srs_ws/install/realsense2_camera_msgs/include/realsense2_camera_msgs/realsense2_camera_msgs/msg
[1.681s] -- Up-to-date: /home/colby/srs_ws/install/realsense2_camera_msgs/include/realsense2_camera_msgs/realsense2_camera_msgs/msg/detail
[1.681s] -- Up-to-date: /home/colby/srs_ws/install/realsense2_camera_msgs/include/realsense2_camera_msgs/realsense2_camera_msgs/msg/detail/imu_info__type_support.cpp
[1.681s] -- Up-to-date: /home/colby/srs_ws/install/realsense2_camera_msgs/include/realsense2_camera_msgs/realsense2_camera_msgs/msg/detail/rgbd__rosidl_typesupport_introspection_cpp.hpp
[1.681s] -- Up-to-date: /home/colby/srs_ws/install/realsense2_camera_msgs/include/realsense2_camera_msgs/realsense2_camera_msgs/msg/detail/metadata__type_support.cpp
[1.681s] -- Up-to-date: /home/colby/srs_ws/install/realsense2_camera_msgs/include/realsense2_camera_msgs/realsense2_camera_msgs/msg/detail/imu_info__rosidl_typesupport_introspection_cpp.hpp
[1.681s] -- Up-to-date: /home/colby/srs_ws/install/realsense2_camera_msgs/include/realsense2_camera_msgs/realsense2_camera_msgs/msg/detail/metadata__rosidl_typesupport_introspection_cpp.hpp
[1.681s] -- Up-to-date: /home/colby/srs_ws/install/realsense2_camera_msgs/include/realsense2_camera_msgs/realsense2_camera_msgs/msg/detail/rgbd__type_support.cpp
[1.681s] -- Up-to-date: /home/colby/srs_ws/install/realsense2_camera_msgs/include/realsense2_camera_msgs/realsense2_camera_msgs/msg/detail/extrinsics__rosidl_typesupport_introspection_cpp.hpp
[1.681s] -- Up-to-date: /home/colby/srs_ws/install/realsense2_camera_msgs/include/realsense2_camera_msgs/realsense2_camera_msgs/msg/detail/extrinsics__type_support.cpp
[1.681s] -- Installing: /home/colby/srs_ws/install/realsense2_camera_msgs/lib/librealsense2_camera_msgs__rosidl_typesupport_introspection_cpp.so
[1.681s] -- Set runtime path of "/home/colby/srs_ws/install/realsense2_camera_msgs/lib/librealsense2_camera_msgs__rosidl_typesupport_introspection_cpp.so" to ""
[1.682s] -- Installing: /home/colby/srs_ws/install/realsense2_camera_msgs/lib/librealsense2_camera_msgs__rosidl_typesupport_cpp.so
[1.682s] -- Set runtime path of "/home/colby/srs_ws/install/realsense2_camera_msgs/lib/librealsense2_camera_msgs__rosidl_typesupport_cpp.so" to ""
[1.682s] -- Up-to-date: /home/colby/srs_ws/install/realsense2_camera_msgs/share/realsense2_camera_msgs/environment/pythonpath.sh
[1.682s] -- Up-to-date: /home/colby/srs_ws/install/realsense2_camera_msgs/share/realsense2_camera_msgs/environment/pythonpath.dsv
[1.682s] -- Up-to-date: /home/colby/srs_ws/install/realsense2_camera_msgs/local/lib/python3.10/dist-packages/realsense2_camera_msgs-4.55.1-py3.10.egg-info
[1.682s] -- Installing: /home/colby/srs_ws/install/realsense2_camera_msgs/local/lib/python3.10/dist-packages/realsense2_camera_msgs-4.55.1-py3.10.egg-info/PKG-INFO
[1.682s] -- Installing: /home/colby/srs_ws/install/realsense2_camera_msgs/local/lib/python3.10/dist-packages/realsense2_camera_msgs-4.55.1-py3.10.egg-info/top_level.txt
[1.682s] -- Installing: /home/colby/srs_ws/install/realsense2_camera_msgs/local/lib/python3.10/dist-packages/realsense2_camera_msgs-4.55.1-py3.10.egg-info/dependency_links.txt
[1.682s] -- Installing: /home/colby/srs_ws/install/realsense2_camera_msgs/local/lib/python3.10/dist-packages/realsense2_camera_msgs-4.55.1-py3.10.egg-info/SOURCES.txt
[1.682s] -- Up-to-date: /home/colby/srs_ws/install/realsense2_camera_msgs/local/lib/python3.10/dist-packages/realsense2_camera_msgs
[1.682s] -- Up-to-date: /home/colby/srs_ws/install/realsense2_camera_msgs/local/lib/python3.10/dist-packages/realsense2_camera_msgs/_realsense2_camera_msgs_s.ep.rosidl_typesupport_fastrtps_c.c
[1.682s] -- Installing: /home/colby/srs_ws/install/realsense2_camera_msgs/local/lib/python3.10/dist-packages/realsense2_camera_msgs/realsense2_camera_msgs_s__rosidl_typesupport_fastrtps_c.cpython-310-x86_64-linux-gnu.so
[1.682s] -- Up-to-date: /home/colby/srs_ws/install/realsense2_camera_msgs/local/lib/python3.10/dist-packages/realsense2_camera_msgs/librealsense2_camera_msgs__rosidl_generator_py.so
[1.682s] -- Up-to-date: /home/colby/srs_ws/install/realsense2_camera_msgs/local/lib/python3.10/dist-packages/realsense2_camera_msgs/srv
[1.682s] -- Up-to-date: /home/colby/srs_ws/install/realsense2_camera_msgs/local/lib/python3.10/dist-packages/realsense2_camera_msgs/srv/_device_info.py
[1.682s] -- Up-to-date: /home/colby/srs_ws/install/realsense2_camera_msgs/local/lib/python3.10/dist-packages/realsense2_camera_msgs/srv/__init__.py
[1.682s] -- Up-to-date: /home/colby/srs_ws/install/realsense2_camera_msgs/local/lib/python3.10/dist-packages/realsense2_camera_msgs/srv/_device_info_s.c
[1.682s] -- Up-to-date: /home/colby/srs_ws/install/realsense2_camera_msgs/local/lib/python3.10/dist-packages/realsense2_camera_msgs/_realsense2_camera_msgs_s.ep.rosidl_typesupport_introspection_c.c
[1.682s] -- Up-to-date: /home/colby/srs_ws/install/realsense2_camera_msgs/local/lib/python3.10/dist-packages/realsense2_camera_msgs/_realsense2_camera_msgs_s.ep.rosidl_typesupport_c.c
[1.682s] -- Up-to-date: /home/colby/srs_ws/install/realsense2_camera_msgs/local/lib/python3.10/dist-packages/realsense2_camera_msgs/__init__.py
[1.682s] -- Up-to-date: /home/colby/srs_ws/install/realsense2_camera_msgs/local/lib/python3.10/dist-packages/realsense2_camera_msgs/realsense2_camera_msgs_s__rosidl_typesupport_introspection_c.cpython-310-x86_64-linux-gnu.so
[1.682s] -- Up-to-date: /home/colby/srs_ws/install/realsense2_camera_msgs/local/lib/python3.10/dist-packages/realsense2_camera_msgs/msg
[1.682s] -- Up-to-date: /home/colby/srs_ws/install/realsense2_camera_msgs/local/lib/python3.10/dist-packages/realsense2_camera_msgs/msg/_imu_info.py
[1.682s] -- Up-to-date: /home/colby/srs_ws/install/realsense2_camera_msgs/local/lib/python3.10/dist-packages/realsense2_camera_msgs/msg/_rgbd.py
[1.683s] -- Up-to-date: /home/colby/srs_ws/install/realsense2_camera_msgs/local/lib/python3.10/dist-packages/realsense2_camera_msgs/msg/_extrinsics_s.c
[1.683s] -- Up-to-date: /home/colby/srs_ws/install/realsense2_camera_msgs/local/lib/python3.10/dist-packages/realsense2_camera_msgs/msg/_metadata.py
[1.683s] -- Up-to-date: /home/colby/srs_ws/install/realsense2_camera_msgs/local/lib/python3.10/dist-packages/realsense2_camera_msgs/msg/__init__.py
[1.683s] -- Up-to-date: /home/colby/srs_ws/install/realsense2_camera_msgs/local/lib/python3.10/dist-packages/realsense2_camera_msgs/msg/_rgbd_s.c
[1.683s] -- Up-to-date: /home/colby/srs_ws/install/realsense2_camera_msgs/local/lib/python3.10/dist-packages/realsense2_camera_msgs/msg/_extrinsics.py
[1.683s] -- Up-to-date: /home/colby/srs_ws/install/realsense2_camera_msgs/local/lib/python3.10/dist-packages/realsense2_camera_msgs/msg/_metadata_s.c
[1.683s] -- Up-to-date: /home/colby/srs_ws/install/realsense2_camera_msgs/local/lib/python3.10/dist-packages/realsense2_camera_msgs/msg/_imu_info_s.c
[1.683s] -- Up-to-date: /home/colby/srs_ws/install/realsense2_camera_msgs/local/lib/python3.10/dist-packages/realsense2_camera_msgs/realsense2_camera_msgs_s__rosidl_typesupport_c.cpython-310-x86_64-linux-gnu.so
[1.706s] Listing '/home/colby/srs_ws/install/realsense2_camera_msgs/local/lib/python3.10/dist-packages/realsense2_camera_msgs'...
[1.706s] Listing '/home/colby/srs_ws/install/realsense2_camera_msgs/local/lib/python3.10/dist-packages/realsense2_camera_msgs/msg'...
[1.706s] Listing '/home/colby/srs_ws/install/realsense2_camera_msgs/local/lib/python3.10/dist-packages/realsense2_camera_msgs/srv'...
[1.713s] -- Installing: /home/colby/srs_ws/install/realsense2_camera_msgs/local/lib/python3.10/dist-packages/realsense2_camera_msgs/realsense2_camera_msgs_s__rosidl_typesupport_fastrtps_c.cpython-310-x86_64-linux-gnu.so
[1.714s] -- Set runtime path of "/home/colby/srs_ws/install/realsense2_camera_msgs/local/lib/python3.10/dist-packages/realsense2_camera_msgs/realsense2_camera_msgs_s__rosidl_typesupport_fastrtps_c.cpython-310-x86_64-linux-gnu.so" to ""
[1.714s] -- Up-to-date: /home/colby/srs_ws/install/realsense2_camera_msgs/local/lib/python3.10/dist-packages/realsense2_camera_msgs/realsense2_camera_msgs_s__rosidl_typesupport_introspection_c.cpython-310-x86_64-linux-gnu.so
[1.714s] -- Up-to-date: /home/colby/srs_ws/install/realsense2_camera_msgs/local/lib/python3.10/dist-packages/realsense2_camera_msgs/realsense2_camera_msgs_s__rosidl_typesupport_c.cpython-310-x86_64-linux-gnu.so
[1.714s] -- Up-to-date: /home/colby/srs_ws/install/realsense2_camera_msgs/lib/librealsense2_camera_msgs__rosidl_generator_py.so
[1.714s] -- Up-to-date: /home/colby/srs_ws/install/realsense2_camera_msgs/share/realsense2_camera_msgs/msg/IMUInfo.idl
[1.714s] -- Up-to-date: /home/colby/srs_ws/install/realsense2_camera_msgs/share/realsense2_camera_msgs/msg/Extrinsics.idl
[1.714s] -- Up-to-date: /home/colby/srs_ws/install/realsense2_camera_msgs/share/realsense2_camera_msgs/msg/Metadata.idl
[1.715s] -- Up-to-date: /home/colby/srs_ws/install/realsense2_camera_msgs/share/realsense2_camera_msgs/msg/RGBD.idl
[1.715s] -- Up-to-date: /home/colby/srs_ws/install/realsense2_camera_msgs/share/realsense2_camera_msgs/srv/DeviceInfo.idl
[1.715s] -- Up-to-date: /home/colby/srs_ws/install/realsense2_camera_msgs/share/realsense2_camera_msgs/msg/IMUInfo.msg
[1.715s] -- Up-to-date: /home/colby/srs_ws/install/realsense2_camera_msgs/share/realsense2_camera_msgs/msg/Extrinsics.msg
[1.715s] -- Up-to-date: /home/colby/srs_ws/install/realsense2_camera_msgs/share/realsense2_camera_msgs/msg/Metadata.msg
[1.715s] -- Up-to-date: /home/colby/srs_ws/install/realsense2_camera_msgs/share/realsense2_camera_msgs/msg/RGBD.msg
[1.715s] -- Up-to-date: /home/colby/srs_ws/install/realsense2_camera_msgs/share/realsense2_camera_msgs/srv/DeviceInfo.srv
[1.715s] -- Up-to-date: /home/colby/srs_ws/install/realsense2_camera_msgs/share/realsense2_camera_msgs/srv/DeviceInfo_Request.msg
[1.715s] -- Up-to-date: /home/colby/srs_ws/install/realsense2_camera_msgs/share/realsense2_camera_msgs/srv/DeviceInfo_Response.msg
[1.715s] -- Up-to-date: /home/colby/srs_ws/install/realsense2_camera_msgs/share/ament_index/resource_index/package_run_dependencies/realsense2_camera_msgs
[1.715s] -- Up-to-date: /home/colby/srs_ws/install/realsense2_camera_msgs/share/ament_index/resource_index/parent_prefix_path/realsense2_camera_msgs
[1.715s] -- Up-to-date: /home/colby/srs_ws/install/realsense2_camera_msgs/share/realsense2_camera_msgs/environment/ament_prefix_path.sh
[1.715s] -- Up-to-date: /home/colby/srs_ws/install/realsense2_camera_msgs/share/realsense2_camera_msgs/environment/ament_prefix_path.dsv
[1.715s] -- Up-to-date: /home/colby/srs_ws/install/realsense2_camera_msgs/share/realsense2_camera_msgs/environment/path.sh
[1.715s] -- Up-to-date: /home/colby/srs_ws/install/realsense2_camera_msgs/share/realsense2_camera_msgs/environment/path.dsv
[1.715s] -- Up-to-date: /home/colby/srs_ws/install/realsense2_camera_msgs/share/realsense2_camera_msgs/local_setup.bash
[1.715s] -- Up-to-date: /home/colby/srs_ws/install/realsense2_camera_msgs/share/realsense2_camera_msgs/local_setup.sh
[1.715s] -- Up-to-date: /home/colby/srs_ws/install/realsense2_camera_msgs/share/realsense2_camera_msgs/local_setup.zsh
[1.715s] -- Up-to-date: /home/colby/srs_ws/install/realsense2_camera_msgs/share/realsense2_camera_msgs/local_setup.dsv
[1.715s] -- Installing: /home/colby/srs_ws/install/realsense2_camera_msgs/share/realsense2_camera_msgs/package.dsv
[1.716s] -- Up-to-date: /home/colby/srs_ws/install/realsense2_camera_msgs/share/ament_index/resource_index/packages/realsense2_camera_msgs
[1.716s] -- Up-to-date: /home/colby/srs_ws/install/realsense2_camera_msgs/share/realsense2_camera_msgs/cmake/export_realsense2_camera_msgs__rosidl_generator_cExport.cmake
[1.716s] -- Up-to-date: /home/colby/srs_ws/install/realsense2_camera_msgs/share/realsense2_camera_msgs/cmake/export_realsense2_camera_msgs__rosidl_generator_cExport-noconfig.cmake
[1.716s] -- Up-to-date: /home/colby/srs_ws/install/realsense2_camera_msgs/share/realsense2_camera_msgs/cmake/export_realsense2_camera_msgs__rosidl_typesupport_fastrtps_cExport.cmake
[1.716s] -- Up-to-date: /home/colby/srs_ws/install/realsense2_camera_msgs/share/realsense2_camera_msgs/cmake/export_realsense2_camera_msgs__rosidl_typesupport_fastrtps_cExport-noconfig.cmake
[1.716s] -- Up-to-date: /home/colby/srs_ws/install/realsense2_camera_msgs/share/realsense2_camera_msgs/cmake/realsense2_camera_msgs__rosidl_typesupport_introspection_cExport.cmake
[1.716s] -- Up-to-date: /home/colby/srs_ws/install/realsense2_camera_msgs/share/realsense2_camera_msgs/cmake/realsense2_camera_msgs__rosidl_typesupport_introspection_cExport-noconfig.cmake
[1.716s] -- Up-to-date: /home/colby/srs_ws/install/realsense2_camera_msgs/share/realsense2_camera_msgs/cmake/realsense2_camera_msgs__rosidl_typesupport_cExport.cmake
[1.716s] -- Up-to-date: /home/colby/srs_ws/install/realsense2_camera_msgs/share/realsense2_camera_msgs/cmake/realsense2_camera_msgs__rosidl_typesupport_cExport-noconfig.cmake
[1.716s] -- Up-to-date: /home/colby/srs_ws/install/realsense2_camera_msgs/share/realsense2_camera_msgs/cmake/export_realsense2_camera_msgs__rosidl_generator_cppExport.cmake
[1.716s] -- Up-to-date: /home/colby/srs_ws/install/realsense2_camera_msgs/share/realsense2_camera_msgs/cmake/export_realsense2_camera_msgs__rosidl_typesupport_fastrtps_cppExport.cmake
[1.716s] -- Up-to-date: /home/colby/srs_ws/install/realsense2_camera_msgs/share/realsense2_camera_msgs/cmake/export_realsense2_camera_msgs__rosidl_typesupport_fastrtps_cppExport-noconfig.cmake
[1.716s] -- Up-to-date: /home/colby/srs_ws/install/realsense2_camera_msgs/share/realsense2_camera_msgs/cmake/realsense2_camera_msgs__rosidl_typesupport_introspection_cppExport.cmake
[1.716s] -- Up-to-date: /home/colby/srs_ws/install/realsense2_camera_msgs/share/realsense2_camera_msgs/cmake/realsense2_camera_msgs__rosidl_typesupport_introspection_cppExport-noconfig.cmake
[1.716s] -- Up-to-date: /home/colby/srs_ws/install/realsense2_camera_msgs/share/realsense2_camera_msgs/cmake/realsense2_camera_msgs__rosidl_typesupport_cppExport.cmake
[1.716s] -- Up-to-date: /home/colby/srs_ws/install/realsense2_camera_msgs/share/realsense2_camera_msgs/cmake/realsense2_camera_msgs__rosidl_typesupport_cppExport-noconfig.cmake
[1.716s] -- Up-to-date: /home/colby/srs_ws/install/realsense2_camera_msgs/share/realsense2_camera_msgs/cmake/export_realsense2_camera_msgs__rosidl_generator_pyExport.cmake
[1.716s] -- Up-to-date: /home/colby/srs_ws/install/realsense2_camera_msgs/share/realsense2_camera_msgs/cmake/export_realsense2_camera_msgs__rosidl_generator_pyExport-noconfig.cmake
[1.716s] -- Up-to-date: /home/colby/srs_ws/install/realsense2_camera_msgs/share/realsense2_camera_msgs/cmake/rosidl_cmake-extras.cmake
[1.716s] -- Up-to-date: /home/colby/srs_ws/install/realsense2_camera_msgs/share/realsense2_camera_msgs/cmake/ament_cmake_export_dependencies-extras.cmake
[1.716s] -- Up-to-date: /home/colby/srs_ws/install/realsense2_camera_msgs/share/realsense2_camera_msgs/cmake/ament_cmake_export_include_directories-extras.cmake
[1.717s] -- Up-to-date: /home/colby/srs_ws/install/realsense2_camera_msgs/share/realsense2_camera_msgs/cmake/ament_cmake_export_libraries-extras.cmake
[1.717s] -- Up-to-date: /home/colby/srs_ws/install/realsense2_camera_msgs/share/realsense2_camera_msgs/cmake/ament_cmake_export_targets-extras.cmake
[1.717s] -- Up-to-date: /home/colby/srs_ws/install/realsense2_camera_msgs/share/realsense2_camera_msgs/cmake/rosidl_cmake_export_typesupport_targets-extras.cmake
[1.717s] -- Up-to-date: /home/colby/srs_ws/install/realsense2_camera_msgs/share/realsense2_camera_msgs/cmake/rosidl_cmake_export_typesupport_libraries-extras.cmake
[1.717s] -- Up-to-date: /home/colby/srs_ws/install/realsense2_camera_msgs/share/realsense2_camera_msgs/cmake/realsense2_camera_msgsConfig.cmake
[1.717s] -- Up-to-date: /home/colby/srs_ws/install/realsense2_camera_msgs/share/realsense2_camera_msgs/cmake/realsense2_camera_msgsConfig-version.cmake
[1.717s] -- Up-to-date: /home/colby/srs_ws/install/realsense2_camera_msgs/share/realsense2_camera_msgs/package.xml
[1.720s] Invoked command in '/home/colby/srs_ws/build/realsense2_camera_msgs' returned '0': CMAKE_PREFIX_PATH=${CMAKE_PREFIX_PATH}:/home/colby/srs_ws/install/yolo_prediction:/home/colby/srs_ws/install/srs_realsense:/home/colby/srs_ws/install/srs_launch_files:/home/colby/srs_ws/install/srs_control:/home/colby/srs_ws/install/picking_info:/home/colby/ros2_ws/install/py_srvcli:/home/colby/ros2_ws/install/py_pubsub:/home/colby/ros2_ws/install/python_parameters:/home/colby/ros2_ws/install/my_package:/home/colby/ros2_ws/install/launch_testing_examples:/home/colby/ros2_ws/install/examples_rclpy_pointcloud_publisher:/home/colby/ros2_ws/install/examples_rclpy_minimal_subscriber:/home/colby/ros2_ws/install/examples_rclpy_minimal_service:/home/colby/ros2_ws/install/examples_rclpy_minimal_publisher:/home/colby/ros2_ws/install/examples_rclpy_minimal_client:/home/colby/ros2_ws/install/examples_rclpy_minimal_action_server:/home/colby/ros2_ws/install/examples_rclpy_minimal_action_client:/home/colby/ros2_ws/install/examples_rclpy_guard_conditions:/home/colby/ros2_ws/install/examples_rclpy_executors:/opt/ros/humble /usr/bin/cmake --install /home/colby/srs_ws/build/realsense2_camera_msgs
