[0.026s] Invoking command in '/home/colby/srs_ws/build/realsense2_camera_msgs': CMAKE_PREFIX_PATH=${CMAKE_PREFIX_PATH}:/home/colby/srs_ws/install/yolo_prediction:/home/colby/srs_ws/install/srs_realsense:/home/colby/srs_ws/install/srs_launch_files:/home/colby/srs_ws/install/srs_control:/home/colby/srs_ws/install/picking_info:/home/colby/ros2_ws/install/py_srvcli:/home/colby/ros2_ws/install/py_pubsub:/home/colby/ros2_ws/install/python_parameters:/home/colby/ros2_ws/install/my_package:/home/colby/ros2_ws/install/launch_testing_examples:/home/colby/ros2_ws/install/examples_rclpy_pointcloud_publisher:/home/colby/ros2_ws/install/examples_rclpy_minimal_subscriber:/home/colby/ros2_ws/install/examples_rclpy_minimal_service:/home/colby/ros2_ws/install/examples_rclpy_minimal_publisher:/home/colby/ros2_ws/install/examples_rclpy_minimal_client:/home/colby/ros2_ws/install/examples_rclpy_minimal_action_server:/home/colby/ros2_ws/install/examples_rclpy_minimal_action_client:/home/colby/ros2_ws/install/examples_rclpy_guard_conditions:/home/colby/ros2_ws/install/examples_rclpy_executors:/opt/ros/humble /usr/bin/cmake --build /home/colby/srs_ws/build/realsense2_camera_msgs -- -j12 -l12
[0.585s] -- Found ament_cmake: 1.3.11 (/opt/ros/humble/share/ament_cmake/cmake)
[0.586s] -- Found rosidl_default_generators: 1.2.0 (/opt/ros/humble/share/rosidl_default_generators/cmake)
[0.586s] -- Using all available rosidl_typesupport_c: rosidl_typesupport_fastrtps_c;rosidl_typesupport_introspection_c
[0.586s] -- Found rosidl_adapter: 3.1.6 (/opt/ros/humble/share/rosidl_adapter/cmake)
[0.586s] -- Using all available rosidl_typesupport_cpp: rosidl_typesupport_fastrtps_cpp;rosidl_typesupport_introspection_cpp
[0.586s] -- Found builtin_interfaces: 1.2.1 (/opt/ros/humble/share/builtin_interfaces/cmake)
[0.586s] -- Found std_msgs: 4.2.4 (/opt/ros/humble/share/std_msgs/cmake)
[0.586s] -- Found sensor_msgs: 4.2.4 (/opt/ros/humble/share/sensor_msgs/cmake)
[0.587s] -- Found ament_cmake_cppcheck: 0.12.11 (/opt/ros/humble/share/ament_cmake_cppcheck/cmake)
[0.587s] -- Found ament_cmake_cpplint: 0.12.11 (/opt/ros/humble/share/ament_cmake_cpplint/cmake)
[0.587s] -- Found ament_cmake_uncrustify: 0.12.11 (/opt/ros/humble/share/ament_cmake_uncrustify/cmake)
[0.587s] -- Found ament_cmake_ros: 0.10.0 (/opt/ros/humble/share/ament_cmake_ros/cmake)
[0.642s] -- Using all available rosidl_typesupport_c: rosidl_typesupport_fastrtps_c;rosidl_typesupport_introspection_c
[0.943s] -- Using all available rosidl_typesupport_cpp: rosidl_typesupport_fastrtps_cpp;rosidl_typesupport_introspection_cpp
[0.965s] -- Found python_cmake_module: 0.10.0 (/opt/ros/humble/share/python_cmake_module/cmake)
[0.985s] -- Using PYTHON_EXECUTABLE: /usr/bin/python3
[0.985s] -- Using PYTHON_INCLUDE_DIRS: /usr/include/python3.10
[0.985s] -- Using PYTHON_LIBRARIES: /usr/lib/x86_64-linux-gnu/libpython3.10.so
[1.033s] -- Found ament_cmake_flake8: 0.12.11 (/opt/ros/humble/share/ament_cmake_flake8/cmake)
[1.034s] -- Found ament_cmake_pep257: 0.12.11 (/opt/ros/humble/share/ament_cmake_pep257/cmake)
[1.040s] -- Configuring done
[1.070s] -- Generating done
[1.079s] -- Build files have been written to: /home/colby/srs_ws/build/realsense2_camera_msgs
[1.101s] [35m[1mConsolidate compiler generated dependencies of target realsense2_camera_msgs__rosidl_generator_c[0m
[1.107s] [  1%] Built target realsense2_camera_msgs__cpp
[1.113s] [  6%] [32mBuilding C object CMakeFiles/realsense2_camera_msgs__rosidl_generator_c.dir/rosidl_generator_c/realsense2_camera_msgs/msg/detail/rgbd__functions.c.o[0m
[1.114s] [  6%] [32mBuilding C object CMakeFiles/realsense2_camera_msgs__rosidl_generator_c.dir/rosidl_generator_c/realsense2_camera_msgs/msg/detail/imu_info__functions.c.o[0m
[1.114s] [  6%] [32mBuilding C object CMakeFiles/realsense2_camera_msgs__rosidl_generator_c.dir/rosidl_generator_c/realsense2_camera_msgs/msg/detail/metadata__functions.c.o[0m
[1.114s] [  7%] [32mBuilding C object CMakeFiles/realsense2_camera_msgs__rosidl_generator_c.dir/rosidl_generator_c/realsense2_camera_msgs/srv/detail/device_info__functions.c.o[0m
[1.116s] [  9%] [32mBuilding C object CMakeFiles/realsense2_camera_msgs__rosidl_generator_c.dir/rosidl_generator_c/realsense2_camera_msgs/msg/detail/extrinsics__functions.c.o[0m
[1.119s] [35m[1mConsolidate compiler generated dependencies of target realsense2_camera_msgs__rosidl_typesupport_cpp[0m
[1.119s] [35m[1mConsolidate compiler generated dependencies of target realsense2_camera_msgs__rosidl_typesupport_introspection_cpp[0m
[1.119s] [35m[1mConsolidate compiler generated dependencies of target realsense2_camera_msgs__rosidl_typesupport_fastrtps_cpp[0m
[1.123s] [  9%] Built target ament_cmake_python_copy_realsense2_camera_msgs
[1.135s] [ 11%] [32mBuilding CXX object CMakeFiles/realsense2_camera_msgs__rosidl_typesupport_introspection_cpp.dir/rosidl_typesupport_introspection_cpp/realsense2_camera_msgs/msg/detail/imu_info__type_support.cpp.o[0m
[1.141s] [ 12%] [32mBuilding CXX object CMakeFiles/realsense2_camera_msgs__rosidl_typesupport_cpp.dir/rosidl_typesupport_cpp/realsense2_camera_msgs/msg/extrinsics__type_support.cpp.o[0m
[1.144s] [ 14%] [32mBuilding CXX object CMakeFiles/realsense2_camera_msgs__rosidl_typesupport_fastrtps_cpp.dir/rosidl_typesupport_fastrtps_cpp/realsense2_camera_msgs/msg/detail/dds_fastrtps/imu_info__type_support.cpp.o[0m
[1.153s] [ 15%] [32mBuilding CXX object CMakeFiles/realsense2_camera_msgs__rosidl_typesupport_introspection_cpp.dir/rosidl_typesupport_introspection_cpp/realsense2_camera_msgs/msg/detail/metadata__type_support.cpp.o[0m
[1.155s] [ 17%] [32mBuilding CXX object CMakeFiles/realsense2_camera_msgs__rosidl_typesupport_introspection_cpp.dir/rosidl_typesupport_introspection_cpp/realsense2_camera_msgs/msg/detail/extrinsics__type_support.cpp.o[0m
[1.163s] [ 19%] [32mBuilding CXX object CMakeFiles/realsense2_camera_msgs__rosidl_typesupport_cpp.dir/rosidl_typesupport_cpp/realsense2_camera_msgs/msg/imu_info__type_support.cpp.o[0m
[1.187s] [ 20%] [32mBuilding CXX object CMakeFiles/realsense2_camera_msgs__rosidl_typesupport_cpp.dir/rosidl_typesupport_cpp/realsense2_camera_msgs/msg/rgbd__type_support.cpp.o[0m
[1.190s] [ 22%] [32m[1mLinking C shared library librealsense2_camera_msgs__rosidl_generator_c.so[0m
[1.195s] [ 23%] [32mBuilding CXX object CMakeFiles/realsense2_camera_msgs__rosidl_typesupport_cpp.dir/rosidl_typesupport_cpp/realsense2_camera_msgs/msg/metadata__type_support.cpp.o[0m
[1.198s] [ 25%] [32mBuilding CXX object CMakeFiles/realsense2_camera_msgs__rosidl_typesupport_introspection_cpp.dir/rosidl_typesupport_introspection_cpp/realsense2_camera_msgs/msg/detail/rgbd__type_support.cpp.o[0m
[1.203s] [ 26%] [32mBuilding CXX object CMakeFiles/realsense2_camera_msgs__rosidl_typesupport_fastrtps_cpp.dir/rosidl_typesupport_fastrtps_cpp/realsense2_camera_msgs/msg/detail/dds_fastrtps/extrinsics__type_support.cpp.o[0m
[1.328s] [ 28%] Built target realsense2_camera_msgs__rosidl_generator_c
[1.387s] [ 30%] [32mBuilding CXX object CMakeFiles/realsense2_camera_msgs__rosidl_typesupport_introspection_cpp.dir/rosidl_typesupport_introspection_cpp/realsense2_camera_msgs/srv/detail/device_info__type_support.cpp.o[0m
[1.485s] running egg_info
[1.508s] writing realsense2_camera_msgs.egg-info/PKG-INFO
[1.509s] writing dependency_links to realsense2_camera_msgs.egg-info/dependency_links.txt
[1.509s] writing top-level names to realsense2_camera_msgs.egg-info/top_level.txt
[1.522s] [ 31%] [32mBuilding CXX object CMakeFiles/realsense2_camera_msgs__rosidl_typesupport_cpp.dir/rosidl_typesupport_cpp/realsense2_camera_msgs/srv/device_info__type_support.cpp.o[0m
[1.561s] [35m[1mConsolidate compiler generated dependencies of target realsense2_camera_msgs__rosidl_typesupport_fastrtps_c[0m
[1.570s] [ 33%] [32mBuilding CXX object CMakeFiles/realsense2_camera_msgs__rosidl_typesupport_fastrtps_cpp.dir/rosidl_typesupport_fastrtps_cpp/realsense2_camera_msgs/msg/detail/dds_fastrtps/metadata__type_support.cpp.o[0m
[1.579s] reading manifest file 'realsense2_camera_msgs.egg-info/SOURCES.txt'
[1.581s] writing manifest file 'realsense2_camera_msgs.egg-info/SOURCES.txt'
[1.586s] [ 34%] [32mBuilding CXX object CMakeFiles/realsense2_camera_msgs__rosidl_typesupport_fastrtps_cpp.dir/rosidl_typesupport_fastrtps_cpp/realsense2_camera_msgs/msg/detail/dds_fastrtps/rgbd__type_support.cpp.o[0m
[1.599s] [ 36%] [32mBuilding CXX object CMakeFiles/realsense2_camera_msgs__rosidl_typesupport_fastrtps_c.dir/rosidl_typesupport_fastrtps_c/realsense2_camera_msgs/msg/detail/imu_info__type_support_c.cpp.o[0m
[1.638s] [ 38%] [32mBuilding CXX object CMakeFiles/realsense2_camera_msgs__rosidl_typesupport_fastrtps_c.dir/rosidl_typesupport_fastrtps_c/realsense2_camera_msgs/msg/detail/extrinsics__type_support_c.cpp.o[0m
[1.641s] [ 39%] [32mBuilding CXX object CMakeFiles/realsense2_camera_msgs__rosidl_typesupport_fastrtps_cpp.dir/rosidl_typesupport_fastrtps_cpp/realsense2_camera_msgs/srv/detail/dds_fastrtps/device_info__type_support.cpp.o[0m
[1.668s] [ 41%] [32mBuilding CXX object CMakeFiles/realsense2_camera_msgs__rosidl_typesupport_fastrtps_c.dir/rosidl_typesupport_fastrtps_c/realsense2_camera_msgs/msg/detail/metadata__type_support_c.cpp.o[0m
[1.668s] [ 41%] Built target ament_cmake_python_build_realsense2_camera_msgs_egg
[1.731s] [35m[1mConsolidate compiler generated dependencies of target realsense2_camera_msgs__rosidl_typesupport_introspection_c[0m
[1.772s] [ 42%] [32mBuilding CXX object CMakeFiles/realsense2_camera_msgs__rosidl_typesupport_fastrtps_c.dir/rosidl_typesupport_fastrtps_c/realsense2_camera_msgs/msg/detail/rgbd__type_support_c.cpp.o[0m
[1.784s] [35m[1mConsolidate compiler generated dependencies of target realsense2_camera_msgs__rosidl_typesupport_c[0m
[1.823s] [ 44%] [32mBuilding C object CMakeFiles/realsense2_camera_msgs__rosidl_typesupport_introspection_c.dir/rosidl_typesupport_introspection_c/realsense2_camera_msgs/msg/detail/imu_info__type_support.c.o[0m
[1.846s] [ 46%] [32m[1mLinking CXX shared library librealsense2_camera_msgs__rosidl_typesupport_cpp.so[0m
[1.871s] [ 47%] [32mBuilding CXX object CMakeFiles/realsense2_camera_msgs__rosidl_typesupport_c.dir/rosidl_typesupport_c/realsense2_camera_msgs/msg/imu_info__type_support.cpp.o[0m
[1.902s] [ 49%] [32mBuilding CXX object CMakeFiles/realsense2_camera_msgs__rosidl_typesupport_c.dir/rosidl_typesupport_c/realsense2_camera_msgs/msg/extrinsics__type_support.cpp.o[0m
[1.917s] [ 50%] Built target realsense2_camera_msgs__rosidl_typesupport_cpp
[1.923s] [ 52%] [32mBuilding C object CMakeFiles/realsense2_camera_msgs__rosidl_typesupport_introspection_c.dir/rosidl_typesupport_introspection_c/realsense2_camera_msgs/msg/detail/extrinsics__type_support.c.o[0m
[1.929s] [ 53%] [32mBuilding C object CMakeFiles/realsense2_camera_msgs__rosidl_typesupport_introspection_c.dir/rosidl_typesupport_introspection_c/realsense2_camera_msgs/msg/detail/metadata__type_support.c.o[0m
[1.943s] [ 55%] [32mBuilding CXX object CMakeFiles/realsense2_camera_msgs__rosidl_typesupport_c.dir/rosidl_typesupport_c/realsense2_camera_msgs/msg/metadata__type_support.cpp.o[0m
[1.956s] [ 57%] [32mBuilding CXX object CMakeFiles/realsense2_camera_msgs__rosidl_typesupport_c.dir/rosidl_typesupport_c/realsense2_camera_msgs/msg/rgbd__type_support.cpp.o[0m
[1.975s] [ 58%] [32mBuilding CXX object CMakeFiles/realsense2_camera_msgs__rosidl_typesupport_c.dir/rosidl_typesupport_c/realsense2_camera_msgs/srv/device_info__type_support.cpp.o[0m
[2.016s] [ 60%] [32mBuilding C object CMakeFiles/realsense2_camera_msgs__rosidl_typesupport_introspection_c.dir/rosidl_typesupport_introspection_c/realsense2_camera_msgs/msg/detail/rgbd__type_support.c.o[0m
[2.016s] [ 61%] [32mBuilding C object CMakeFiles/realsense2_camera_msgs__rosidl_typesupport_introspection_c.dir/rosidl_typesupport_introspection_c/realsense2_camera_msgs/srv/detail/device_info__type_support.c.o[0m
[2.018s] [ 63%] [32mBuilding CXX object CMakeFiles/realsense2_camera_msgs__rosidl_typesupport_fastrtps_c.dir/rosidl_typesupport_fastrtps_c/realsense2_camera_msgs/srv/detail/device_info__type_support_c.cpp.o[0m
[2.043s] [ 65%] [32m[1mLinking CXX shared library librealsense2_camera_msgs__rosidl_typesupport_c.so[0m
[2.052s] [ 66%] [32m[1mLinking CXX shared library librealsense2_camera_msgs__rosidl_typesupport_introspection_cpp.so[0m
[2.054s] [ 68%] [32m[1mLinking C shared library librealsense2_camera_msgs__rosidl_typesupport_introspection_c.so[0m
[2.088s] [ 69%] Built target realsense2_camera_msgs__rosidl_typesupport_introspection_c
[2.100s] [ 71%] Built target realsense2_camera_msgs__rosidl_typesupport_c
[2.136s] [ 73%] Built target realsense2_camera_msgs__rosidl_typesupport_introspection_cpp
[2.155s] [ 74%] [32m[1mLinking CXX shared library librealsense2_camera_msgs__rosidl_typesupport_fastrtps_cpp.so[0m
[2.219s] [ 76%] Built target realsense2_camera_msgs__rosidl_typesupport_fastrtps_cpp
[2.294s] [ 77%] [32m[1mLinking CXX shared library librealsense2_camera_msgs__rosidl_typesupport_fastrtps_c.so[0m
[2.375s] [ 79%] Built target realsense2_camera_msgs__rosidl_typesupport_fastrtps_c
[2.398s] [ 79%] Built target realsense2_camera_msgs
[2.416s] [ 80%] Built target realsense2_camera_msgs__py
[2.425s] [35m[1mConsolidate compiler generated dependencies of target realsense2_camera_msgs__rosidl_generator_py[0m
[2.437s] [ 88%] [32mBuilding C object CMakeFiles/realsense2_camera_msgs__rosidl_generator_py.dir/rosidl_generator_py/realsense2_camera_msgs/msg/_metadata_s.c.o[0m
[2.437s] [ 88%] [32mBuilding C object CMakeFiles/realsense2_camera_msgs__rosidl_generator_py.dir/rosidl_generator_py/realsense2_camera_msgs/srv/_device_info_s.c.o[0m
[2.438s] [ 88%] [32mBuilding C object CMakeFiles/realsense2_camera_msgs__rosidl_generator_py.dir/rosidl_generator_py/realsense2_camera_msgs/msg/_extrinsics_s.c.o[0m
[2.438s] [ 88%] [32mBuilding C object CMakeFiles/realsense2_camera_msgs__rosidl_generator_py.dir/rosidl_generator_py/realsense2_camera_msgs/msg/_imu_info_s.c.o[0m
[2.438s] [ 88%] [32mBuilding C object CMakeFiles/realsense2_camera_msgs__rosidl_generator_py.dir/rosidl_generator_py/realsense2_camera_msgs/msg/_rgbd_s.c.o[0m
[2.528s] [ 90%] [32m[1mLinking C shared library rosidl_generator_py/realsense2_camera_msgs/librealsense2_camera_msgs__rosidl_generator_py.so[0m
[2.565s] [ 90%] Built target realsense2_camera_msgs__rosidl_generator_py
[2.573s] [35m[1mConsolidate compiler generated dependencies of target realsense2_camera_msgs__rosidl_typesupport_introspection_c__pyext[0m
[2.573s] [35m[1mConsolidate compiler generated dependencies of target realsense2_camera_msgs__rosidl_typesupport_c__pyext[0m
[2.573s] [35m[1mConsolidate compiler generated dependencies of target realsense2_camera_msgs__rosidl_typesupport_fastrtps_c__pyext[0m
[2.583s] [ 95%] [32mBuilding C object CMakeFiles/realsense2_camera_msgs__rosidl_typesupport_introspection_c__pyext.dir/rosidl_generator_py/realsense2_camera_msgs/_realsense2_camera_msgs_s.ep.rosidl_typesupport_introspection_c.c.o[0m
[2.583s] [ 95%] [32mBuilding C object CMakeFiles/realsense2_camera_msgs__rosidl_typesupport_fastrtps_c__pyext.dir/rosidl_generator_py/realsense2_camera_msgs/_realsense2_camera_msgs_s.ep.rosidl_typesupport_fastrtps_c.c.o[0m
[2.583s] [ 95%] [32mBuilding C object CMakeFiles/realsense2_camera_msgs__rosidl_typesupport_c__pyext.dir/rosidl_generator_py/realsense2_camera_msgs/_realsense2_camera_msgs_s.ep.rosidl_typesupport_c.c.o[0m
[2.664s] [ 96%] [32m[1mLinking C shared library rosidl_generator_py/realsense2_camera_msgs/realsense2_camera_msgs_s__rosidl_typesupport_introspection_c.cpython-310-x86_64-linux-gnu.so[0m
[2.665s] [ 98%] [32m[1mLinking C shared library rosidl_generator_py/realsense2_camera_msgs/realsense2_camera_msgs_s__rosidl_typesupport_c.cpython-310-x86_64-linux-gnu.so[0m
[2.672s] [100%] [32m[1mLinking C shared library rosidl_generator_py/realsense2_camera_msgs/realsense2_camera_msgs_s__rosidl_typesupport_fastrtps_c.cpython-310-x86_64-linux-gnu.so[0m
[2.699s] [100%] Built target realsense2_camera_msgs__rosidl_typesupport_c__pyext
[2.700s] [100%] Built target realsense2_camera_msgs__rosidl_typesupport_introspection_c__pyext
[2.707s] [100%] Built target realsense2_camera_msgs__rosidl_typesupport_fastrtps_c__pyext
[2.717s] Invoked command in '/home/colby/srs_ws/build/realsense2_camera_msgs' returned '0': CMAKE_PREFIX_PATH=${CMAKE_PREFIX_PATH}:/home/colby/srs_ws/install/yolo_prediction:/home/colby/srs_ws/install/srs_realsense:/home/colby/srs_ws/install/srs_launch_files:/home/colby/srs_ws/install/srs_control:/home/colby/srs_ws/install/picking_info:/home/colby/ros2_ws/install/py_srvcli:/home/colby/ros2_ws/install/py_pubsub:/home/colby/ros2_ws/install/python_parameters:/home/colby/ros2_ws/install/my_package:/home/colby/ros2_ws/install/launch_testing_examples:/home/colby/ros2_ws/install/examples_rclpy_pointcloud_publisher:/home/colby/ros2_ws/install/examples_rclpy_minimal_subscriber:/home/colby/ros2_ws/install/examples_rclpy_minimal_service:/home/colby/ros2_ws/install/examples_rclpy_minimal_publisher:/home/colby/ros2_ws/install/examples_rclpy_minimal_client:/home/colby/ros2_ws/install/examples_rclpy_minimal_action_server:/home/colby/ros2_ws/install/examples_rclpy_minimal_action_client:/home/colby/ros2_ws/install/examples_rclpy_guard_conditions:/home/colby/ros2_ws/install/examples_rclpy_executors:/opt/ros/humble /usr/bin/cmake --build /home/colby/srs_ws/build/realsense2_camera_msgs -- -j12 -l12
[2.723s] Invoking command in '/home/colby/srs_ws/build/realsense2_camera_msgs': CMAKE_PREFIX_PATH=${CMAKE_PREFIX_PATH}:/home/colby/srs_ws/install/yolo_prediction:/home/colby/srs_ws/install/srs_realsense:/home/colby/srs_ws/install/srs_launch_files:/home/colby/srs_ws/install/srs_control:/home/colby/srs_ws/install/picking_info:/home/colby/ros2_ws/install/py_srvcli:/home/colby/ros2_ws/install/py_pubsub:/home/colby/ros2_ws/install/python_parameters:/home/colby/ros2_ws/install/my_package:/home/colby/ros2_ws/install/launch_testing_examples:/home/colby/ros2_ws/install/examples_rclpy_pointcloud_publisher:/home/colby/ros2_ws/install/examples_rclpy_minimal_subscriber:/home/colby/ros2_ws/install/examples_rclpy_minimal_service:/home/colby/ros2_ws/install/examples_rclpy_minimal_publisher:/home/colby/ros2_ws/install/examples_rclpy_minimal_client:/home/colby/ros2_ws/install/examples_rclpy_minimal_action_server:/home/colby/ros2_ws/install/examples_rclpy_minimal_action_client:/home/colby/ros2_ws/install/examples_rclpy_guard_conditions:/home/colby/ros2_ws/install/examples_rclpy_executors:/opt/ros/humble /usr/bin/cmake --install /home/colby/srs_ws/build/realsense2_camera_msgs
[2.727s] -- Install configuration: ""
[2.728s] -- Up-to-date: /home/colby/srs_ws/install/realsense2_camera_msgs/share/ament_index/resource_index/rosidl_interfaces/realsense2_camera_msgs
[2.728s] -- Up-to-date: /home/colby/srs_ws/install/realsense2_camera_msgs/include/realsense2_camera_msgs/realsense2_camera_msgs
[2.728s] -- Up-to-date: /home/colby/srs_ws/install/realsense2_camera_msgs/include/realsense2_camera_msgs/realsense2_camera_msgs/srv
[2.728s] -- Up-to-date: /home/colby/srs_ws/install/realsense2_camera_msgs/include/realsense2_camera_msgs/realsense2_camera_msgs/srv/detail
[2.728s] -- Up-to-date: /home/colby/srs_ws/install/realsense2_camera_msgs/include/realsense2_camera_msgs/realsense2_camera_msgs/srv/detail/device_info__functions.h
[2.728s] -- Up-to-date: /home/colby/srs_ws/install/realsense2_camera_msgs/include/realsense2_camera_msgs/realsense2_camera_msgs/srv/detail/device_info__struct.h
[2.728s] -- Up-to-date: /home/colby/srs_ws/install/realsense2_camera_msgs/include/realsense2_camera_msgs/realsense2_camera_msgs/srv/detail/device_info__type_support.h
[2.728s] -- Up-to-date: /home/colby/srs_ws/install/realsense2_camera_msgs/include/realsense2_camera_msgs/realsense2_camera_msgs/srv/detail/device_info__functions.c
[2.728s] -- Up-to-date: /home/colby/srs_ws/install/realsense2_camera_msgs/include/realsense2_camera_msgs/realsense2_camera_msgs/srv/device_info.h
[2.728s] -- Up-to-date: /home/colby/srs_ws/install/realsense2_camera_msgs/include/realsense2_camera_msgs/realsense2_camera_msgs/msg
[2.728s] -- Up-to-date: /home/colby/srs_ws/install/realsense2_camera_msgs/include/realsense2_camera_msgs/realsense2_camera_msgs/msg/metadata.h
[2.728s] -- Up-to-date: /home/colby/srs_ws/install/realsense2_camera_msgs/include/realsense2_camera_msgs/realsense2_camera_msgs/msg/imu_info.h
[2.728s] -- Up-to-date: /home/colby/srs_ws/install/realsense2_camera_msgs/include/realsense2_camera_msgs/realsense2_camera_msgs/msg/detail
[2.728s] -- Up-to-date: /home/colby/srs_ws/install/realsense2_camera_msgs/include/realsense2_camera_msgs/realsense2_camera_msgs/msg/detail/rgbd__struct.h
[2.728s] -- Up-to-date: /home/colby/srs_ws/install/realsense2_camera_msgs/include/realsense2_camera_msgs/realsense2_camera_msgs/msg/detail/rgbd__type_support.h
[2.728s] -- Up-to-date: /home/colby/srs_ws/install/realsense2_camera_msgs/include/realsense2_camera_msgs/realsense2_camera_msgs/msg/detail/imu_info__functions.c
[2.728s] -- Up-to-date: /home/colby/srs_ws/install/realsense2_camera_msgs/include/realsense2_camera_msgs/realsense2_camera_msgs/msg/detail/extrinsics__type_support.h
[2.728s] -- Up-to-date: /home/colby/srs_ws/install/realsense2_camera_msgs/include/realsense2_camera_msgs/realsense2_camera_msgs/msg/detail/metadata__type_support.h
[2.728s] -- Up-to-date: /home/colby/srs_ws/install/realsense2_camera_msgs/include/realsense2_camera_msgs/realsense2_camera_msgs/msg/detail/extrinsics__functions.h
[2.728s] -- Up-to-date: /home/colby/srs_ws/install/realsense2_camera_msgs/include/realsense2_camera_msgs/realsense2_camera_msgs/msg/detail/imu_info__struct.h
[2.728s] -- Up-to-date: /home/colby/srs_ws/install/realsense2_camera_msgs/include/realsense2_camera_msgs/realsense2_camera_msgs/msg/detail/extrinsics__struct.h
[2.728s] -- Up-to-date: /home/colby/srs_ws/install/realsense2_camera_msgs/include/realsense2_camera_msgs/realsense2_camera_msgs/msg/detail/metadata__functions.c
[2.728s] -- Up-to-date: /home/colby/srs_ws/install/realsense2_camera_msgs/include/realsense2_camera_msgs/realsense2_camera_msgs/msg/detail/metadata__struct.h
[2.728s] -- Up-to-date: /home/colby/srs_ws/install/realsense2_camera_msgs/include/realsense2_camera_msgs/realsense2_camera_msgs/msg/detail/rgbd__functions.h
[2.728s] -- Up-to-date: /home/colby/srs_ws/install/realsense2_camera_msgs/include/realsense2_camera_msgs/realsense2_camera_msgs/msg/detail/imu_info__functions.h
[2.728s] -- Up-to-date: /home/colby/srs_ws/install/realsense2_camera_msgs/include/realsense2_camera_msgs/realsense2_camera_msgs/msg/detail/imu_info__type_support.h
[2.728s] -- Up-to-date: /home/colby/srs_ws/install/realsense2_camera_msgs/include/realsense2_camera_msgs/realsense2_camera_msgs/msg/detail/metadata__functions.h
[2.728s] -- Up-to-date: /home/colby/srs_ws/install/realsense2_camera_msgs/include/realsense2_camera_msgs/realsense2_camera_msgs/msg/detail/rgbd__functions.c
[2.729s] -- Up-to-date: /home/colby/srs_ws/install/realsense2_camera_msgs/include/realsense2_camera_msgs/realsense2_camera_msgs/msg/detail/extrinsics__functions.c
[2.729s] -- Up-to-date: /home/colby/srs_ws/install/realsense2_camera_msgs/include/realsense2_camera_msgs/realsense2_camera_msgs/msg/extrinsics.h
[2.729s] -- Up-to-date: /home/colby/srs_ws/install/realsense2_camera_msgs/include/realsense2_camera_msgs/realsense2_camera_msgs/msg/rosidl_generator_c__visibility_control.h
[2.729s] -- Up-to-date: /home/colby/srs_ws/install/realsense2_camera_msgs/include/realsense2_camera_msgs/realsense2_camera_msgs/msg/rgbd.h
[2.729s] -- Installing: /home/colby/srs_ws/install/realsense2_camera_msgs/share/realsense2_camera_msgs/environment/library_path.sh
[2.729s] -- Installing: /home/colby/srs_ws/install/realsense2_camera_msgs/share/realsense2_camera_msgs/environment/library_path.dsv
[2.729s] -- Installing: /home/colby/srs_ws/install/realsense2_camera_msgs/lib/librealsense2_camera_msgs__rosidl_generator_c.so
[2.729s] -- Set runtime path of "/home/colby/srs_ws/install/realsense2_camera_msgs/lib/librealsense2_camera_msgs__rosidl_generator_c.so" to ""
[2.729s] -- Up-to-date: /home/colby/srs_ws/install/realsense2_camera_msgs/include/realsense2_camera_msgs/realsense2_camera_msgs
[2.729s] -- Up-to-date: /home/colby/srs_ws/install/realsense2_camera_msgs/include/realsense2_camera_msgs/realsense2_camera_msgs/srv
[2.729s] -- Up-to-date: /home/colby/srs_ws/install/realsense2_camera_msgs/include/realsense2_camera_msgs/realsense2_camera_msgs/srv/detail
[2.729s] -- Up-to-date: /home/colby/srs_ws/install/realsense2_camera_msgs/include/realsense2_camera_msgs/realsense2_camera_msgs/srv/detail/device_info__rosidl_typesupport_fastrtps_c.h
[2.729s] -- Up-to-date: /home/colby/srs_ws/install/realsense2_camera_msgs/include/realsense2_camera_msgs/realsense2_camera_msgs/msg
[2.729s] -- Up-to-date: /home/colby/srs_ws/install/realsense2_camera_msgs/include/realsense2_camera_msgs/realsense2_camera_msgs/msg/detail
[2.729s] -- Up-to-date: /home/colby/srs_ws/install/realsense2_camera_msgs/include/realsense2_camera_msgs/realsense2_camera_msgs/msg/detail/metadata__rosidl_typesupport_fastrtps_c.h
[2.729s] -- Up-to-date: /home/colby/srs_ws/install/realsense2_camera_msgs/include/realsense2_camera_msgs/realsense2_camera_msgs/msg/detail/rgbd__rosidl_typesupport_fastrtps_c.h
[2.729s] -- Up-to-date: /home/colby/srs_ws/install/realsense2_camera_msgs/include/realsense2_camera_msgs/realsense2_camera_msgs/msg/detail/extrinsics__rosidl_typesupport_fastrtps_c.h
[2.729s] -- Up-to-date: /home/colby/srs_ws/install/realsense2_camera_msgs/include/realsense2_camera_msgs/realsense2_camera_msgs/msg/detail/imu_info__rosidl_typesupport_fastrtps_c.h
[2.729s] -- Up-to-date: /home/colby/srs_ws/install/realsense2_camera_msgs/include/realsense2_camera_msgs/realsense2_camera_msgs/msg/rosidl_typesupport_fastrtps_c__visibility_control.h
[2.729s] -- Installing: /home/colby/srs_ws/install/realsense2_camera_msgs/lib/librealsense2_camera_msgs__rosidl_typesupport_fastrtps_c.so
[2.729s] -- Set runtime path of "/home/colby/srs_ws/install/realsense2_camera_msgs/lib/librealsense2_camera_msgs__rosidl_typesupport_fastrtps_c.so" to ""
[2.729s] -- Up-to-date: /home/colby/srs_ws/install/realsense2_camera_msgs/include/realsense2_camera_msgs/realsense2_camera_msgs
[2.729s] -- Up-to-date: /home/colby/srs_ws/install/realsense2_camera_msgs/include/realsense2_camera_msgs/realsense2_camera_msgs/srv
[2.729s] -- Up-to-date: /home/colby/srs_ws/install/realsense2_camera_msgs/include/realsense2_camera_msgs/realsense2_camera_msgs/srv/detail
[2.729s] -- Up-to-date: /home/colby/srs_ws/install/realsense2_camera_msgs/include/realsense2_camera_msgs/realsense2_camera_msgs/srv/detail/device_info__rosidl_typesupport_introspection_c.h
[2.729s] -- Up-to-date: /home/colby/srs_ws/install/realsense2_camera_msgs/include/realsense2_camera_msgs/realsense2_camera_msgs/srv/detail/device_info__type_support.c
[2.729s] -- Up-to-date: /home/colby/srs_ws/install/realsense2_camera_msgs/include/realsense2_camera_msgs/realsense2_camera_msgs/msg
[2.729s] -- Up-to-date: /home/colby/srs_ws/install/realsense2_camera_msgs/include/realsense2_camera_msgs/realsense2_camera_msgs/msg/rosidl_typesupport_introspection_c__visibility_control.h
[2.729s] -- Up-to-date: /home/colby/srs_ws/install/realsense2_camera_msgs/include/realsense2_camera_msgs/realsense2_camera_msgs/msg/detail
[2.729s] -- Up-to-date: /home/colby/srs_ws/install/realsense2_camera_msgs/include/realsense2_camera_msgs/realsense2_camera_msgs/msg/detail/imu_info__rosidl_typesupport_introspection_c.h
[2.729s] -- Up-to-date: /home/colby/srs_ws/install/realsense2_camera_msgs/include/realsense2_camera_msgs/realsense2_camera_msgs/msg/detail/extrinsics__type_support.c
[2.729s] -- Up-to-date: /home/colby/srs_ws/install/realsense2_camera_msgs/include/realsense2_camera_msgs/realsense2_camera_msgs/msg/detail/metadata__type_support.c
[2.729s] -- Up-to-date: /home/colby/srs_ws/install/realsense2_camera_msgs/include/realsense2_camera_msgs/realsense2_camera_msgs/msg/detail/rgbd__type_support.c
[2.729s] -- Up-to-date: /home/colby/srs_ws/install/realsense2_camera_msgs/include/realsense2_camera_msgs/realsense2_camera_msgs/msg/detail/metadata__rosidl_typesupport_introspection_c.h
[2.729s] -- Up-to-date: /home/colby/srs_ws/install/realsense2_camera_msgs/include/realsense2_camera_msgs/realsense2_camera_msgs/msg/detail/imu_info__type_support.c
[2.729s] -- Up-to-date: /home/colby/srs_ws/install/realsense2_camera_msgs/include/realsense2_camera_msgs/realsense2_camera_msgs/msg/detail/rgbd__rosidl_typesupport_introspection_c.h
[2.729s] -- Up-to-date: /home/colby/srs_ws/install/realsense2_camera_msgs/include/realsense2_camera_msgs/realsense2_camera_msgs/msg/detail/extrinsics__rosidl_typesupport_introspection_c.h
[2.730s] -- Installing: /home/colby/srs_ws/install/realsense2_camera_msgs/lib/librealsense2_camera_msgs__rosidl_typesupport_introspection_c.so
[2.730s] -- Set runtime path of "/home/colby/srs_ws/install/realsense2_camera_msgs/lib/librealsense2_camera_msgs__rosidl_typesupport_introspection_c.so" to ""
[2.730s] -- Installing: /home/colby/srs_ws/install/realsense2_camera_msgs/lib/librealsense2_camera_msgs__rosidl_typesupport_c.so
[2.730s] -- Set runtime path of "/home/colby/srs_ws/install/realsense2_camera_msgs/lib/librealsense2_camera_msgs__rosidl_typesupport_c.so" to ""
[2.730s] -- Up-to-date: /home/colby/srs_ws/install/realsense2_camera_msgs/include/realsense2_camera_msgs/realsense2_camera_msgs
[2.730s] -- Up-to-date: /home/colby/srs_ws/install/realsense2_camera_msgs/include/realsense2_camera_msgs/realsense2_camera_msgs/srv
[2.730s] -- Up-to-date: /home/colby/srs_ws/install/realsense2_camera_msgs/include/realsense2_camera_msgs/realsense2_camera_msgs/srv/device_info.hpp
[2.730s] -- Up-to-date: /home/colby/srs_ws/install/realsense2_camera_msgs/include/realsense2_camera_msgs/realsense2_camera_msgs/srv/detail
[2.730s] -- Up-to-date: /home/colby/srs_ws/install/realsense2_camera_msgs/include/realsense2_camera_msgs/realsense2_camera_msgs/srv/detail/device_info__struct.hpp
[2.730s] -- Up-to-date: /home/colby/srs_ws/install/realsense2_camera_msgs/include/realsense2_camera_msgs/realsense2_camera_msgs/srv/detail/device_info__type_support.hpp
[2.730s] -- Up-to-date: /home/colby/srs_ws/install/realsense2_camera_msgs/include/realsense2_camera_msgs/realsense2_camera_msgs/srv/detail/device_info__traits.hpp
[2.730s] -- Up-to-date: /home/colby/srs_ws/install/realsense2_camera_msgs/include/realsense2_camera_msgs/realsense2_camera_msgs/srv/detail/device_info__builder.hpp
[2.730s] -- Up-to-date: /home/colby/srs_ws/install/realsense2_camera_msgs/include/realsense2_camera_msgs/realsense2_camera_msgs/msg
[2.730s] -- Up-to-date: /home/colby/srs_ws/install/realsense2_camera_msgs/include/realsense2_camera_msgs/realsense2_camera_msgs/msg/imu_info.hpp
[2.730s] -- Up-to-date: /home/colby/srs_ws/install/realsense2_camera_msgs/include/realsense2_camera_msgs/realsense2_camera_msgs/msg/detail
[2.730s] -- Up-to-date: /home/colby/srs_ws/install/realsense2_camera_msgs/include/realsense2_camera_msgs/realsense2_camera_msgs/msg/detail/extrinsics__type_support.hpp
[2.730s] -- Up-to-date: /home/colby/srs_ws/install/realsense2_camera_msgs/include/realsense2_camera_msgs/realsense2_camera_msgs/msg/detail/imu_info__traits.hpp
[2.730s] -- Up-to-date: /home/colby/srs_ws/install/realsense2_camera_msgs/include/realsense2_camera_msgs/realsense2_camera_msgs/msg/detail/rgbd__traits.hpp
[2.730s] -- Up-to-date: /home/colby/srs_ws/install/realsense2_camera_msgs/include/realsense2_camera_msgs/realsense2_camera_msgs/msg/detail/extrinsics__struct.hpp
[2.730s] -- Up-to-date: /home/colby/srs_ws/install/realsense2_camera_msgs/include/realsense2_camera_msgs/realsense2_camera_msgs/msg/detail/metadata__type_support.hpp
[2.730s] -- Up-to-date: /home/colby/srs_ws/install/realsense2_camera_msgs/include/realsense2_camera_msgs/realsense2_camera_msgs/msg/detail/imu_info__struct.hpp
[2.730s] -- Up-to-date: /home/colby/srs_ws/install/realsense2_camera_msgs/include/realsense2_camera_msgs/realsense2_camera_msgs/msg/detail/rgbd__type_support.hpp
[2.730s] -- Up-to-date: /home/colby/srs_ws/install/realsense2_camera_msgs/include/realsense2_camera_msgs/realsense2_camera_msgs/msg/detail/rgbd__struct.hpp
[2.730s] -- Up-to-date: /home/colby/srs_ws/install/realsense2_camera_msgs/include/realsense2_camera_msgs/realsense2_camera_msgs/msg/detail/extrinsics__traits.hpp
[2.730s] -- Up-to-date: /home/colby/srs_ws/install/realsense2_camera_msgs/include/realsense2_camera_msgs/realsense2_camera_msgs/msg/detail/rgbd__builder.hpp
[2.730s] -- Up-to-date: /home/colby/srs_ws/install/realsense2_camera_msgs/include/realsense2_camera_msgs/realsense2_camera_msgs/msg/detail/extrinsics__builder.hpp
[2.730s] -- Up-to-date: /home/colby/srs_ws/install/realsense2_camera_msgs/include/realsense2_camera_msgs/realsense2_camera_msgs/msg/detail/metadata__builder.hpp
[2.730s] -- Up-to-date: /home/colby/srs_ws/install/realsense2_camera_msgs/include/realsense2_camera_msgs/realsense2_camera_msgs/msg/detail/metadata__struct.hpp
[2.730s] -- Up-to-date: /home/colby/srs_ws/install/realsense2_camera_msgs/include/realsense2_camera_msgs/realsense2_camera_msgs/msg/detail/imu_info__builder.hpp
[2.730s] -- Up-to-date: /home/colby/srs_ws/install/realsense2_camera_msgs/include/realsense2_camera_msgs/realsense2_camera_msgs/msg/detail/imu_info__type_support.hpp
[2.730s] -- Up-to-date: /home/colby/srs_ws/install/realsense2_camera_msgs/include/realsense2_camera_msgs/realsense2_camera_msgs/msg/detail/metadata__traits.hpp
[2.730s] -- Up-to-date: /home/colby/srs_ws/install/realsense2_camera_msgs/include/realsense2_camera_msgs/realsense2_camera_msgs/msg/rgbd.hpp
[2.730s] -- Up-to-date: /home/colby/srs_ws/install/realsense2_camera_msgs/include/realsense2_camera_msgs/realsense2_camera_msgs/msg/rosidl_generator_cpp__visibility_control.hpp
[2.730s] -- Up-to-date: /home/colby/srs_ws/install/realsense2_camera_msgs/include/realsense2_camera_msgs/realsense2_camera_msgs/msg/extrinsics.hpp
[2.730s] -- Up-to-date: /home/colby/srs_ws/install/realsense2_camera_msgs/include/realsense2_camera_msgs/realsense2_camera_msgs/msg/metadata.hpp
[2.730s] -- Up-to-date: /home/colby/srs_ws/install/realsense2_camera_msgs/include/realsense2_camera_msgs/realsense2_camera_msgs
[2.730s] -- Up-to-date: /home/colby/srs_ws/install/realsense2_camera_msgs/include/realsense2_camera_msgs/realsense2_camera_msgs/srv
[2.730s] -- Up-to-date: /home/colby/srs_ws/install/realsense2_camera_msgs/include/realsense2_camera_msgs/realsense2_camera_msgs/srv/detail
[2.730s] -- Up-to-date: /home/colby/srs_ws/install/realsense2_camera_msgs/include/realsense2_camera_msgs/realsense2_camera_msgs/srv/detail/dds_fastrtps
[2.731s] -- Up-to-date: /home/colby/srs_ws/install/realsense2_camera_msgs/include/realsense2_camera_msgs/realsense2_camera_msgs/srv/detail/device_info__rosidl_typesupport_fastrtps_cpp.hpp
[2.731s] -- Up-to-date: /home/colby/srs_ws/install/realsense2_camera_msgs/include/realsense2_camera_msgs/realsense2_camera_msgs/msg
[2.731s] -- Up-to-date: /home/colby/srs_ws/install/realsense2_camera_msgs/include/realsense2_camera_msgs/realsense2_camera_msgs/msg/detail
[2.731s] -- Up-to-date: /home/colby/srs_ws/install/realsense2_camera_msgs/include/realsense2_camera_msgs/realsense2_camera_msgs/msg/detail/rgbd__rosidl_typesupport_fastrtps_cpp.hpp
[2.731s] -- Up-to-date: /home/colby/srs_ws/install/realsense2_camera_msgs/include/realsense2_camera_msgs/realsense2_camera_msgs/msg/detail/imu_info__rosidl_typesupport_fastrtps_cpp.hpp
[2.731s] -- Up-to-date: /home/colby/srs_ws/install/realsense2_camera_msgs/include/realsense2_camera_msgs/realsense2_camera_msgs/msg/detail/dds_fastrtps
[2.731s] -- Up-to-date: /home/colby/srs_ws/install/realsense2_camera_msgs/include/realsense2_camera_msgs/realsense2_camera_msgs/msg/detail/extrinsics__rosidl_typesupport_fastrtps_cpp.hpp
[2.731s] -- Up-to-date: /home/colby/srs_ws/install/realsense2_camera_msgs/include/realsense2_camera_msgs/realsense2_camera_msgs/msg/detail/metadata__rosidl_typesupport_fastrtps_cpp.hpp
[2.731s] -- Up-to-date: /home/colby/srs_ws/install/realsense2_camera_msgs/include/realsense2_camera_msgs/realsense2_camera_msgs/msg/rosidl_typesupport_fastrtps_cpp__visibility_control.h
[2.731s] -- Installing: /home/colby/srs_ws/install/realsense2_camera_msgs/lib/librealsense2_camera_msgs__rosidl_typesupport_fastrtps_cpp.so
[2.731s] -- Set runtime path of "/home/colby/srs_ws/install/realsense2_camera_msgs/lib/librealsense2_camera_msgs__rosidl_typesupport_fastrtps_cpp.so" to ""
[2.731s] -- Up-to-date: /home/colby/srs_ws/install/realsense2_camera_msgs/include/realsense2_camera_msgs/realsense2_camera_msgs
[2.731s] -- Up-to-date: /home/colby/srs_ws/install/realsense2_camera_msgs/include/realsense2_camera_msgs/realsense2_camera_msgs/srv
[2.731s] -- Up-to-date: /home/colby/srs_ws/install/realsense2_camera_msgs/include/realsense2_camera_msgs/realsense2_camera_msgs/srv/detail
[2.731s] -- Up-to-date: /home/colby/srs_ws/install/realsense2_camera_msgs/include/realsense2_camera_msgs/realsense2_camera_msgs/srv/detail/device_info__type_support.cpp
[2.731s] -- Up-to-date: /home/colby/srs_ws/install/realsense2_camera_msgs/include/realsense2_camera_msgs/realsense2_camera_msgs/srv/detail/device_info__rosidl_typesupport_introspection_cpp.hpp
[2.731s] -- Up-to-date: /home/colby/srs_ws/install/realsense2_camera_msgs/include/realsense2_camera_msgs/realsense2_camera_msgs/msg
[2.731s] -- Up-to-date: /home/colby/srs_ws/install/realsense2_camera_msgs/include/realsense2_camera_msgs/realsense2_camera_msgs/msg/detail
[2.731s] -- Up-to-date: /home/colby/srs_ws/install/realsense2_camera_msgs/include/realsense2_camera_msgs/realsense2_camera_msgs/msg/detail/imu_info__type_support.cpp
[2.731s] -- Up-to-date: /home/colby/srs_ws/install/realsense2_camera_msgs/include/realsense2_camera_msgs/realsense2_camera_msgs/msg/detail/rgbd__rosidl_typesupport_introspection_cpp.hpp
[2.731s] -- Up-to-date: /home/colby/srs_ws/install/realsense2_camera_msgs/include/realsense2_camera_msgs/realsense2_camera_msgs/msg/detail/metadata__type_support.cpp
[2.731s] -- Up-to-date: /home/colby/srs_ws/install/realsense2_camera_msgs/include/realsense2_camera_msgs/realsense2_camera_msgs/msg/detail/imu_info__rosidl_typesupport_introspection_cpp.hpp
[2.731s] -- Up-to-date: /home/colby/srs_ws/install/realsense2_camera_msgs/include/realsense2_camera_msgs/realsense2_camera_msgs/msg/detail/metadata__rosidl_typesupport_introspection_cpp.hpp
[2.731s] -- Up-to-date: /home/colby/srs_ws/install/realsense2_camera_msgs/include/realsense2_camera_msgs/realsense2_camera_msgs/msg/detail/rgbd__type_support.cpp
[2.731s] -- Up-to-date: /home/colby/srs_ws/install/realsense2_camera_msgs/include/realsense2_camera_msgs/realsense2_camera_msgs/msg/detail/extrinsics__rosidl_typesupport_introspection_cpp.hpp
[2.731s] -- Up-to-date: /home/colby/srs_ws/install/realsense2_camera_msgs/include/realsense2_camera_msgs/realsense2_camera_msgs/msg/detail/extrinsics__type_support.cpp
[2.731s] -- Installing: /home/colby/srs_ws/install/realsense2_camera_msgs/lib/librealsense2_camera_msgs__rosidl_typesupport_introspection_cpp.so
[2.731s] -- Set runtime path of "/home/colby/srs_ws/install/realsense2_camera_msgs/lib/librealsense2_camera_msgs__rosidl_typesupport_introspection_cpp.so" to ""
[2.731s] -- Installing: /home/colby/srs_ws/install/realsense2_camera_msgs/lib/librealsense2_camera_msgs__rosidl_typesupport_cpp.so
[2.731s] -- Set runtime path of "/home/colby/srs_ws/install/realsense2_camera_msgs/lib/librealsense2_camera_msgs__rosidl_typesupport_cpp.so" to ""
[2.731s] -- Up-to-date: /home/colby/srs_ws/install/realsense2_camera_msgs/share/realsense2_camera_msgs/environment/pythonpath.sh
[2.731s] -- Installing: /home/colby/srs_ws/install/realsense2_camera_msgs/share/realsense2_camera_msgs/environment/pythonpath.dsv
[2.731s] -- Up-to-date: /home/colby/srs_ws/install/realsense2_camera_msgs/local/lib/python3.10/dist-packages/realsense2_camera_msgs-4.55.1-py3.10.egg-info
[2.731s] -- Installing: /home/colby/srs_ws/install/realsense2_camera_msgs/local/lib/python3.10/dist-packages/realsense2_camera_msgs-4.55.1-py3.10.egg-info/PKG-INFO
[2.731s] -- Installing: /home/colby/srs_ws/install/realsense2_camera_msgs/local/lib/python3.10/dist-packages/realsense2_camera_msgs-4.55.1-py3.10.egg-info/top_level.txt
[2.731s] -- Installing: /home/colby/srs_ws/install/realsense2_camera_msgs/local/lib/python3.10/dist-packages/realsense2_camera_msgs-4.55.1-py3.10.egg-info/dependency_links.txt
[2.732s] -- Installing: /home/colby/srs_ws/install/realsense2_camera_msgs/local/lib/python3.10/dist-packages/realsense2_camera_msgs-4.55.1-py3.10.egg-info/SOURCES.txt
[2.732s] -- Up-to-date: /home/colby/srs_ws/install/realsense2_camera_msgs/local/lib/python3.10/dist-packages/realsense2_camera_msgs
[2.732s] -- Up-to-date: /home/colby/srs_ws/install/realsense2_camera_msgs/local/lib/python3.10/dist-packages/realsense2_camera_msgs/_realsense2_camera_msgs_s.ep.rosidl_typesupport_fastrtps_c.c
[2.732s] -- Installing: /home/colby/srs_ws/install/realsense2_camera_msgs/local/lib/python3.10/dist-packages/realsense2_camera_msgs/realsense2_camera_msgs_s__rosidl_typesupport_fastrtps_c.cpython-310-x86_64-linux-gnu.so
[2.732s] -- Installing: /home/colby/srs_ws/install/realsense2_camera_msgs/local/lib/python3.10/dist-packages/realsense2_camera_msgs/librealsense2_camera_msgs__rosidl_generator_py.so
[2.732s] -- Up-to-date: /home/colby/srs_ws/install/realsense2_camera_msgs/local/lib/python3.10/dist-packages/realsense2_camera_msgs/srv
[2.732s] -- Up-to-date: /home/colby/srs_ws/install/realsense2_camera_msgs/local/lib/python3.10/dist-packages/realsense2_camera_msgs/srv/_device_info.py
[2.732s] -- Up-to-date: /home/colby/srs_ws/install/realsense2_camera_msgs/local/lib/python3.10/dist-packages/realsense2_camera_msgs/srv/__init__.py
[2.732s] -- Up-to-date: /home/colby/srs_ws/install/realsense2_camera_msgs/local/lib/python3.10/dist-packages/realsense2_camera_msgs/srv/_device_info_s.c
[2.732s] -- Up-to-date: /home/colby/srs_ws/install/realsense2_camera_msgs/local/lib/python3.10/dist-packages/realsense2_camera_msgs/_realsense2_camera_msgs_s.ep.rosidl_typesupport_introspection_c.c
[2.732s] -- Up-to-date: /home/colby/srs_ws/install/realsense2_camera_msgs/local/lib/python3.10/dist-packages/realsense2_camera_msgs/_realsense2_camera_msgs_s.ep.rosidl_typesupport_c.c
[2.732s] -- Installing: /home/colby/srs_ws/install/realsense2_camera_msgs/local/lib/python3.10/dist-packages/realsense2_camera_msgs/__init__.py
[2.732s] -- Installing: /home/colby/srs_ws/install/realsense2_camera_msgs/local/lib/python3.10/dist-packages/realsense2_camera_msgs/realsense2_camera_msgs_s__rosidl_typesupport_introspection_c.cpython-310-x86_64-linux-gnu.so
[2.732s] -- Up-to-date: /home/colby/srs_ws/install/realsense2_camera_msgs/local/lib/python3.10/dist-packages/realsense2_camera_msgs/msg
[2.732s] -- Up-to-date: /home/colby/srs_ws/install/realsense2_camera_msgs/local/lib/python3.10/dist-packages/realsense2_camera_msgs/msg/_imu_info.py
[2.732s] -- Up-to-date: /home/colby/srs_ws/install/realsense2_camera_msgs/local/lib/python3.10/dist-packages/realsense2_camera_msgs/msg/_rgbd.py
[2.732s] -- Up-to-date: /home/colby/srs_ws/install/realsense2_camera_msgs/local/lib/python3.10/dist-packages/realsense2_camera_msgs/msg/_extrinsics_s.c
[2.732s] -- Up-to-date: /home/colby/srs_ws/install/realsense2_camera_msgs/local/lib/python3.10/dist-packages/realsense2_camera_msgs/msg/_metadata.py
[2.732s] -- Up-to-date: /home/colby/srs_ws/install/realsense2_camera_msgs/local/lib/python3.10/dist-packages/realsense2_camera_msgs/msg/__init__.py
[2.732s] -- Up-to-date: /home/colby/srs_ws/install/realsense2_camera_msgs/local/lib/python3.10/dist-packages/realsense2_camera_msgs/msg/_rgbd_s.c
[2.732s] -- Up-to-date: /home/colby/srs_ws/install/realsense2_camera_msgs/local/lib/python3.10/dist-packages/realsense2_camera_msgs/msg/_extrinsics.py
[2.732s] -- Up-to-date: /home/colby/srs_ws/install/realsense2_camera_msgs/local/lib/python3.10/dist-packages/realsense2_camera_msgs/msg/_metadata_s.c
[2.732s] -- Up-to-date: /home/colby/srs_ws/install/realsense2_camera_msgs/local/lib/python3.10/dist-packages/realsense2_camera_msgs/msg/_imu_info_s.c
[2.733s] -- Installing: /home/colby/srs_ws/install/realsense2_camera_msgs/local/lib/python3.10/dist-packages/realsense2_camera_msgs/realsense2_camera_msgs_s__rosidl_typesupport_c.cpython-310-x86_64-linux-gnu.so
[2.778s] Listing '/home/colby/srs_ws/install/realsense2_camera_msgs/local/lib/python3.10/dist-packages/realsense2_camera_msgs'...
[2.778s] Compiling '/home/colby/srs_ws/install/realsense2_camera_msgs/local/lib/python3.10/dist-packages/realsense2_camera_msgs/__init__.py'...
[2.778s] Listing '/home/colby/srs_ws/install/realsense2_camera_msgs/local/lib/python3.10/dist-packages/realsense2_camera_msgs/msg'...
[2.778s] Compiling '/home/colby/srs_ws/install/realsense2_camera_msgs/local/lib/python3.10/dist-packages/realsense2_camera_msgs/msg/__init__.py'...
[2.779s] Compiling '/home/colby/srs_ws/install/realsense2_camera_msgs/local/lib/python3.10/dist-packages/realsense2_camera_msgs/msg/_extrinsics.py'...
[2.779s] Compiling '/home/colby/srs_ws/install/realsense2_camera_msgs/local/lib/python3.10/dist-packages/realsense2_camera_msgs/msg/_imu_info.py'...
[2.779s] Compiling '/home/colby/srs_ws/install/realsense2_camera_msgs/local/lib/python3.10/dist-packages/realsense2_camera_msgs/msg/_metadata.py'...
[2.779s] Compiling '/home/colby/srs_ws/install/realsense2_camera_msgs/local/lib/python3.10/dist-packages/realsense2_camera_msgs/msg/_rgbd.py'...
[2.779s] Listing '/home/colby/srs_ws/install/realsense2_camera_msgs/local/lib/python3.10/dist-packages/realsense2_camera_msgs/srv'...
[2.779s] Compiling '/home/colby/srs_ws/install/realsense2_camera_msgs/local/lib/python3.10/dist-packages/realsense2_camera_msgs/srv/__init__.py'...
[2.779s] Compiling '/home/colby/srs_ws/install/realsense2_camera_msgs/local/lib/python3.10/dist-packages/realsense2_camera_msgs/srv/_device_info.py'...
[2.784s] -- Installing: /home/colby/srs_ws/install/realsense2_camera_msgs/local/lib/python3.10/dist-packages/realsense2_camera_msgs/realsense2_camera_msgs_s__rosidl_typesupport_fastrtps_c.cpython-310-x86_64-linux-gnu.so
[2.785s] -- Set runtime path of "/home/colby/srs_ws/install/realsense2_camera_msgs/local/lib/python3.10/dist-packages/realsense2_camera_msgs/realsense2_camera_msgs_s__rosidl_typesupport_fastrtps_c.cpython-310-x86_64-linux-gnu.so" to ""
[2.785s] -- Installing: /home/colby/srs_ws/install/realsense2_camera_msgs/local/lib/python3.10/dist-packages/realsense2_camera_msgs/realsense2_camera_msgs_s__rosidl_typesupport_introspection_c.cpython-310-x86_64-linux-gnu.so
[2.785s] -- Set runtime path of "/home/colby/srs_ws/install/realsense2_camera_msgs/local/lib/python3.10/dist-packages/realsense2_camera_msgs/realsense2_camera_msgs_s__rosidl_typesupport_introspection_c.cpython-310-x86_64-linux-gnu.so" to ""
[2.785s] -- Installing: /home/colby/srs_ws/install/realsense2_camera_msgs/local/lib/python3.10/dist-packages/realsense2_camera_msgs/realsense2_camera_msgs_s__rosidl_typesupport_c.cpython-310-x86_64-linux-gnu.so
[2.785s] -- Set runtime path of "/home/colby/srs_ws/install/realsense2_camera_msgs/local/lib/python3.10/dist-packages/realsense2_camera_msgs/realsense2_camera_msgs_s__rosidl_typesupport_c.cpython-310-x86_64-linux-gnu.so" to ""
[2.785s] -- Installing: /home/colby/srs_ws/install/realsense2_camera_msgs/lib/librealsense2_camera_msgs__rosidl_generator_py.so
[2.785s] -- Set runtime path of "/home/colby/srs_ws/install/realsense2_camera_msgs/lib/librealsense2_camera_msgs__rosidl_generator_py.so" to ""
[2.786s] -- Up-to-date: /home/colby/srs_ws/install/realsense2_camera_msgs/share/realsense2_camera_msgs/msg/IMUInfo.idl
[2.786s] -- Up-to-date: /home/colby/srs_ws/install/realsense2_camera_msgs/share/realsense2_camera_msgs/msg/Extrinsics.idl
[2.786s] -- Up-to-date: /home/colby/srs_ws/install/realsense2_camera_msgs/share/realsense2_camera_msgs/msg/Metadata.idl
[2.786s] -- Up-to-date: /home/colby/srs_ws/install/realsense2_camera_msgs/share/realsense2_camera_msgs/msg/RGBD.idl
[2.786s] -- Up-to-date: /home/colby/srs_ws/install/realsense2_camera_msgs/share/realsense2_camera_msgs/srv/DeviceInfo.idl
[2.786s] -- Installing: /home/colby/srs_ws/install/realsense2_camera_msgs/share/realsense2_camera_msgs/msg/IMUInfo.msg
[2.786s] -- Installing: /home/colby/srs_ws/install/realsense2_camera_msgs/share/realsense2_camera_msgs/msg/Extrinsics.msg
[2.786s] -- Installing: /home/colby/srs_ws/install/realsense2_camera_msgs/share/realsense2_camera_msgs/msg/Metadata.msg
[2.786s] -- Installing: /home/colby/srs_ws/install/realsense2_camera_msgs/share/realsense2_camera_msgs/msg/RGBD.msg
[2.786s] -- Installing: /home/colby/srs_ws/install/realsense2_camera_msgs/share/realsense2_camera_msgs/srv/DeviceInfo.srv
[2.786s] -- Up-to-date: /home/colby/srs_ws/install/realsense2_camera_msgs/share/realsense2_camera_msgs/srv/DeviceInfo_Request.msg
[2.786s] -- Up-to-date: /home/colby/srs_ws/install/realsense2_camera_msgs/share/realsense2_camera_msgs/srv/DeviceInfo_Response.msg
[2.786s] -- Up-to-date: /home/colby/srs_ws/install/realsense2_camera_msgs/share/ament_index/resource_index/package_run_dependencies/realsense2_camera_msgs
[2.786s] -- Installing: /home/colby/srs_ws/install/realsense2_camera_msgs/share/ament_index/resource_index/parent_prefix_path/realsense2_camera_msgs
[2.787s] -- Installing: /home/colby/srs_ws/install/realsense2_camera_msgs/share/realsense2_camera_msgs/environment/ament_prefix_path.sh
[2.787s] -- Installing: /home/colby/srs_ws/install/realsense2_camera_msgs/share/realsense2_camera_msgs/environment/ament_prefix_path.dsv
[2.787s] -- Installing: /home/colby/srs_ws/install/realsense2_camera_msgs/share/realsense2_camera_msgs/environment/path.sh
[2.787s] -- Installing: /home/colby/srs_ws/install/realsense2_camera_msgs/share/realsense2_camera_msgs/environment/path.dsv
[2.787s] -- Up-to-date: /home/colby/srs_ws/install/realsense2_camera_msgs/share/realsense2_camera_msgs/local_setup.bash
[2.787s] -- Up-to-date: /home/colby/srs_ws/install/realsense2_camera_msgs/share/realsense2_camera_msgs/local_setup.sh
[2.787s] -- Up-to-date: /home/colby/srs_ws/install/realsense2_camera_msgs/share/realsense2_camera_msgs/local_setup.zsh
[2.787s] -- Installing: /home/colby/srs_ws/install/realsense2_camera_msgs/share/realsense2_camera_msgs/local_setup.dsv
[2.787s] -- Installing: /home/colby/srs_ws/install/realsense2_camera_msgs/share/realsense2_camera_msgs/package.dsv
[2.787s] -- Up-to-date: /home/colby/srs_ws/install/realsense2_camera_msgs/share/ament_index/resource_index/packages/realsense2_camera_msgs
[2.787s] -- Up-to-date: /home/colby/srs_ws/install/realsense2_camera_msgs/share/realsense2_camera_msgs/cmake/export_realsense2_camera_msgs__rosidl_generator_cExport.cmake
[2.787s] -- Up-to-date: /home/colby/srs_ws/install/realsense2_camera_msgs/share/realsense2_camera_msgs/cmake/export_realsense2_camera_msgs__rosidl_generator_cExport-noconfig.cmake
[2.787s] -- Up-to-date: /home/colby/srs_ws/install/realsense2_camera_msgs/share/realsense2_camera_msgs/cmake/export_realsense2_camera_msgs__rosidl_typesupport_fastrtps_cExport.cmake
[2.788s] -- Up-to-date: /home/colby/srs_ws/install/realsense2_camera_msgs/share/realsense2_camera_msgs/cmake/export_realsense2_camera_msgs__rosidl_typesupport_fastrtps_cExport-noconfig.cmake
[2.788s] -- Up-to-date: /home/colby/srs_ws/install/realsense2_camera_msgs/share/realsense2_camera_msgs/cmake/realsense2_camera_msgs__rosidl_typesupport_introspection_cExport.cmake
[2.788s] -- Up-to-date: /home/colby/srs_ws/install/realsense2_camera_msgs/share/realsense2_camera_msgs/cmake/realsense2_camera_msgs__rosidl_typesupport_introspection_cExport-noconfig.cmake
[2.788s] -- Up-to-date: /home/colby/srs_ws/install/realsense2_camera_msgs/share/realsense2_camera_msgs/cmake/realsense2_camera_msgs__rosidl_typesupport_cExport.cmake
[2.788s] -- Up-to-date: /home/colby/srs_ws/install/realsense2_camera_msgs/share/realsense2_camera_msgs/cmake/realsense2_camera_msgs__rosidl_typesupport_cExport-noconfig.cmake
[2.788s] -- Up-to-date: /home/colby/srs_ws/install/realsense2_camera_msgs/share/realsense2_camera_msgs/cmake/export_realsense2_camera_msgs__rosidl_generator_cppExport.cmake
[2.788s] -- Up-to-date: /home/colby/srs_ws/install/realsense2_camera_msgs/share/realsense2_camera_msgs/cmake/export_realsense2_camera_msgs__rosidl_typesupport_fastrtps_cppExport.cmake
[2.788s] -- Up-to-date: /home/colby/srs_ws/install/realsense2_camera_msgs/share/realsense2_camera_msgs/cmake/export_realsense2_camera_msgs__rosidl_typesupport_fastrtps_cppExport-noconfig.cmake
[2.788s] -- Up-to-date: /home/colby/srs_ws/install/realsense2_camera_msgs/share/realsense2_camera_msgs/cmake/realsense2_camera_msgs__rosidl_typesupport_introspection_cppExport.cmake
[2.788s] -- Up-to-date: /home/colby/srs_ws/install/realsense2_camera_msgs/share/realsense2_camera_msgs/cmake/realsense2_camera_msgs__rosidl_typesupport_introspection_cppExport-noconfig.cmake
[2.788s] -- Up-to-date: /home/colby/srs_ws/install/realsense2_camera_msgs/share/realsense2_camera_msgs/cmake/realsense2_camera_msgs__rosidl_typesupport_cppExport.cmake
[2.788s] -- Up-to-date: /home/colby/srs_ws/install/realsense2_camera_msgs/share/realsense2_camera_msgs/cmake/realsense2_camera_msgs__rosidl_typesupport_cppExport-noconfig.cmake
[2.788s] -- Up-to-date: /home/colby/srs_ws/install/realsense2_camera_msgs/share/realsense2_camera_msgs/cmake/export_realsense2_camera_msgs__rosidl_generator_pyExport.cmake
[2.788s] -- Up-to-date: /home/colby/srs_ws/install/realsense2_camera_msgs/share/realsense2_camera_msgs/cmake/export_realsense2_camera_msgs__rosidl_generator_pyExport-noconfig.cmake
[2.788s] -- Up-to-date: /home/colby/srs_ws/install/realsense2_camera_msgs/share/realsense2_camera_msgs/cmake/rosidl_cmake-extras.cmake
[2.788s] -- Up-to-date: /home/colby/srs_ws/install/realsense2_camera_msgs/share/realsense2_camera_msgs/cmake/ament_cmake_export_dependencies-extras.cmake
[2.789s] -- Up-to-date: /home/colby/srs_ws/install/realsense2_camera_msgs/share/realsense2_camera_msgs/cmake/ament_cmake_export_include_directories-extras.cmake
[2.789s] -- Up-to-date: /home/colby/srs_ws/install/realsense2_camera_msgs/share/realsense2_camera_msgs/cmake/ament_cmake_export_libraries-extras.cmake
[2.789s] -- Up-to-date: /home/colby/srs_ws/install/realsense2_camera_msgs/share/realsense2_camera_msgs/cmake/ament_cmake_export_targets-extras.cmake
[2.789s] -- Up-to-date: /home/colby/srs_ws/install/realsense2_camera_msgs/share/realsense2_camera_msgs/cmake/rosidl_cmake_export_typesupport_targets-extras.cmake
[2.789s] -- Up-to-date: /home/colby/srs_ws/install/realsense2_camera_msgs/share/realsense2_camera_msgs/cmake/rosidl_cmake_export_typesupport_libraries-extras.cmake
[2.789s] -- Up-to-date: /home/colby/srs_ws/install/realsense2_camera_msgs/share/realsense2_camera_msgs/cmake/realsense2_camera_msgsConfig.cmake
[2.789s] -- Up-to-date: /home/colby/srs_ws/install/realsense2_camera_msgs/share/realsense2_camera_msgs/cmake/realsense2_camera_msgsConfig-version.cmake
[2.789s] -- Installing: /home/colby/srs_ws/install/realsense2_camera_msgs/share/realsense2_camera_msgs/package.xml
[2.791s] Invoked command in '/home/colby/srs_ws/build/realsense2_camera_msgs' returned '0': CMAKE_PREFIX_PATH=${CMAKE_PREFIX_PATH}:/home/colby/srs_ws/install/yolo_prediction:/home/colby/srs_ws/install/srs_realsense:/home/colby/srs_ws/install/srs_launch_files:/home/colby/srs_ws/install/srs_control:/home/colby/srs_ws/install/picking_info:/home/colby/ros2_ws/install/py_srvcli:/home/colby/ros2_ws/install/py_pubsub:/home/colby/ros2_ws/install/python_parameters:/home/colby/ros2_ws/install/my_package:/home/colby/ros2_ws/install/launch_testing_examples:/home/colby/ros2_ws/install/examples_rclpy_pointcloud_publisher:/home/colby/ros2_ws/install/examples_rclpy_minimal_subscriber:/home/colby/ros2_ws/install/examples_rclpy_minimal_service:/home/colby/ros2_ws/install/examples_rclpy_minimal_publisher:/home/colby/ros2_ws/install/examples_rclpy_minimal_client:/home/colby/ros2_ws/install/examples_rclpy_minimal_action_server:/home/colby/ros2_ws/install/examples_rclpy_minimal_action_client:/home/colby/ros2_ws/install/examples_rclpy_guard_conditions:/home/colby/ros2_ws/install/examples_rclpy_executors:/opt/ros/humble /usr/bin/cmake --install /home/colby/srs_ws/build/realsense2_camera_msgs
