[1.752s] Invoking command in '/home/colby/srs_ws/src/srs_control': PYTHONPATH=/home/colby/srs_ws/build/srs_control/prefix_override:/usr/lib/python3/dist-packages/colcon_core/task/python/colcon_distutils_commands:/home/colby/srs_ws/install/srs_control/lib/python3.10/site-packages:${PYTHONPATH} /usr/bin/python3 -W ignore:setup.py install is deprecated -W ignore:easy_install command is deprecated setup.py egg_info --egg-base ../../build/srs_control build --build-base /home/colby/srs_ws/build/srs_control/build install --record /home/colby/srs_ws/build/srs_control/install.log --single-version-externally-managed install_data
[1.932s] running egg_info
[1.942s] writing ../../build/srs_control/srs_control.egg-info/PKG-INFO
[1.944s] writing dependency_links to ../../build/srs_control/srs_control.egg-info/dependency_links.txt
[1.945s] writing entry points to ../../build/srs_control/srs_control.egg-info/entry_points.txt
[1.945s] writing requirements to ../../build/srs_control/srs_control.egg-info/requires.txt
[1.945s] writing top-level names to ../../build/srs_control/srs_control.egg-info/top_level.txt
[1.967s] reading manifest file '../../build/srs_control/srs_control.egg-info/SOURCES.txt'
[1.968s] writing manifest file '../../build/srs_control/srs_control.egg-info/SOURCES.txt'
[1.968s] running build
[1.968s] running build_py
[1.968s] copying srs_control/__init__.py -> /home/colby/srs_ws/build/srs_control/build/lib/srs_control
[1.968s] copying srs_control/fruit_picker.py -> /home/colby/srs_ws/build/srs_control/build/lib/srs_control
[1.968s] copying srs_control/fruit_pick_check.py -> /home/colby/srs_ws/build/srs_control/build/lib/srs_control
[1.969s] copying srs_control/coord_transform.py -> /home/colby/srs_ws/build/srs_control/build/lib/srs_control
[1.969s] running install
[1.972s] running install_lib
[1.983s] running install_data
[1.983s] copying resource/srs_control -> /home/colby/srs_ws/install/srs_control/share/ament_index/resource_index/packages
[1.983s] copying package.xml -> /home/colby/srs_ws/install/srs_control/share/srs_control
[1.984s] running install_egg_info
[1.995s] removing '/home/colby/srs_ws/install/srs_control/lib/python3.10/site-packages/srs_control-0.0.0-py3.10.egg-info' (and everything under it)
[1.995s] Copying ../../build/srs_control/srs_control.egg-info to /home/colby/srs_ws/install/srs_control/lib/python3.10/site-packages/srs_control-0.0.0-py3.10.egg-info
[1.996s] running install_scripts
[2.088s] Installing coord_transform script to /home/colby/srs_ws/install/srs_control/lib/srs_control
[2.088s] Installing fruit_pick_check script to /home/colby/srs_ws/install/srs_control/lib/srs_control
[2.088s] Installing fruit_picker script to /home/colby/srs_ws/install/srs_control/lib/srs_control
[2.088s] writing list of installed files to '/home/colby/srs_ws/build/srs_control/install.log'
[2.191s] Invoked command in '/home/colby/srs_ws/src/srs_control' returned '0': PYTHONPATH=/home/colby/srs_ws/build/srs_control/prefix_override:/usr/lib/python3/dist-packages/colcon_core/task/python/colcon_distutils_commands:/home/colby/srs_ws/install/srs_control/lib/python3.10/site-packages:${PYTHONPATH} /usr/bin/python3 -W ignore:setup.py install is deprecated -W ignore:easy_install command is deprecated setup.py egg_info --egg-base ../../build/srs_control build --build-base /home/colby/srs_ws/build/srs_control/build install --record /home/colby/srs_ws/build/srs_control/install.log --single-version-externally-managed install_data
