[2.679s] Invoking command in '/home/colby/srs_ws/src/srs_launch_files': PYTHONPATH=/home/colby/srs_ws/build/srs_launch_files/prefix_override:/usr/lib/python3/dist-packages/colcon_core/task/python/colcon_distutils_commands:/home/colby/srs_ws/install/srs_launch_files/lib/python3.10/site-packages:${PYTHONPATH} /usr/bin/python3 -W ignore:setup.py install is deprecated -W ignore:easy_install command is deprecated setup.py egg_info --egg-base ../../build/srs_launch_files build --build-base /home/colby/srs_ws/build/srs_launch_files/build install --record /home/colby/srs_ws/build/srs_launch_files/install.log --single-version-externally-managed install_data
[3.152s] running egg_info
[3.177s] writing ../../build/srs_launch_files/srs_launch_files.egg-info/PKG-INFO
[3.183s] writing dependency_links to ../../build/srs_launch_files/srs_launch_files.egg-info/dependency_links.txt
[3.183s] writing requirements to ../../build/srs_launch_files/srs_launch_files.egg-info/requires.txt
[3.184s] writing top-level names to ../../build/srs_launch_files/srs_launch_files.egg-info/top_level.txt
[3.236s] reading manifest file '../../build/srs_launch_files/srs_launch_files.egg-info/SOURCES.txt'
[3.238s] writing manifest file '../../build/srs_launch_files/srs_launch_files.egg-info/SOURCES.txt'
[3.239s] running build
[3.241s] running build_py
[3.242s] copying srs_launch_files/__init__.py -> /home/colby/srs_ws/build/srs_launch_files/build/lib/srs_launch_files
[3.242s] running install
[3.251s] running install_lib
[3.284s] running install_data
[3.285s] copying resource/srs_launch_files -> /home/colby/srs_ws/install/srs_launch_files/share/ament_index/resource_index/packages
[3.285s] copying package.xml -> /home/colby/srs_ws/install/srs_launch_files/share/srs_launch_files
[3.286s] copying launch/Test_launch.py -> /home/colby/srs_ws/install/srs_launch_files/share/srs_launch_files/launch
[3.286s] copying launch/start_nodes_launch.py -> /home/colby/srs_ws/install/srs_launch_files/share/srs_launch_files/launch
[3.287s] running install_egg_info
[3.315s] removing '/home/colby/srs_ws/install/srs_launch_files/lib/python3.10/site-packages/srs_launch_files-0.0.0-py3.10.egg-info' (and everything under it)
[3.333s] Copying ../../build/srs_launch_files/srs_launch_files.egg-info to /home/colby/srs_ws/install/srs_launch_files/lib/python3.10/site-packages/srs_launch_files-0.0.0-py3.10.egg-info
[3.340s] running install_scripts
[3.579s] writing list of installed files to '/home/colby/srs_ws/build/srs_launch_files/install.log'
[3.666s] Invoked command in '/home/colby/srs_ws/src/srs_launch_files' returned '0': PYTHONPATH=/home/colby/srs_ws/build/srs_launch_files/prefix_override:/usr/lib/python3/dist-packages/colcon_core/task/python/colcon_distutils_commands:/home/colby/srs_ws/install/srs_launch_files/lib/python3.10/site-packages:${PYTHONPATH} /usr/bin/python3 -W ignore:setup.py install is deprecated -W ignore:easy_install command is deprecated setup.py egg_info --egg-base ../../build/srs_launch_files build --build-base /home/colby/srs_ws/build/srs_launch_files/build install --record /home/colby/srs_ws/build/srs_launch_files/install.log --single-version-externally-managed install_data
